<?xml version="1.0" encoding="UTF-8"?>
<testsuites>
  <testsuite name="/Users/de63386/Documents/Source/SecStore/phpunit.xml" tests="344" assertions="1389" errors="0" failures="0" skipped="2" time="2.017969">
    <testsuite name="Unit" tests="326" assertions="1341" errors="0" failures="0" skipped="1" time="2.016482">
      <testsuite name="Tests\Unit\CorsUtilTest" file="/Users/de63386/Documents/Source/SecStore/tests/Unit/CorsUtilTest.php" tests="4" assertions="8" errors="0" failures="0" skipped="0" time="0.004018">
        <testcase name="testSetAndGetAllowedHosts" file="/Users/de63386/Documents/Source/SecStore/tests/Unit/CorsUtilTest.php" line="18" class="Tests\Unit\CorsUtilTest" classname="Tests.Unit.CorsUtilTest" assertions="2" time="0.001641"/>
        <testcase name="testAllowOriginsAddsHeaderWhenOriginAllowed" file="/Users/de63386/Documents/Source/SecStore/tests/Unit/CorsUtilTest.php" line="27" class="Tests\Unit\CorsUtilTest" classname="Tests.Unit.CorsUtilTest" assertions="2" time="0.000168"/>
        <testcase name="testAllowOriginsDoesNothingWhenOriginNotAllowed" file="/Users/de63386/Documents/Source/SecStore/tests/Unit/CorsUtilTest.php" line="39" class="Tests\Unit\CorsUtilTest" classname="Tests.Unit.CorsUtilTest" assertions="1" time="0.000213"/>
        <testcase name="testSetupCorsHandlesOptionsRequest" file="/Users/de63386/Documents/Source/SecStore/tests/Unit/CorsUtilTest.php" line="54" class="Tests\Unit\CorsUtilTest" classname="Tests.Unit.CorsUtilTest" assertions="3" time="0.001997"/>
      </testsuite>
      <testsuite name="Tests\Unit\InputValidatorTest" file="/Users/de63386/Documents/Source/SecStore/tests/Unit/InputValidatorTest.php" tests="61" assertions="136" errors="0" failures="0" skipped="0" time="0.005181">
        <testcase name="itValidatesRequiredFields" file="/Users/de63386/Documents/Source/SecStore/tests/Unit/InputValidatorTest.php" line="35" class="Tests\Unit\InputValidatorTest" classname="Tests.Unit.InputValidatorTest" assertions="1" time="0.000298"/>
        <testcase name="itRejectsMissingRequiredField" file="/Users/de63386/Documents/Source/SecStore/tests/Unit/InputValidatorTest.php" line="49" class="Tests\Unit\InputValidatorTest" classname="Tests.Unit.InputValidatorTest" assertions="2" time="0.000236"/>
        <testcase name="itRejectsEmptyStringForRequiredField" file="/Users/de63386/Documents/Source/SecStore/tests/Unit/InputValidatorTest.php" line="64" class="Tests\Unit\InputValidatorTest" classname="Tests.Unit.InputValidatorTest" assertions="1" time="0.000081"/>
        <testcase name="itRejectsNullForRequiredField" file="/Users/de63386/Documents/Source/SecStore/tests/Unit/InputValidatorTest.php" line="78" class="Tests\Unit\InputValidatorTest" classname="Tests.Unit.InputValidatorTest" assertions="1" time="0.000075"/>
        <testcase name="itAllowsEmptyValuesForOptionalFields" file="/Users/de63386/Documents/Source/SecStore/tests/Unit/InputValidatorTest.php" line="92" class="Tests\Unit\InputValidatorTest" classname="Tests.Unit.InputValidatorTest" assertions="1" time="0.000101"/>
        <testcase name="itValidatesCorrectEmailFormat" file="/Users/de63386/Documents/Source/SecStore/tests/Unit/InputValidatorTest.php" line="110" class="Tests\Unit\InputValidatorTest" classname="Tests.Unit.InputValidatorTest" assertions="4" time="0.000336"/>
        <testcase name="itRejectsInvalidEmailFormats" file="/Users/de63386/Documents/Source/SecStore/tests/Unit/InputValidatorTest.php" line="129" class="Tests\Unit\InputValidatorTest" classname="Tests.Unit.InputValidatorTest" assertions="5" time="0.000164"/>
        <testcase name="itValidatesMinimumLength" file="/Users/de63386/Documents/Source/SecStore/tests/Unit/InputValidatorTest.php" line="157" class="Tests\Unit\InputValidatorTest" classname="Tests.Unit.InputValidatorTest" assertions="1" time="0.000071"/>
        <testcase name="itRejectsStringsBelowMinimumLength" file="/Users/de63386/Documents/Source/SecStore/tests/Unit/InputValidatorTest.php" line="171" class="Tests\Unit\InputValidatorTest" classname="Tests.Unit.InputValidatorTest" assertions="2" time="0.000074"/>
        <testcase name="itValidatesMaximumLength" file="/Users/de63386/Documents/Source/SecStore/tests/Unit/InputValidatorTest.php" line="186" class="Tests\Unit\InputValidatorTest" classname="Tests.Unit.InputValidatorTest" assertions="1" time="0.000067"/>
        <testcase name="itRejectsStringsExceedingMaximumLength" file="/Users/de63386/Documents/Source/SecStore/tests/Unit/InputValidatorTest.php" line="200" class="Tests\Unit\InputValidatorTest" classname="Tests.Unit.InputValidatorTest" assertions="2" time="0.000074"/>
        <testcase name="itValidatesBothMinAndMaxLength" file="/Users/de63386/Documents/Source/SecStore/tests/Unit/InputValidatorTest.php" line="215" class="Tests\Unit\InputValidatorTest" classname="Tests.Unit.InputValidatorTest" assertions="1" time="0.000070"/>
        <testcase name="itValidatesNumericValues" file="/Users/de63386/Documents/Source/SecStore/tests/Unit/InputValidatorTest.php" line="238" class="Tests\Unit\InputValidatorTest" classname="Tests.Unit.InputValidatorTest" assertions="5" time="0.000075"/>
        <testcase name="itRejectsNonNumericValues" file="/Users/de63386/Documents/Source/SecStore/tests/Unit/InputValidatorTest.php" line="252" class="Tests\Unit\InputValidatorTest" classname="Tests.Unit.InputValidatorTest" assertions="2" time="0.000072"/>
        <testcase name="itValidatesIntegerValues" file="/Users/de63386/Documents/Source/SecStore/tests/Unit/InputValidatorTest.php" line="267" class="Tests\Unit\InputValidatorTest" classname="Tests.Unit.InputValidatorTest" assertions="1" time="0.000070"/>
        <testcase name="itRejectsNonIntegerValues" file="/Users/de63386/Documents/Source/SecStore/tests/Unit/InputValidatorTest.php" line="284" class="Tests\Unit\InputValidatorTest" classname="Tests.Unit.InputValidatorTest" assertions="2" time="0.000072"/>
        <testcase name="itValidatesBooleanValues" file="/Users/de63386/Documents/Source/SecStore/tests/Unit/InputValidatorTest.php" line="303" class="Tests\Unit\InputValidatorTest" classname="Tests.Unit.InputValidatorTest" assertions="8" time="0.000075"/>
        <testcase name="itRejectsInvalidBooleanValues" file="/Users/de63386/Documents/Source/SecStore/tests/Unit/InputValidatorTest.php" line="317" class="Tests\Unit\InputValidatorTest" classname="Tests.Unit.InputValidatorTest" assertions="2" time="0.000072"/>
        <testcase name="itValidatesAlphaOnlyStrings" file="/Users/de63386/Documents/Source/SecStore/tests/Unit/InputValidatorTest.php" line="336" class="Tests\Unit\InputValidatorTest" classname="Tests.Unit.InputValidatorTest" assertions="1" time="0.000067"/>
        <testcase name="itRejectsNonAlphaStrings" file="/Users/de63386/Documents/Source/SecStore/tests/Unit/InputValidatorTest.php" line="350" class="Tests\Unit\InputValidatorTest" classname="Tests.Unit.InputValidatorTest" assertions="2" time="0.000070"/>
        <testcase name="itValidatesAlphanumericStrings" file="/Users/de63386/Documents/Source/SecStore/tests/Unit/InputValidatorTest.php" line="365" class="Tests\Unit\InputValidatorTest" classname="Tests.Unit.InputValidatorTest" assertions="1" time="0.000067"/>
        <testcase name="itRejectsNonAlphanumericStrings" file="/Users/de63386/Documents/Source/SecStore/tests/Unit/InputValidatorTest.php" line="379" class="Tests\Unit\InputValidatorTest" classname="Tests.Unit.InputValidatorTest" assertions="2" time="0.000073"/>
        <testcase name="itValidatesStrongPasswords" file="/Users/de63386/Documents/Source/SecStore/tests/Unit/InputValidatorTest.php" line="398" class="Tests\Unit\InputValidatorTest" classname="Tests.Unit.InputValidatorTest" assertions="3" time="0.000091"/>
        <testcase name="itRejectsPasswordsTooShort" file="/Users/de63386/Documents/Source/SecStore/tests/Unit/InputValidatorTest.php" line="416" class="Tests\Unit\InputValidatorTest" classname="Tests.Unit.InputValidatorTest" assertions="2" time="0.000072"/>
        <testcase name="itRejectsPasswordsWithoutUppercase" file="/Users/de63386/Documents/Source/SecStore/tests/Unit/InputValidatorTest.php" line="431" class="Tests\Unit\InputValidatorTest" classname="Tests.Unit.InputValidatorTest" assertions="2" time="0.000071"/>
        <testcase name="itRejectsPasswordsWithoutLowercase" file="/Users/de63386/Documents/Source/SecStore/tests/Unit/InputValidatorTest.php" line="446" class="Tests\Unit\InputValidatorTest" classname="Tests.Unit.InputValidatorTest" assertions="2" time="0.000071"/>
        <testcase name="itRejectsPasswordsWithoutNumbers" file="/Users/de63386/Documents/Source/SecStore/tests/Unit/InputValidatorTest.php" line="461" class="Tests\Unit\InputValidatorTest" classname="Tests.Unit.InputValidatorTest" assertions="2" time="0.000069"/>
        <testcase name="itRejectsPasswordsWithoutSpecialCharacters" file="/Users/de63386/Documents/Source/SecStore/tests/Unit/InputValidatorTest.php" line="476" class="Tests\Unit\InputValidatorTest" classname="Tests.Unit.InputValidatorTest" assertions="2" time="0.000072"/>
        <testcase name="itValidatesCorrectUsernameFormat" file="/Users/de63386/Documents/Source/SecStore/tests/Unit/InputValidatorTest.php" line="495" class="Tests\Unit\InputValidatorTest" classname="Tests.Unit.InputValidatorTest" assertions="5" time="0.000083"/>
        <testcase name="itRejectsUsernameTooShort" file="/Users/de63386/Documents/Source/SecStore/tests/Unit/InputValidatorTest.php" line="515" class="Tests\Unit\InputValidatorTest" classname="Tests.Unit.InputValidatorTest" assertions="2" time="0.000069"/>
        <testcase name="itRejectsUsernameTooLong" file="/Users/de63386/Documents/Source/SecStore/tests/Unit/InputValidatorTest.php" line="530" class="Tests\Unit\InputValidatorTest" classname="Tests.Unit.InputValidatorTest" assertions="2" time="0.000069"/>
        <testcase name="itRejectsUsernameWithInvalidCharacters" file="/Users/de63386/Documents/Source/SecStore/tests/Unit/InputValidatorTest.php" line="545" class="Tests\Unit\InputValidatorTest" classname="Tests.Unit.InputValidatorTest" assertions="4" time="0.000085"/>
        <testcase name="itRejectsUsernameStartingWithSpecialChar" file="/Users/de63386/Documents/Source/SecStore/tests/Unit/InputValidatorTest.php" line="568" class="Tests\Unit\InputValidatorTest" classname="Tests.Unit.InputValidatorTest" assertions="2" time="0.000076"/>
        <testcase name="itRejectsUsernameEndingWithSpecialChar" file="/Users/de63386/Documents/Source/SecStore/tests/Unit/InputValidatorTest.php" line="583" class="Tests\Unit\InputValidatorTest" classname="Tests.Unit.InputValidatorTest" assertions="1" time="0.000072"/>
        <testcase name="itValidatesCorrectOtpFormat" file="/Users/de63386/Documents/Source/SecStore/tests/Unit/InputValidatorTest.php" line="601" class="Tests\Unit\InputValidatorTest" classname="Tests.Unit.InputValidatorTest" assertions="1" time="0.000072"/>
        <testcase name="itRejectsOtpWithWrongLength" file="/Users/de63386/Documents/Source/SecStore/tests/Unit/InputValidatorTest.php" line="615" class="Tests\Unit\InputValidatorTest" classname="Tests.Unit.InputValidatorTest" assertions="3" time="0.000074"/>
        <testcase name="itRejectsOtpWithNonNumericCharacters" file="/Users/de63386/Documents/Source/SecStore/tests/Unit/InputValidatorTest.php" line="633" class="Tests\Unit\InputValidatorTest" classname="Tests.Unit.InputValidatorTest" assertions="2" time="0.000070"/>
        <testcase name="itValidatesCorrectUrlFormat" file="/Users/de63386/Documents/Source/SecStore/tests/Unit/InputValidatorTest.php" line="652" class="Tests\Unit\InputValidatorTest" classname="Tests.Unit.InputValidatorTest" assertions="4" time="0.000071"/>
        <testcase name="itRejectsInvalidUrlFormat" file="/Users/de63386/Documents/Source/SecStore/tests/Unit/InputValidatorTest.php" line="671" class="Tests\Unit\InputValidatorTest" classname="Tests.Unit.InputValidatorTest" assertions="2" time="0.000069"/>
        <testcase name="itValidatesCorrectRoleName" file="/Users/de63386/Documents/Source/SecStore/tests/Unit/InputValidatorTest.php" line="690" class="Tests\Unit\InputValidatorTest" classname="Tests.Unit.InputValidatorTest" assertions="4" time="0.000075"/>
        <testcase name="itRejectsRoleNameTooShort" file="/Users/de63386/Documents/Source/SecStore/tests/Unit/InputValidatorTest.php" line="704" class="Tests\Unit\InputValidatorTest" classname="Tests.Unit.InputValidatorTest" assertions="2" time="0.000069"/>
        <testcase name="itRejectsRoleNameTooLong" file="/Users/de63386/Documents/Source/SecStore/tests/Unit/InputValidatorTest.php" line="719" class="Tests\Unit\InputValidatorTest" classname="Tests.Unit.InputValidatorTest" assertions="2" time="0.000070"/>
        <testcase name="itValidatesValueInAllowedList" file="/Users/de63386/Documents/Source/SecStore/tests/Unit/InputValidatorTest.php" line="738" class="Tests\Unit\InputValidatorTest" classname="Tests.Unit.InputValidatorTest" assertions="1" time="0.000071"/>
        <testcase name="itRejectsValueNotInAllowedList" file="/Users/de63386/Documents/Source/SecStore/tests/Unit/InputValidatorTest.php" line="752" class="Tests\Unit\InputValidatorTest" classname="Tests.Unit.InputValidatorTest" assertions="2" time="0.000070"/>
        <testcase name="itValidatesValueNotInBlacklist" file="/Users/de63386/Documents/Source/SecStore/tests/Unit/InputValidatorTest.php" line="767" class="Tests\Unit\InputValidatorTest" classname="Tests.Unit.InputValidatorTest" assertions="1" time="0.000068"/>
        <testcase name="itRejectsValueInBlacklist" file="/Users/de63386/Documents/Source/SecStore/tests/Unit/InputValidatorTest.php" line="781" class="Tests\Unit\InputValidatorTest" classname="Tests.Unit.InputValidatorTest" assertions="2" time="0.000069"/>
        <testcase name="itValidatesValueMatchingRegex" file="/Users/de63386/Documents/Source/SecStore/tests/Unit/InputValidatorTest.php" line="800" class="Tests\Unit\InputValidatorTest" classname="Tests.Unit.InputValidatorTest" assertions="1" time="0.000069"/>
        <testcase name="itRejectsValueNotMatchingRegex" file="/Users/de63386/Documents/Source/SecStore/tests/Unit/InputValidatorTest.php" line="814" class="Tests\Unit\InputValidatorTest" classname="Tests.Unit.InputValidatorTest" assertions="2" time="0.000070"/>
        <testcase name="itTrimsWhitespaceFromStrings" file="/Users/de63386/Documents/Source/SecStore/tests/Unit/InputValidatorTest.php" line="833" class="Tests\Unit\InputValidatorTest" classname="Tests.Unit.InputValidatorTest" assertions="1" time="0.000066"/>
        <testcase name="itEncodesHtmlSpecialCharacters" file="/Users/de63386/Documents/Source/SecStore/tests/Unit/InputValidatorTest.php" line="847" class="Tests\Unit\InputValidatorTest" classname="Tests.Unit.InputValidatorTest" assertions="2" time="0.000068"/>
        <testcase name="itValidatesMultipleRulesOnSingleField" file="/Users/de63386/Documents/Source/SecStore/tests/Unit/InputValidatorTest.php" line="866" class="Tests\Unit\InputValidatorTest" classname="Tests.Unit.InputValidatorTest" assertions="1" time="0.000070"/>
        <testcase name="itValidatesMultipleFields" file="/Users/de63386/Documents/Source/SecStore/tests/Unit/InputValidatorTest.php" line="887" class="Tests\Unit\InputValidatorTest" classname="Tests.Unit.InputValidatorTest" assertions="3" time="0.000072"/>
        <testcase name="itReturnsPartialResultsInNonStrictMode" file="/Users/de63386/Documents/Source/SecStore/tests/Unit/InputValidatorTest.php" line="915" class="Tests\Unit\InputValidatorTest" classname="Tests.Unit.InputValidatorTest" assertions="1" time="0.000075"/>
        <testcase name="itHasLoginRulesDefinition" file="/Users/de63386/Documents/Source/SecStore/tests/Unit/InputValidatorTest.php" line="940" class="Tests\Unit\InputValidatorTest" classname="Tests.Unit.InputValidatorTest" assertions="3" time="0.000067"/>
        <testcase name="itHasRegistrationRulesDefinition" file="/Users/de63386/Documents/Source/SecStore/tests/Unit/InputValidatorTest.php" line="952" class="Tests\Unit\InputValidatorTest" classname="Tests.Unit.InputValidatorTest" assertions="4" time="0.000065"/>
        <testcase name="itHasPasswordResetRulesDefinition" file="/Users/de63386/Documents/Source/SecStore/tests/Unit/InputValidatorTest.php" line="965" class="Tests\Unit\InputValidatorTest" classname="Tests.Unit.InputValidatorTest" assertions="3" time="0.000066"/>
        <testcase name="itHas2FaVerificationRulesDefinition" file="/Users/de63386/Documents/Source/SecStore/tests/Unit/InputValidatorTest.php" line="977" class="Tests\Unit\InputValidatorTest" classname="Tests.Unit.InputValidatorTest" assertions="2" time="0.000066"/>
        <testcase name="itHasAdminUserRulesDefinition" file="/Users/de63386/Documents/Source/SecStore/tests/Unit/InputValidatorTest.php" line="988" class="Tests\Unit\InputValidatorTest" classname="Tests.Unit.InputValidatorTest" assertions="3" time="0.000064"/>
        <testcase name="itHandlesEmptyRulesArray" file="/Users/de63386/Documents/Source/SecStore/tests/Unit/InputValidatorTest.php" line="1004" class="Tests\Unit\InputValidatorTest" classname="Tests.Unit.InputValidatorTest" assertions="2" time="0.000110"/>
        <testcase name="itHandlesEmptyDataArray" file="/Users/de63386/Documents/Source/SecStore/tests/Unit/InputValidatorTest.php" line="1019" class="Tests\Unit\InputValidatorTest" classname="Tests.Unit.InputValidatorTest" assertions="1" time="0.000065"/>
        <testcase name="itValidatesComplexRealWorldScenario" file="/Users/de63386/Documents/Source/SecStore/tests/Unit/InputValidatorTest.php" line="1033" class="Tests\Unit\InputValidatorTest" classname="Tests.Unit.InputValidatorTest" assertions="4" time="0.000078"/>
      </testsuite>
      <testsuite name="Tests\Unit\LdapUtilTest" file="/Users/de63386/Documents/Source/SecStore/tests/Unit/LdapUtilTest.php" tests="25" assertions="47" errors="0" failures="0" skipped="1" time="0.002736">
        <testcase name="itHasDefaultConfigurationValues" file="/Users/de63386/Documents/Source/SecStore/tests/Unit/LdapUtilTest.php" line="87" class="Tests\Unit\LdapUtilTest" classname="Tests.Unit.LdapUtilTest" assertions="6" time="0.000168"/>
        <testcase name="itValidatesLdapPortIsWithinValidRange" file="/Users/de63386/Documents/Source/SecStore/tests/Unit/LdapUtilTest.php" line="109" class="Tests\Unit\LdapUtilTest" classname="Tests.Unit.LdapUtilTest" assertions="3" time="0.000282"/>
        <testcase name="itUsesStandardLdapPorts" file="/Users/de63386/Documents/Source/SecStore/tests/Unit/LdapUtilTest.php" line="120" class="Tests\Unit\LdapUtilTest" classname="Tests.Unit.LdapUtilTest" assertions="1" time="0.000128"/>
        <testcase name="itValidatesLdapHostFormat" file="/Users/de63386/Documents/Source/SecStore/tests/Unit/LdapUtilTest.php" line="131" class="Tests\Unit\LdapUtilTest" classname="Tests.Unit.LdapUtilTest" assertions="1" time="0.000093"/>
        <testcase name="itValidatesTimeoutIsReasonable" file="/Users/de63386/Documents/Source/SecStore/tests/Unit/LdapUtilTest.php" line="145" class="Tests\Unit\LdapUtilTest" classname="Tests.Unit.LdapUtilTest" assertions="4" time="0.000082"/>
        <testcase name="itValidatesDomainPrefixFormat" file="/Users/de63386/Documents/Source/SecStore/tests/Unit/LdapUtilTest.php" line="156" class="Tests\Unit\LdapUtilTest" classname="Tests.Unit.LdapUtilTest" assertions="2" time="0.000105"/>
        <testcase name="itRejectsEmptyUsername" file="/Users/de63386/Documents/Source/SecStore/tests/Unit/LdapUtilTest.php" line="179" class="Tests\Unit\LdapUtilTest" classname="Tests.Unit.LdapUtilTest" assertions="1" time="0.000145"/>
        <testcase name="itRejectsEmptyPassword" file="/Users/de63386/Documents/Source/SecStore/tests/Unit/LdapUtilTest.php" line="193" class="Tests\Unit\LdapUtilTest" classname="Tests.Unit.LdapUtilTest" assertions="1" time="0.000103"/>
        <testcase name="itRejectsBothEmptyCredentials" file="/Users/de63386/Documents/Source/SecStore/tests/Unit/LdapUtilTest.php" line="207" class="Tests\Unit\LdapUtilTest" classname="Tests.Unit.LdapUtilTest" assertions="1" time="0.000101"/>
        <testcase name="itRejectsWhitespaceOnlyUsername" file="/Users/de63386/Documents/Source/SecStore/tests/Unit/LdapUtilTest.php" line="221" class="Tests\Unit\LdapUtilTest" classname="Tests.Unit.LdapUtilTest" assertions="1" time="0.000100"/>
        <testcase name="itRejectsWhitespaceOnlyPassword" file="/Users/de63386/Documents/Source/SecStore/tests/Unit/LdapUtilTest.php" line="235" class="Tests\Unit\LdapUtilTest" classname="Tests.Unit.LdapUtilTest" assertions="1" time="0.000100"/>
        <testcase name="itHandlesNullUsernameSafely" file="/Users/de63386/Documents/Source/SecStore/tests/Unit/LdapUtilTest.php" line="249" class="Tests\Unit\LdapUtilTest" classname="Tests.Unit.LdapUtilTest" assertions="1" time="0.000101"/>
        <testcase name="itHandlesNullPasswordSafely" file="/Users/de63386/Documents/Source/SecStore/tests/Unit/LdapUtilTest.php" line="263" class="Tests\Unit\LdapUtilTest" classname="Tests.Unit.LdapUtilTest" assertions="1" time="0.000102"/>
        <testcase name="itConstructsBindDnWithDomainPrefix" file="/Users/de63386/Documents/Source/SecStore/tests/Unit/LdapUtilTest.php" line="281" class="Tests\Unit\LdapUtilTest" classname="Tests.Unit.LdapUtilTest" assertions="1" time="0.000072"/>
        <testcase name="itConstructsBindDnWithoutDomainPrefix" file="/Users/de63386/Documents/Source/SecStore/tests/Unit/LdapUtilTest.php" line="295" class="Tests\Unit\LdapUtilTest" classname="Tests.Unit.LdapUtilTest" assertions="1" time="0.000070"/>
        <testcase name="itHandlesSpecialCharactersInUsername" file="/Users/de63386/Documents/Source/SecStore/tests/Unit/LdapUtilTest.php" line="309" class="Tests\Unit\LdapUtilTest" classname="Tests.Unit.LdapUtilTest" assertions="4" time="0.000074"/>
        <testcase name="itPreservesCaseInUsername" file="/Users/de63386/Documents/Source/SecStore/tests/Unit/LdapUtilTest.php" line="328" class="Tests\Unit\LdapUtilTest" classname="Tests.Unit.LdapUtilTest" assertions="2" time="0.000070"/>
        <testcase name="itValidatesLdapInjectionAttempts" file="/Users/de63386/Documents/Source/SecStore/tests/Unit/LdapUtilTest.php" line="343" class="Tests\Unit\LdapUtilTest" classname="Tests.Unit.LdapUtilTest" assertions="4" time="0.000082"/>
        <testcase name="itHandlesMissingConfigFileGracefully" file="/Users/de63386/Documents/Source/SecStore/tests/Unit/LdapUtilTest.php" line="369" class="Tests\Unit\LdapUtilTest" classname="Tests.Unit.LdapUtilTest" assertions="1" time="0.000081"/>
        <testcase name="itValidatesLdapHostIsNotEmpty" file="/Users/de63386/Documents/Source/SecStore/tests/Unit/LdapUtilTest.php" line="380" class="Tests\Unit\LdapUtilTest" classname="Tests.Unit.LdapUtilTest" assertions="1" time="0.000081"/>
        <testcase name="itUsesLdapProtocolVersion3" file="/Users/de63386/Documents/Source/SecStore/tests/Unit/LdapUtilTest.php" line="394" class="Tests\Unit\LdapUtilTest" classname="Tests.Unit.LdapUtilTest" assertions="1" time="0.000073"/>
        <testcase name="itHasReasonableNetworkTimeout" file="/Users/de63386/Documents/Source/SecStore/tests/Unit/LdapUtilTest.php" line="414" class="Tests\Unit\LdapUtilTest" classname="Tests.Unit.LdapUtilTest" assertions="4" time="0.000087"/>
        <testcase name="itReturnsBooleanFromAuthenticate" file="/Users/de63386/Documents/Source/SecStore/tests/Unit/LdapUtilTest.php" line="429" class="Tests\Unit\LdapUtilTest" classname="Tests.Unit.LdapUtilTest" assertions="1" time="0.000107"/>
        <testcase name="itReturnsFalseForInvalidInput" file="/Users/de63386/Documents/Source/SecStore/tests/Unit/LdapUtilTest.php" line="443" class="Tests\Unit\LdapUtilTest" classname="Tests.Unit.LdapUtilTest" assertions="3" time="0.000152"/>
        <testcase name="itDocumentsIntegrationTestRequirements" file="/Users/de63386/Documents/Source/SecStore/tests/Unit/LdapUtilTest.php" line="495" class="Tests\Unit\LdapUtilTest" classname="Tests.Unit.LdapUtilTest" assertions="0" time="0.000175">
          <skipped/>
        </testcase>
      </testsuite>
      <testsuite name="Tests\Unit\LogUtilTest" file="/Users/de63386/Documents/Source/SecStore/tests/Unit/LogUtilTest.php" tests="36" assertions="128" errors="0" failures="0" skipped="0" time="1.021209">
        <testcase name="itLoadsConfigurationLazily" file="/Users/de63386/Documents/Source/SecStore/tests/Unit/LogUtilTest.php" line="127" class="Tests\Unit\LogUtilTest" classname="Tests.Unit.LogUtilTest" assertions="4" time="0.000318"/>
        <testcase name="itDoesNotReloadConfigurationIfAlreadyLoaded" file="/Users/de63386/Documents/Source/SecStore/tests/Unit/LogUtilTest.php" line="143" class="Tests\Unit\LogUtilTest" classname="Tests.Unit.LogUtilTest" assertions="1" time="0.000179"/>
        <testcase name="itLoadsLoggingConfigurationWithAllFlags" file="/Users/de63386/Documents/Source/SecStore/tests/Unit/LogUtilTest.php" line="158" class="Tests\Unit\LogUtilTest" classname="Tests.Unit.LogUtilTest" assertions="12" time="0.000171"/>
        <testcase name="itValidatesAllLogTypesExist" file="/Users/de63386/Documents/Source/SecStore/tests/Unit/LogUtilTest.php" line="185" class="Tests\Unit\LogUtilTest" classname="Tests.Unit.LogUtilTest" assertions="14" time="0.000256"/>
        <testcase name="itCreatesLogTypesFromEnum" file="/Users/de63386/Documents/Source/SecStore/tests/Unit/LogUtilTest.php" line="207" class="Tests\Unit\LogUtilTest" classname="Tests.Unit.LogUtilTest" assertions="7" time="0.000169"/>
        <testcase name="itDeterminesIfSqlLoggingIsEnabled" file="/Users/de63386/Documents/Source/SecStore/tests/Unit/LogUtilTest.php" line="224" class="Tests\Unit\LogUtilTest" classname="Tests.Unit.LogUtilTest" assertions="2" time="0.000169"/>
        <testcase name="itDeterminesIfRequestLoggingIsEnabled" file="/Users/de63386/Documents/Source/SecStore/tests/Unit/LogUtilTest.php" line="236" class="Tests\Unit\LogUtilTest" classname="Tests.Unit.LogUtilTest" assertions="1" time="0.000161"/>
        <testcase name="itAlwaysLogsErrorTypeRegardlessOfConfig" file="/Users/de63386/Documents/Source/SecStore/tests/Unit/LogUtilTest.php" line="246" class="Tests\Unit\LogUtilTest" classname="Tests.Unit.LogUtilTest" assertions="1" time="0.000164"/>
        <testcase name="itValidatesLogTypeFilteringLogic" file="/Users/de63386/Documents/Source/SecStore/tests/Unit/LogUtilTest.php" line="269" class="Tests\Unit\LogUtilTest" classname="Tests.Unit.LogUtilTest" assertions="6" time="0.000160"/>
        <testcase name="itExtractsIpFromRemoteAddr" file="/Users/de63386/Documents/Source/SecStore/tests/Unit/LogUtilTest.php" line="296" class="Tests\Unit\LogUtilTest" classname="Tests.Unit.LogUtilTest" assertions="1" time="0.000156"/>
        <testcase name="itPrefersXForwardedForIfAvailable" file="/Users/de63386/Documents/Source/SecStore/tests/Unit/LogUtilTest.php" line="311" class="Tests\Unit\LogUtilTest" classname="Tests.Unit.LogUtilTest" assertions="1" time="0.000164"/>
        <testcase name="itHandlesMultipleIpsInXForwardedFor" file="/Users/de63386/Documents/Source/SecStore/tests/Unit/LogUtilTest.php" line="325" class="Tests\Unit\LogUtilTest" classname="Tests.Unit.LogUtilTest" assertions="1" time="0.000174"/>
        <testcase name="itFallsBackToUnknownIfNoIpAvailable" file="/Users/de63386/Documents/Source/SecStore/tests/Unit/LogUtilTest.php" line="338" class="Tests\Unit\LogUtilTest" classname="Tests.Unit.LogUtilTest" assertions="1" time="0.000158"/>
        <testcase name="itValidatesIpv4Addresses" file="/Users/de63386/Documents/Source/SecStore/tests/Unit/LogUtilTest.php" line="353" class="Tests\Unit\LogUtilTest" classname="Tests.Unit.LogUtilTest" assertions="5" time="0.000207"/>
        <testcase name="itValidatesIpv6Addresses" file="/Users/de63386/Documents/Source/SecStore/tests/Unit/LogUtilTest.php" line="374" class="Tests\Unit\LogUtilTest" classname="Tests.Unit.LogUtilTest" assertions="3" time="0.000162"/>
        <testcase name="itFormatsContextStringCorrectly" file="/Users/de63386/Documents/Source/SecStore/tests/Unit/LogUtilTest.php" line="394" class="Tests\Unit\LogUtilTest" classname="Tests.Unit.LogUtilTest" assertions="2" time="0.000160"/>
        <testcase name="itHandlesEmptyMethodInContext" file="/Users/de63386/Documents/Source/SecStore/tests/Unit/LogUtilTest.php" line="409" class="Tests\Unit\LogUtilTest" classname="Tests.Unit.LogUtilTest" assertions="1" time="0.000157"/>
        <testcase name="itHandlesNestedFilePathsInContext" file="/Users/de63386/Documents/Source/SecStore/tests/Unit/LogUtilTest.php" line="423" class="Tests\Unit\LogUtilTest" classname="Tests.Unit.LogUtilTest" assertions="2" time="0.000162"/>
        <testcase name="itCreatesLogDirectoryIfNotExists" file="/Users/de63386/Documents/Source/SecStore/tests/Unit/LogUtilTest.php" line="442" class="Tests\Unit\LogUtilTest" classname="Tests.Unit.LogUtilTest" assertions="2" time="0.000281"/>
        <testcase name="itUsesCorrectFilePermissionsForLogDirectory" file="/Users/de63386/Documents/Source/SecStore/tests/Unit/LogUtilTest.php" line="461" class="Tests\Unit\LogUtilTest" classname="Tests.Unit.LogUtilTest" assertions="1" time="0.000237"/>
        <testcase name="itFormatsLogMessageWithTimestamp" file="/Users/de63386/Documents/Source/SecStore/tests/Unit/LogUtilTest.php" line="478" class="Tests\Unit\LogUtilTest" classname="Tests.Unit.LogUtilTest" assertions="3" time="0.000206"/>
        <testcase name="itAppendsToLogFile" file="/Users/de63386/Documents/Source/SecStore/tests/Unit/LogUtilTest.php" line="494" class="Tests\Unit\LogUtilTest" classname="Tests.Unit.LogUtilTest" assertions="2" time="0.000424"/>
        <testcase name="itUsesFileLockingWhenWriting" file="/Users/de63386/Documents/Source/SecStore/tests/Unit/LogUtilTest.php" line="515" class="Tests\Unit\LogUtilTest" classname="Tests.Unit.LogUtilTest" assertions="2" time="0.000379"/>
        <testcase name="itValidatesLogMessageIsString" file="/Users/de63386/Documents/Source/SecStore/tests/Unit/LogUtilTest.php" line="537" class="Tests\Unit\LogUtilTest" classname="Tests.Unit.LogUtilTest" assertions="3" time="0.000176"/>
        <testcase name="itHandlesEmptyLogMessages" file="/Users/de63386/Documents/Source/SecStore/tests/Unit/LogUtilTest.php" line="553" class="Tests\Unit\LogUtilTest" classname="Tests.Unit.LogUtilTest" assertions="2" time="0.000170"/>
        <testcase name="itHandlesMultilineLogMessages" file="/Users/de63386/Documents/Source/SecStore/tests/Unit/LogUtilTest.php" line="564" class="Tests\Unit\LogUtilTest" classname="Tests.Unit.LogUtilTest" assertions="3" time="0.000264"/>
        <testcase name="itHandlesUnicodeInLogMessages" file="/Users/de63386/Documents/Source/SecStore/tests/Unit/LogUtilTest.php" line="577" class="Tests\Unit\LogUtilTest" classname="Tests.Unit.LogUtilTest" assertions="8" time="0.000173"/>
        <testcase name="itDefaultsToAnonymousUserWhenNoSession" file="/Users/de63386/Documents/Source/SecStore/tests/Unit/LogUtilTest.php" line="599" class="Tests\Unit\LogUtilTest" classname="Tests.Unit.LogUtilTest" assertions="1" time="0.000184"/>
        <testcase name="itExtractsUsernameFromSession" file="/Users/de63386/Documents/Source/SecStore/tests/Unit/LogUtilTest.php" line="612" class="Tests\Unit\LogUtilTest" classname="Tests.Unit.LogUtilTest" assertions="1" time="0.000164"/>
        <testcase name="itFormatsDatetimeCorrectly" file="/Users/de63386/Documents/Source/SecStore/tests/Unit/LogUtilTest.php" line="629" class="Tests\Unit\LogUtilTest" classname="Tests.Unit.LogUtilTest" assertions="1" time="0.000185"/>
        <testcase name="itUsesConsistentDatetimeFormat" file="/Users/de63386/Documents/Source/SecStore/tests/Unit/LogUtilTest.php" line="642" class="Tests\Unit\LogUtilTest" classname="Tests.Unit.LogUtilTest" assertions="2" time="1.007578"/>
        <testcase name="itValidatesPaginationParameters" file="/Users/de63386/Documents/Source/SecStore/tests/Unit/LogUtilTest.php" line="668" class="Tests\Unit\LogUtilTest" classname="Tests.Unit.LogUtilTest" assertions="4" time="0.002079"/>
        <testcase name="itCalculatesOffsetCorrectly" file="/Users/de63386/Documents/Source/SecStore/tests/Unit/LogUtilTest.php" line="681" class="Tests\Unit\LogUtilTest" classname="Tests.Unit.LogUtilTest" assertions="4" time="0.001635"/>
        <testcase name="itHandlesVeryLongLogMessages" file="/Users/de63386/Documents/Source/SecStore/tests/Unit/LogUtilTest.php" line="703" class="Tests\Unit\LogUtilTest" classname="Tests.Unit.LogUtilTest" assertions="2" time="0.002497"/>
        <testcase name="itHandlesSpecialCharactersInContext" file="/Users/de63386/Documents/Source/SecStore/tests/Unit/LogUtilTest.php" line="714" class="Tests\Unit\LogUtilTest" classname="Tests.Unit.LogUtilTest" assertions="8" time="0.000776"/>
        <testcase name="itValidatesLogTypeEnumValuesAreStrings" file="/Users/de63386/Documents/Source/SecStore/tests/Unit/LogUtilTest.php" line="732" class="Tests\Unit\LogUtilTest" classname="Tests.Unit.LogUtilTest" assertions="14" time="0.000555"/>
      </testsuite>
      <testsuite name="Tests\Unit\LoginAnalyticsTest" file="/Users/de63386/Documents/Source/SecStore/tests/Unit/LoginAnalyticsTest.php" tests="28" assertions="566" errors="0" failures="0" skipped="0" time="0.006210">
        <testcase name="itCreatesHeatmapMatrixWithCorrectDimensions" file="/Users/de63386/Documents/Source/SecStore/tests/Unit/LoginAnalyticsTest.php" line="63" class="Tests\Unit\LoginAnalyticsTest" classname="Tests.Unit.LoginAnalyticsTest" assertions="8" time="0.000967"/>
        <testcase name="itInitializesHeatmapMatrixWithZeros" file="/Users/de63386/Documents/Source/SecStore/tests/Unit/LoginAnalyticsTest.php" line="77" class="Tests\Unit\LoginAnalyticsTest" classname="Tests.Unit.LoginAnalyticsTest" assertions="168" time="0.000283"/>
        <testcase name="itPopulatesHeatmapMatrixCorrectly" file="/Users/de63386/Documents/Source/SecStore/tests/Unit/LoginAnalyticsTest.php" line="91" class="Tests\Unit\LoginAnalyticsTest" classname="Tests.Unit.LoginAnalyticsTest" assertions="3" time="0.000219"/>
        <testcase name="itValidatesDayOfWeekIndices" file="/Users/de63386/Documents/Source/SecStore/tests/Unit/LoginAnalyticsTest.php" line="119" class="Tests\Unit\LoginAnalyticsTest" classname="Tests.Unit.LoginAnalyticsTest" assertions="7" time="0.000173"/>
        <testcase name="itValidatesHourOfDayIndices" file="/Users/de63386/Documents/Source/SecStore/tests/Unit/LoginAnalyticsTest.php" line="140" class="Tests\Unit\LoginAnalyticsTest" classname="Tests.Unit.LoginAnalyticsTest" assertions="5" time="0.000168"/>
        <testcase name="itFindsPeakActivitySlot" file="/Users/de63386/Documents/Source/SecStore/tests/Unit/LoginAnalyticsTest.php" line="163" class="Tests\Unit\LoginAnalyticsTest" classname="Tests.Unit.LoginAnalyticsTest" assertions="10" time="0.000204"/>
        <testcase name="itHandlesMultipleEqualPeaks" file="/Users/de63386/Documents/Source/SecStore/tests/Unit/LoginAnalyticsTest.php" line="192" class="Tests\Unit\LoginAnalyticsTest" classname="Tests.Unit.LoginAnalyticsTest" assertions="6" time="0.000190"/>
        <testcase name="itHandlesMatrixWithNoActivity" file="/Users/de63386/Documents/Source/SecStore/tests/Unit/LoginAnalyticsTest.php" line="215" class="Tests\Unit\LoginAnalyticsTest" classname="Tests.Unit.LoginAnalyticsTest" assertions="5" time="0.000178"/>
        <testcase name="itFormatsPeakActivityWithReadableNames" file="/Users/de63386/Documents/Source/SecStore/tests/Unit/LoginAnalyticsTest.php" line="232" class="Tests\Unit\LoginAnalyticsTest" classname="Tests.Unit.LoginAnalyticsTest" assertions="2" time="0.000153"/>
        <testcase name="itFindsQuietPeriods" file="/Users/de63386/Documents/Source/SecStore/tests/Unit/LoginAnalyticsTest.php" line="253" class="Tests\Unit\LoginAnalyticsTest" classname="Tests.Unit.LoginAnalyticsTest" assertions="3" time="0.000239"/>
        <testcase name="itIdentifiesLowActivityAsQuiet" file="/Users/de63386/Documents/Source/SecStore/tests/Unit/LoginAnalyticsTest.php" line="278" class="Tests\Unit\LoginAnalyticsTest" classname="Tests.Unit.LoginAnalyticsTest" assertions="2" time="0.000160"/>
        <testcase name="itCreatesHourlyDistributionStructure" file="/Users/de63386/Documents/Source/SecStore/tests/Unit/LoginAnalyticsTest.php" line="299" class="Tests\Unit\LoginAnalyticsTest" classname="Tests.Unit.LoginAnalyticsTest" assertions="169" time="0.000227"/>
        <testcase name="itFormatsHourLabelsCorrectly" file="/Users/de63386/Documents/Source/SecStore/tests/Unit/LoginAnalyticsTest.php" line="320" class="Tests\Unit\LoginAnalyticsTest" classname="Tests.Unit.LoginAnalyticsTest" assertions="5" time="0.000150"/>
        <testcase name="itCalculatesLoginDistributionCorrectly" file="/Users/de63386/Documents/Source/SecStore/tests/Unit/LoginAnalyticsTest.php" line="339" class="Tests\Unit\LoginAnalyticsTest" classname="Tests.Unit.LoginAnalyticsTest" assertions="4" time="0.000166"/>
        <testcase name="itCalculatesSuccessRateCorrectly" file="/Users/de63386/Documents/Source/SecStore/tests/Unit/LoginAnalyticsTest.php" line="373" class="Tests\Unit\LoginAnalyticsTest" classname="Tests.Unit.LoginAnalyticsTest" assertions="5" time="0.000178"/>
        <testcase name="itFormatsWeekLabelsCorrectly" file="/Users/de63386/Documents/Source/SecStore/tests/Unit/LoginAnalyticsTest.php" line="396" class="Tests\Unit\LoginAnalyticsTest" classname="Tests.Unit.LoginAnalyticsTest" assertions="3" time="0.000178"/>
        <testcase name="itValidatesWeekDateRanges" file="/Users/de63386/Documents/Source/SecStore/tests/Unit/LoginAnalyticsTest.php" line="412" class="Tests\Unit\LoginAnalyticsTest" classname="Tests.Unit.LoginAnalyticsTest" assertions="13" time="0.000203"/>
        <testcase name="itDetectsUnusualLoginSpikes" file="/Users/de63386/Documents/Source/SecStore/tests/Unit/LoginAnalyticsTest.php" line="443" class="Tests\Unit\LoginAnalyticsTest" classname="Tests.Unit.LoginAnalyticsTest" assertions="1" time="0.000146"/>
        <testcase name="itDetectsUnusualTimePeriods" file="/Users/de63386/Documents/Source/SecStore/tests/Unit/LoginAnalyticsTest.php" line="458" class="Tests\Unit\LoginAnalyticsTest" classname="Tests.Unit.LoginAnalyticsTest" assertions="2" time="0.000155"/>
        <testcase name="itDetectsUnusualFailedLoginRatio" file="/Users/de63386/Documents/Source/SecStore/tests/Unit/LoginAnalyticsTest.php" line="479" class="Tests\Unit\LoginAnalyticsTest" classname="Tests.Unit.LoginAnalyticsTest" assertions="3" time="0.000148"/>
        <testcase name="itReturnsValidHeatmapDataStructure" file="/Users/de63386/Documents/Source/SecStore/tests/Unit/LoginAnalyticsTest.php" line="505" class="Tests\Unit\LoginAnalyticsTest" classname="Tests.Unit.LoginAnalyticsTest" assertions="5" time="0.000165"/>
        <testcase name="itReturnsValidHourlyDataStructure" file="/Users/de63386/Documents/Source/SecStore/tests/Unit/LoginAnalyticsTest.php" line="526" class="Tests\Unit\LoginAnalyticsTest" classname="Tests.Unit.LoginAnalyticsTest" assertions="98" time="0.000199"/>
        <testcase name="itHandlesZeroLogins" file="/Users/de63386/Documents/Source/SecStore/tests/Unit/LoginAnalyticsTest.php" line="548" class="Tests\Unit\LoginAnalyticsTest" classname="Tests.Unit.LoginAnalyticsTest" assertions="1" time="0.000168"/>
        <testcase name="itHandlesVeryHighLoginCounts" file="/Users/de63386/Documents/Source/SecStore/tests/Unit/LoginAnalyticsTest.php" line="564" class="Tests\Unit\LoginAnalyticsTest" classname="Tests.Unit.LoginAnalyticsTest" assertions="4" time="0.000185"/>
        <testcase name="itHandlesTimestampsAcrossDifferentTimezones" file="/Users/de63386/Documents/Source/SecStore/tests/Unit/LoginAnalyticsTest.php" line="583" class="Tests\Unit\LoginAnalyticsTest" classname="Tests.Unit.LoginAnalyticsTest" assertions="10" time="0.000225"/>
        <testcase name="itValidatesDaysParameterRange" file="/Users/de63386/Documents/Source/SecStore/tests/Unit/LoginAnalyticsTest.php" line="602" class="Tests\Unit\LoginAnalyticsTest" classname="Tests.Unit.LoginAnalyticsTest" assertions="21" time="0.000223"/>
        <testcase name="itCalculatesDateRangesCorrectly" file="/Users/de63386/Documents/Source/SecStore/tests/Unit/LoginAnalyticsTest.php" line="626" class="Tests\Unit\LoginAnalyticsTest" classname="Tests.Unit.LoginAnalyticsTest" assertions="1" time="0.000391"/>
        <testcase name="itHandlesMonthBoundariesCorrectly" file="/Users/de63386/Documents/Source/SecStore/tests/Unit/LoginAnalyticsTest.php" line="641" class="Tests\Unit\LoginAnalyticsTest" classname="Tests.Unit.LoginAnalyticsTest" assertions="2" time="0.000169"/>
      </testsuite>
      <testsuite name="Tests\Unit\MailUtilTest" file="/Users/de63386/Documents/Source/SecStore/tests/Unit/MailUtilTest.php" tests="28" assertions="130" errors="0" failures="0" skipped="0" time="0.004163">
        <testcase name="itLoadsConfigurationLazily" file="/Users/de63386/Documents/Source/SecStore/tests/Unit/MailUtilTest.php" line="102" class="Tests\Unit\MailUtilTest" classname="Tests.Unit.MailUtilTest" assertions="3" time="0.000373"/>
        <testcase name="itDoesNotReloadConfigurationIfAlreadyLoaded" file="/Users/de63386/Documents/Source/SecStore/tests/Unit/MailUtilTest.php" line="117" class="Tests\Unit\MailUtilTest" classname="Tests.Unit.MailUtilTest" assertions="1" time="0.000149"/>
        <testcase name="itLoadsMailConfigurationWithRequiredKeys" file="/Users/de63386/Documents/Source/SecStore/tests/Unit/MailUtilTest.php" line="132" class="Tests\Unit\MailUtilTest" classname="Tests.Unit.MailUtilTest" assertions="8" time="0.000140"/>
        <testcase name="itValidatesSmtpConfigurationStructure" file="/Users/de63386/Documents/Source/SecStore/tests/Unit/MailUtilTest.php" line="152" class="Tests\Unit\MailUtilTest" classname="Tests.Unit.MailUtilTest" assertions="5" time="0.000149"/>
        <testcase name="itHasValidSmtpPortNumbers" file="/Users/de63386/Documents/Source/SecStore/tests/Unit/MailUtilTest.php" line="166" class="Tests\Unit\MailUtilTest" classname="Tests.Unit.MailUtilTest" assertions="1" time="0.000139"/>
        <testcase name="itHasValidEncryptionType" file="/Users/de63386/Documents/Source/SecStore/tests/Unit/MailUtilTest.php" line="177" class="Tests\Unit\MailUtilTest" classname="Tests.Unit.MailUtilTest" assertions="1" time="0.000127"/>
        <testcase name="itHasValidEmailFormatForFromAddress" file="/Users/de63386/Documents/Source/SecStore/tests/Unit/MailUtilTest.php" line="187" class="Tests\Unit\MailUtilTest" classname="Tests.Unit.MailUtilTest" assertions="1" time="0.000192"/>
        <testcase name="itValidatesRecipientEmailFormat" file="/Users/de63386/Documents/Source/SecStore/tests/Unit/MailUtilTest.php" line="204" class="Tests\Unit\MailUtilTest" classname="Tests.Unit.MailUtilTest" assertions="7" time="0.000161"/>
        <testcase name="itValidatesSubjectIsNotEmpty" file="/Users/de63386/Documents/Source/SecStore/tests/Unit/MailUtilTest.php" line="240" class="Tests\Unit\MailUtilTest" classname="Tests.Unit.MailUtilTest" assertions="6" time="0.000136"/>
        <testcase name="itValidatesTemplateNames" file="/Users/de63386/Documents/Source/SecStore/tests/Unit/MailUtilTest.php" line="261" class="Tests\Unit\MailUtilTest" classname="Tests.Unit.MailUtilTest" assertions="4" time="0.000137"/>
        <testcase name="itValidatesTemplateDataIsArray" file="/Users/de63386/Documents/Source/SecStore/tests/Unit/MailUtilTest.php" line="282" class="Tests\Unit\MailUtilTest" classname="Tests.Unit.MailUtilTest" assertions="3" time="0.000124"/>
        <testcase name="itRespectsEnableWelcomeMailFlag" file="/Users/de63386/Documents/Source/SecStore/tests/Unit/MailUtilTest.php" line="302" class="Tests\Unit\MailUtilTest" classname="Tests.Unit.MailUtilTest" assertions="2" time="0.000129"/>
        <testcase name="itValidatesWelcomeMailLogic" file="/Users/de63386/Documents/Source/SecStore/tests/Unit/MailUtilTest.php" line="316" class="Tests\Unit\MailUtilTest" classname="Tests.Unit.MailUtilTest" assertions="2" time="0.000135"/>
        <testcase name="itSendsNonWelcomeEmailsRegardlessOfFlag" file="/Users/de63386/Documents/Source/SecStore/tests/Unit/MailUtilTest.php" line="335" class="Tests\Unit\MailUtilTest" classname="Tests.Unit.MailUtilTest" assertions="3" time="0.000148"/>
        <testcase name="itHandlesInvalidSmtpCredentialsGracefully" file="/Users/de63386/Documents/Source/SecStore/tests/Unit/MailUtilTest.php" line="353" class="Tests\Unit\MailUtilTest" classname="Tests.Unit.MailUtilTest" assertions="3" time="0.000136"/>
        <testcase name="itHandlesMissingMailConfiguration" file="/Users/de63386/Documents/Source/SecStore/tests/Unit/MailUtilTest.php" line="367" class="Tests\Unit\MailUtilTest" classname="Tests.Unit.MailUtilTest" assertions="1" time="0.000138"/>
        <testcase name="itHandlesInvalidPortNumber" file="/Users/de63386/Documents/Source/SecStore/tests/Unit/MailUtilTest.php" line="377" class="Tests\Unit\MailUtilTest" classname="Tests.Unit.MailUtilTest" assertions="4" time="0.000125"/>
        <testcase name="itUsesReasonableSmtpTimeout" file="/Users/de63386/Documents/Source/SecStore/tests/Unit/MailUtilTest.php" line="396" class="Tests\Unit\MailUtilTest" classname="Tests.Unit.MailUtilTest" assertions="4" time="0.000153"/>
        <testcase name="itHandlesSpecialCharactersInSubject" file="/Users/de63386/Documents/Source/SecStore/tests/Unit/MailUtilTest.php" line="411" class="Tests\Unit\MailUtilTest" classname="Tests.Unit.MailUtilTest" assertions="8" time="0.000140"/>
        <testcase name="itHandlesUnicodeInSubject" file="/Users/de63386/Documents/Source/SecStore/tests/Unit/MailUtilTest.php" line="429" class="Tests\Unit\MailUtilTest" classname="Tests.Unit.MailUtilTest" assertions="12" time="0.000141"/>
        <testcase name="itHandlesEmptyFromNameGracefully" file="/Users/de63386/Documents/Source/SecStore/tests/Unit/MailUtilTest.php" line="452" class="Tests\Unit\MailUtilTest" classname="Tests.Unit.MailUtilTest" assertions="2" time="0.000144"/>
        <testcase name="itValidatesSmtpHostFormat" file="/Users/de63386/Documents/Source/SecStore/tests/Unit/MailUtilTest.php" line="464" class="Tests\Unit\MailUtilTest" classname="Tests.Unit.MailUtilTest" assertions="15" time="0.000161"/>
        <testcase name="itHandlesDifferentEncryptionMethods" file="/Users/de63386/Documents/Source/SecStore/tests/Unit/MailUtilTest.php" line="484" class="Tests\Unit\MailUtilTest" classname="Tests.Unit.MailUtilTest" assertions="6" time="0.000133"/>
        <testcase name="itConstructsValidTemplatePath" file="/Users/de63386/Documents/Source/SecStore/tests/Unit/MailUtilTest.php" line="505" class="Tests\Unit\MailUtilTest" classname="Tests.Unit.MailUtilTest" assertions="3" time="0.000130"/>
        <testcase name="itValidatesTemplateFileExtension" file="/Users/de63386/Documents/Source/SecStore/tests/Unit/MailUtilTest.php" line="518" class="Tests\Unit\MailUtilTest" classname="Tests.Unit.MailUtilTest" assertions="3" time="0.000125"/>
        <testcase name="itHasCompleteMailConfigurationForSending" file="/Users/de63386/Documents/Source/SecStore/tests/Unit/MailUtilTest.php" line="538" class="Tests\Unit\MailUtilTest" classname="Tests.Unit.MailUtilTest" assertions="14" time="0.000139"/>
        <testcase name="itValidatesCompleteEmailSendParameters" file="/Users/de63386/Documents/Source/SecStore/tests/Unit/MailUtilTest.php" line="561" class="Tests\Unit\MailUtilTest" classname="Tests.Unit.MailUtilTest" assertions="5" time="0.000133"/>
        <testcase name="itConstructsValidLogMessages" file="/Users/de63386/Documents/Source/SecStore/tests/Unit/MailUtilTest.php" line="587" class="Tests\Unit\MailUtilTest" classname="Tests.Unit.MailUtilTest" assertions="3" time="0.000125"/>
      </testsuite>
      <testsuite name="Tests\Unit\RateLimiterTest" file="/Users/de63386/Documents/Source/SecStore/tests/Unit/RateLimiterTest.php" tests="15" assertions="53" errors="0" failures="0" skipped="0" time="0.002343">
        <testcase name="itInitializesWithDefaultLimits" file="/Users/de63386/Documents/Source/SecStore/tests/Unit/RateLimiterTest.php" line="53" class="Tests\Unit\RateLimiterTest" classname="Tests.Unit.RateLimiterTest" assertions="2" time="0.000474"/>
        <testcase name="itAcceptsCustomLimits" file="/Users/de63386/Documents/Source/SecStore/tests/Unit/RateLimiterTest.php" line="63" class="Tests\Unit\RateLimiterTest" classname="Tests.Unit.RateLimiterTest" assertions="2" time="0.000133"/>
        <testcase name="itAllowsRequestsWithinLimit" file="/Users/de63386/Documents/Source/SecStore/tests/Unit/RateLimiterTest.php" line="78" class="Tests\Unit\RateLimiterTest" classname="Tests.Unit.RateLimiterTest" assertions="5" time="0.000147"/>
        <testcase name="itTracksRequestCountCorrectly" file="/Users/de63386/Documents/Source/SecStore/tests/Unit/RateLimiterTest.php" line="94" class="Tests\Unit\RateLimiterTest" classname="Tests.Unit.RateLimiterTest" assertions="2" time="0.000130"/>
        <testcase name="itReturnsCorrectStatusInformation" file="/Users/de63386/Documents/Source/SecStore/tests/Unit/RateLimiterTest.php" line="114" class="Tests\Unit\RateLimiterTest" classname="Tests.Unit.RateLimiterTest" assertions="11" time="0.000134"/>
        <testcase name="itUsesGlobalLimitAsFallback" file="/Users/de63386/Documents/Source/SecStore/tests/Unit/RateLimiterTest.php" line="147" class="Tests\Unit\RateLimiterTest" classname="Tests.Unit.RateLimiterTest" assertions="1" time="0.000118"/>
        <testcase name="itHasCorrectDefaultLimits" file="/Users/de63386/Documents/Source/SecStore/tests/Unit/RateLimiterTest.php" line="159" class="Tests\Unit\RateLimiterTest" classname="Tests.Unit.RateLimiterTest" assertions="6" time="0.000127"/>
        <testcase name="itStoresRequestsInSession" file="/Users/de63386/Documents/Source/SecStore/tests/Unit/RateLimiterTest.php" line="178" class="Tests\Unit\RateLimiterTest" classname="Tests.Unit.RateLimiterTest" assertions="5" time="0.000122"/>
        <testcase name="itMaintainsSeparateLimitsForDifferentTypes" file="/Users/de63386/Documents/Source/SecStore/tests/Unit/RateLimiterTest.php" line="206" class="Tests\Unit\RateLimiterTest" classname="Tests.Unit.RateLimiterTest" assertions="3" time="0.000134"/>
        <testcase name="itHandlesZeroRequestsCorrectly" file="/Users/de63386/Documents/Source/SecStore/tests/Unit/RateLimiterTest.php" line="230" class="Tests\Unit\RateLimiterTest" classname="Tests.Unit.RateLimiterTest" assertions="2" time="0.000118"/>
        <testcase name="itCalculatesRemainingRequestsCorrectly" file="/Users/de63386/Documents/Source/SecStore/tests/Unit/RateLimiterTest.php" line="245" class="Tests\Unit\RateLimiterTest" classname="Tests.Unit.RateLimiterTest" assertions="4" time="0.000177"/>
        <testcase name="itGeneratesConsistentIdentifierForSameClient" file="/Users/de63386/Documents/Source/SecStore/tests/Unit/RateLimiterTest.php" line="280" class="Tests\Unit\RateLimiterTest" classname="Tests.Unit.RateLimiterTest" assertions="1" time="0.000136"/>
        <testcase name="itHandlesMissingUserAgentGracefully" file="/Users/de63386/Documents/Source/SecStore/tests/Unit/RateLimiterTest.php" line="299" class="Tests\Unit\RateLimiterTest" classname="Tests.Unit.RateLimiterTest" assertions="1" time="0.000125"/>
        <testcase name="itProvidesWindowResetTimestamp" file="/Users/de63386/Documents/Source/SecStore/tests/Unit/RateLimiterTest.php" line="310" class="Tests\Unit\RateLimiterTest" classname="Tests.Unit.RateLimiterTest" assertions="5" time="0.000130"/>
        <testcase name="itHandlesConcurrentLimitTypes" file="/Users/de63386/Documents/Source/SecStore/tests/Unit/RateLimiterTest.php" line="329" class="Tests\Unit\RateLimiterTest" classname="Tests.Unit.RateLimiterTest" assertions="3" time="0.000138"/>
      </testsuite>
      <testsuite name="Tests\Unit\SecurityMetricsTest" file="/Users/de63386/Documents/Source/SecStore/tests/Unit/SecurityMetricsTest.php" tests="23" assertions="55" errors="0" failures="0" skipped="0" time="0.003064">
        <testcase name="itCalculatesPerfectSecurityScore" file="/Users/de63386/Documents/Source/SecStore/tests/Unit/SecurityMetricsTest.php" line="63" class="Tests\Unit\SecurityMetricsTest" classname="Tests.Unit.SecurityMetricsTest" assertions="1" time="0.000467"/>
        <testcase name="itReducesScoreForModerateFailedLogins" file="/Users/de63386/Documents/Source/SecStore/tests/Unit/SecurityMetricsTest.php" line="81" class="Tests\Unit\SecurityMetricsTest" classname="Tests.Unit.SecurityMetricsTest" assertions="1" time="0.000129"/>
        <testcase name="itReducesScoreForHighFailedLogins" file="/Users/de63386/Documents/Source/SecStore/tests/Unit/SecurityMetricsTest.php" line="99" class="Tests\Unit\SecurityMetricsTest" classname="Tests.Unit.SecurityMetricsTest" assertions="1" time="0.000120"/>
        <testcase name="itReducesScoreForCsrfViolations" file="/Users/de63386/Documents/Source/SecStore/tests/Unit/SecurityMetricsTest.php" line="117" class="Tests\Unit\SecurityMetricsTest" classname="Tests.Unit.SecurityMetricsTest" assertions="1" time="0.000122"/>
        <testcase name="itCapsCsrfViolationPenaltyAt30" file="/Users/de63386/Documents/Source/SecStore/tests/Unit/SecurityMetricsTest.php" line="135" class="Tests\Unit\SecurityMetricsTest" classname="Tests.Unit.SecurityMetricsTest" assertions="1" time="0.000113"/>
        <testcase name="itReducesScoreForHighSeverityAlerts" file="/Users/de63386/Documents/Source/SecStore/tests/Unit/SecurityMetricsTest.php" line="153" class="Tests\Unit\SecurityMetricsTest" classname="Tests.Unit.SecurityMetricsTest" assertions="1" time="0.000122"/>
        <testcase name="itReducesScoreForMediumSeverityAlerts" file="/Users/de63386/Documents/Source/SecStore/tests/Unit/SecurityMetricsTest.php" line="174" class="Tests\Unit\SecurityMetricsTest" classname="Tests.Unit.SecurityMetricsTest" assertions="1" time="0.000118"/>
        <testcase name="itCombinesMultiplePenalties" file="/Users/de63386/Documents/Source/SecStore/tests/Unit/SecurityMetricsTest.php" line="195" class="Tests\Unit\SecurityMetricsTest" classname="Tests.Unit.SecurityMetricsTest" assertions="1" time="0.000119"/>
        <testcase name="itNeverReturnsNegativeSecurityScore" file="/Users/de63386/Documents/Source/SecStore/tests/Unit/SecurityMetricsTest.php" line="216" class="Tests\Unit\SecurityMetricsTest" classname="Tests.Unit.SecurityMetricsTest" assertions="3" time="0.000125"/>
        <testcase name="itDetectsNoAlertsForNormalActivity" file="/Users/de63386/Documents/Source/SecStore/tests/Unit/SecurityMetricsTest.php" line="244" class="Tests\Unit\SecurityMetricsTest" classname="Tests.Unit.SecurityMetricsTest" assertions="1" time="0.000115"/>
        <testcase name="itDetectsExcessiveFailedLoginsAlert" file="/Users/de63386/Documents/Source/SecStore/tests/Unit/SecurityMetricsTest.php" line="264" class="Tests\Unit\SecurityMetricsTest" classname="Tests.Unit.SecurityMetricsTest" assertions="3" time="0.000119"/>
        <testcase name="itDetectsCsrfViolationsAlert" file="/Users/de63386/Documents/Source/SecStore/tests/Unit/SecurityMetricsTest.php" line="283" class="Tests\Unit\SecurityMetricsTest" classname="Tests.Unit.SecurityMetricsTest" assertions="3" time="0.000114"/>
        <testcase name="itDetectsSuspiciousActivityAlert" file="/Users/de63386/Documents/Source/SecStore/tests/Unit/SecurityMetricsTest.php" line="302" class="Tests\Unit\SecurityMetricsTest" classname="Tests.Unit.SecurityMetricsTest" assertions="3" time="0.000114"/>
        <testcase name="itDetectsMultipleAlertsSimultaneously" file="/Users/de63386/Documents/Source/SecStore/tests/Unit/SecurityMetricsTest.php" line="324" class="Tests\Unit\SecurityMetricsTest" classname="Tests.Unit.SecurityMetricsTest" assertions="4" time="0.000122"/>
        <testcase name="itIncludesRecommendationsInAlerts" file="/Users/de63386/Documents/Source/SecStore/tests/Unit/SecurityMetricsTest.php" line="347" class="Tests\Unit\SecurityMetricsTest" classname="Tests.Unit.SecurityMetricsTest" assertions="2" time="0.000117"/>
        <testcase name="itIdentifiesSuspiciousIpsFromFailedLogins" file="/Users/de63386/Documents/Source/SecStore/tests/Unit/SecurityMetricsTest.php" line="369" class="Tests\Unit\SecurityMetricsTest" classname="Tests.Unit.SecurityMetricsTest" assertions="3" time="0.000128"/>
        <testcase name="itIdentifiesMultipleSuspiciousIps" file="/Users/de63386/Documents/Source/SecStore/tests/Unit/SecurityMetricsTest.php" line="397" class="Tests\Unit\SecurityMetricsTest" classname="Tests.Unit.SecurityMetricsTest" assertions="4" time="0.000135"/>
        <testcase name="itHandlesNoSuspiciousActivity" file="/Users/de63386/Documents/Source/SecStore/tests/Unit/SecurityMetricsTest.php" line="428" class="Tests\Unit\SecurityMetricsTest" classname="Tests.Unit.SecurityMetricsTest" assertions="2" time="0.000117"/>
        <testcase name="itReturnsValidSummaryStructure" file="/Users/de63386/Documents/Source/SecStore/tests/Unit/SecurityMetricsTest.php" line="450" class="Tests\Unit\SecurityMetricsTest" classname="Tests.Unit.SecurityMetricsTest" assertions="7" time="0.000116"/>
        <testcase name="itReturnsValidAlertStructure" file="/Users/de63386/Documents/Source/SecStore/tests/Unit/SecurityMetricsTest.php" line="473" class="Tests\Unit\SecurityMetricsTest" classname="Tests.Unit.SecurityMetricsTest" assertions="6" time="0.000120"/>
        <testcase name="itHandlesZeroLoginAttempts" file="/Users/de63386/Documents/Source/SecStore/tests/Unit/SecurityMetricsTest.php" line="504" class="Tests\Unit\SecurityMetricsTest" classname="Tests.Unit.SecurityMetricsTest" assertions="1" time="0.000103"/>
        <testcase name="itHandlesNullSuspiciousActivity" file="/Users/de63386/Documents/Source/SecStore/tests/Unit/SecurityMetricsTest.php" line="522" class="Tests\Unit\SecurityMetricsTest" classname="Tests.Unit.SecurityMetricsTest" assertions="1" time="0.000100"/>
        <testcase name="itHandlesBoundaryValueForFailedLogins" file="/Users/de63386/Documents/Source/SecStore/tests/Unit/SecurityMetricsTest.php" line="539" class="Tests\Unit\SecurityMetricsTest" classname="Tests.Unit.SecurityMetricsTest" assertions="4" time="0.000110"/>
      </testsuite>
      <testsuite name="Tests\Unit\SessionUtilTest" file="/Users/de63386/Documents/Source/SecStore/tests/Unit/SessionUtilTest.php" tests="9" assertions="14" errors="0" failures="0" skipped="0" time="0.001263">
        <testcase name="itCanSetAndGetSessionValue" file="/Users/de63386/Documents/Source/SecStore/tests/Unit/SessionUtilTest.php" line="41" class="Tests\Unit\SessionUtilTest" classname="Tests.Unit.SessionUtilTest" assertions="1" time="0.000382"/>
        <testcase name="itReturnsNullForNonexistentKey" file="/Users/de63386/Documents/Source/SecStore/tests/Unit/SessionUtilTest.php" line="49" class="Tests\Unit\SessionUtilTest" classname="Tests.Unit.SessionUtilTest" assertions="1" time="0.000110"/>
        <testcase name="itCanRemoveSessionValue" file="/Users/de63386/Documents/Source/SecStore/tests/Unit/SessionUtilTest.php" line="55" class="Tests\Unit\SessionUtilTest" classname="Tests.Unit.SessionUtilTest" assertions="1" time="0.000112"/>
        <testcase name="itCanCheckIfKeyExists" file="/Users/de63386/Documents/Source/SecStore/tests/Unit/SessionUtilTest.php" line="64" class="Tests\Unit\SessionUtilTest" classname="Tests.Unit.SessionUtilTest" assertions="2" time="0.000107"/>
        <testcase name="itCanDestroySession" file="/Users/de63386/Documents/Source/SecStore/tests/Unit/SessionUtilTest.php" line="73" class="Tests\Unit\SessionUtilTest" classname="Tests.Unit.SessionUtilTest" assertions="1" time="0.000099"/>
        <testcase name="itGeneratesUniqueCsrfTokens" file="/Users/de63386/Documents/Source/SecStore/tests/Unit/SessionUtilTest.php" line="82" class="Tests\Unit\SessionUtilTest" classname="Tests.Unit.SessionUtilTest" assertions="2" time="0.000138"/>
        <testcase name="itValidatesCsrfTokensCorrectly" file="/Users/de63386/Documents/Source/SecStore/tests/Unit/SessionUtilTest.php" line="98" class="Tests\Unit\SessionUtilTest" classname="Tests.Unit.SessionUtilTest" assertions="2" time="0.000107"/>
        <testcase name="itStoresUserInSession" file="/Users/de63386/Documents/Source/SecStore/tests/Unit/SessionUtilTest.php" line="110" class="Tests\Unit\SessionUtilTest" classname="Tests.Unit.SessionUtilTest" assertions="2" time="0.000102"/>
        <testcase name="itHandlesSessionTimeoutCalculation" file="/Users/de63386/Documents/Source/SecStore/tests/Unit/SessionUtilTest.php" line="126" class="Tests\Unit\SessionUtilTest" classname="Tests.Unit.SessionUtilTest" assertions="2" time="0.000105"/>
      </testsuite>
      <testsuite name="Tests\Unit\SodiumEncryptionTest" file="/Users/de63386/Documents/Source/SecStore/tests/Unit/SodiumEncryptionTest.php" tests="39" assertions="91" errors="0" failures="0" skipped="0" time="0.441188">
        <testcase name="itGeneratesKeyWithCorrectLength" file="/Users/de63386/Documents/Source/SecStore/tests/Unit/SodiumEncryptionTest.php" line="62" class="Tests\Unit\SodiumEncryptionTest" classname="Tests.Unit.SodiumEncryptionTest" assertions="2" time="0.000273"/>
        <testcase name="itGeneratesUniqueKeys" file="/Users/de63386/Documents/Source/SecStore/tests/Unit/SodiumEncryptionTest.php" line="73" class="Tests\Unit\SodiumEncryptionTest" classname="Tests.Unit.SodiumEncryptionTest" assertions="3" time="0.000130"/>
        <testcase name="itGeneratesCryptographicallyRandomKeys" file="/Users/de63386/Documents/Source/SecStore/tests/Unit/SodiumEncryptionTest.php" line="87" class="Tests\Unit\SodiumEncryptionTest" classname="Tests.Unit.SodiumEncryptionTest" assertions="1" time="0.000117"/>
        <testcase name="itEncodesKeyToBase64Url" file="/Users/de63386/Documents/Source/SecStore/tests/Unit/SodiumEncryptionTest.php" line="105" class="Tests\Unit\SodiumEncryptionTest" classname="Tests.Unit.SodiumEncryptionTest" assertions="5" time="0.000128"/>
        <testcase name="itDecodesKeyFromBase64Url" file="/Users/de63386/Documents/Source/SecStore/tests/Unit/SodiumEncryptionTest.php" line="119" class="Tests\Unit\SodiumEncryptionTest" classname="Tests.Unit.SodiumEncryptionTest" assertions="2" time="0.000109"/>
        <testcase name="itPerformsEncodeDecodeRoundtrip" file="/Users/de63386/Documents/Source/SecStore/tests/Unit/SodiumEncryptionTest.php" line="133" class="Tests\Unit\SodiumEncryptionTest" classname="Tests.Unit.SodiumEncryptionTest" assertions="1" time="0.000106"/>
        <testcase name="itThrowsExceptionForInvalidEncodedKeyFormat" file="/Users/de63386/Documents/Source/SecStore/tests/Unit/SodiumEncryptionTest.php" line="144" class="Tests\Unit\SodiumEncryptionTest" classname="Tests.Unit.SodiumEncryptionTest" assertions="2" time="0.000121"/>
        <testcase name="itThrowsExceptionForInvalidDecodedKeyLength" file="/Users/de63386/Documents/Source/SecStore/tests/Unit/SodiumEncryptionTest.php" line="158" class="Tests\Unit\SodiumEncryptionTest" classname="Tests.Unit.SodiumEncryptionTest" assertions="2" time="0.000118"/>
        <testcase name="itEncryptsPlaintextSuccessfully" file="/Users/de63386/Documents/Source/SecStore/tests/Unit/SodiumEncryptionTest.php" line="177" class="Tests\Unit\SodiumEncryptionTest" classname="Tests.Unit.SodiumEncryptionTest" assertions="3" time="0.000145"/>
        <testcase name="itDecryptsCiphertextSuccessfully" file="/Users/de63386/Documents/Source/SecStore/tests/Unit/SodiumEncryptionTest.php" line="192" class="Tests\Unit\SodiumEncryptionTest" classname="Tests.Unit.SodiumEncryptionTest" assertions="1" time="0.000116"/>
        <testcase name="itPerformsEncryptDecryptRoundtrip" file="/Users/de63386/Documents/Source/SecStore/tests/Unit/SodiumEncryptionTest.php" line="206" class="Tests\Unit\SodiumEncryptionTest" classname="Tests.Unit.SodiumEncryptionTest" assertions="5" time="0.000132"/>
        <testcase name="itProducesDifferentCiphertextsForSamePlaintext" file="/Users/de63386/Documents/Source/SecStore/tests/Unit/SodiumEncryptionTest.php" line="228" class="Tests\Unit\SodiumEncryptionTest" classname="Tests.Unit.SodiumEncryptionTest" assertions="6" time="0.000145"/>
        <testcase name="itThrowsExceptionForInvalidKeyLengthOnEncrypt" file="/Users/de63386/Documents/Source/SecStore/tests/Unit/SodiumEncryptionTest.php" line="250" class="Tests\Unit\SodiumEncryptionTest" classname="Tests.Unit.SodiumEncryptionTest" assertions="2" time="0.000126"/>
        <testcase name="itThrowsExceptionForInvalidKeyLengthOnDecrypt" file="/Users/de63386/Documents/Source/SecStore/tests/Unit/SodiumEncryptionTest.php" line="265" class="Tests\Unit\SodiumEncryptionTest" classname="Tests.Unit.SodiumEncryptionTest" assertions="2" time="0.000121"/>
        <testcase name="itThrowsExceptionForInvalidCiphertextEncoding" file="/Users/de63386/Documents/Source/SecStore/tests/Unit/SodiumEncryptionTest.php" line="280" class="Tests\Unit\SodiumEncryptionTest" classname="Tests.Unit.SodiumEncryptionTest" assertions="2" time="0.000114"/>
        <testcase name="itThrowsExceptionForTooShortCiphertext" file="/Users/de63386/Documents/Source/SecStore/tests/Unit/SodiumEncryptionTest.php" line="294" class="Tests\Unit\SodiumEncryptionTest" classname="Tests.Unit.SodiumEncryptionTest" assertions="2" time="0.000111"/>
        <testcase name="itThrowsExceptionForWrongDecryptionKey" file="/Users/de63386/Documents/Source/SecStore/tests/Unit/SodiumEncryptionTest.php" line="308" class="Tests\Unit\SodiumEncryptionTest" classname="Tests.Unit.SodiumEncryptionTest" assertions="2" time="0.000113"/>
        <testcase name="itThrowsExceptionForTamperedCiphertext" file="/Users/de63386/Documents/Source/SecStore/tests/Unit/SodiumEncryptionTest.php" line="324" class="Tests\Unit\SodiumEncryptionTest" classname="Tests.Unit.SodiumEncryptionTest" assertions="2" time="0.000113"/>
        <testcase name="itEncryptsAndDecryptsWithAssociatedData" file="/Users/de63386/Documents/Source/SecStore/tests/Unit/SodiumEncryptionTest.php" line="346" class="Tests\Unit\SodiumEncryptionTest" classname="Tests.Unit.SodiumEncryptionTest" assertions="1" time="0.000112"/>
        <testcase name="itFailsDecryptionWithWrongAssociatedData" file="/Users/de63386/Documents/Source/SecStore/tests/Unit/SodiumEncryptionTest.php" line="361" class="Tests\Unit\SodiumEncryptionTest" classname="Tests.Unit.SodiumEncryptionTest" assertions="2" time="0.000117"/>
        <testcase name="itFailsDecryptionWithMissingAssociatedData" file="/Users/de63386/Documents/Source/SecStore/tests/Unit/SodiumEncryptionTest.php" line="379" class="Tests\Unit\SodiumEncryptionTest" classname="Tests.Unit.SodiumEncryptionTest" assertions="2" time="0.000115"/>
        <testcase name="itEncryptsWithoutAssociatedDataByDefault" file="/Users/de63386/Documents/Source/SecStore/tests/Unit/SodiumEncryptionTest.php" line="396" class="Tests\Unit\SodiumEncryptionTest" classname="Tests.Unit.SodiumEncryptionTest" assertions="1" time="0.000111"/>
        <testcase name="itDerivesKeyFromPassphraseWithoutSalt" file="/Users/de63386/Documents/Source/SecStore/tests/Unit/SodiumEncryptionTest.php" line="414" class="Tests\Unit\SodiumEncryptionTest" classname="Tests.Unit.SodiumEncryptionTest" assertions="6" time="0.058364"/>
        <testcase name="itDerivesKeyFromPassphraseWithSalt" file="/Users/de63386/Documents/Source/SecStore/tests/Unit/SodiumEncryptionTest.php" line="431" class="Tests\Unit\SodiumEncryptionTest" classname="Tests.Unit.SodiumEncryptionTest" assertions="2" time="0.047751"/>
        <testcase name="itDerivesSameKeyForSamePassphraseAndSalt" file="/Users/de63386/Documents/Source/SecStore/tests/Unit/SodiumEncryptionTest.php" line="446" class="Tests\Unit\SodiumEncryptionTest" classname="Tests.Unit.SodiumEncryptionTest" assertions="1" time="0.094878"/>
        <testcase name="itDerivesDifferentKeysForDifferentPassphrases" file="/Users/de63386/Documents/Source/SecStore/tests/Unit/SodiumEncryptionTest.php" line="461" class="Tests\Unit\SodiumEncryptionTest" classname="Tests.Unit.SodiumEncryptionTest" assertions="1" time="0.093943"/>
        <testcase name="itDerivesDifferentKeysForDifferentSalts" file="/Users/de63386/Documents/Source/SecStore/tests/Unit/SodiumEncryptionTest.php" line="477" class="Tests\Unit\SodiumEncryptionTest" classname="Tests.Unit.SodiumEncryptionTest" assertions="1" time="0.093923"/>
        <testcase name="itThrowsExceptionForTooShortSalt" file="/Users/de63386/Documents/Source/SecStore/tests/Unit/SodiumEncryptionTest.php" line="493" class="Tests\Unit\SodiumEncryptionTest" classname="Tests.Unit.SodiumEncryptionTest" assertions="2" time="0.000122"/>
        <testcase name="itUsesDerivedKeyForEncryption" file="/Users/de63386/Documents/Source/SecStore/tests/Unit/SodiumEncryptionTest.php" line="508" class="Tests\Unit\SodiumEncryptionTest" classname="Tests.Unit.SodiumEncryptionTest" assertions="1" time="0.047367"/>
        <testcase name="itHandlesEmptyPlaintext" file="/Users/de63386/Documents/Source/SecStore/tests/Unit/SodiumEncryptionTest.php" line="529" class="Tests\Unit\SodiumEncryptionTest" classname="Tests.Unit.SodiumEncryptionTest" assertions="1" time="0.000130"/>
        <testcase name="itHandlesLargePlaintext" file="/Users/de63386/Documents/Source/SecStore/tests/Unit/SodiumEncryptionTest.php" line="543" class="Tests\Unit\SodiumEncryptionTest" classname="Tests.Unit.SodiumEncryptionTest" assertions="1" time="0.001159"/>
        <testcase name="itHandlesUnicodeCharacters" file="/Users/de63386/Documents/Source/SecStore/tests/Unit/SodiumEncryptionTest.php" line="557" class="Tests\Unit\SodiumEncryptionTest" classname="Tests.Unit.SodiumEncryptionTest" assertions="1" time="0.000091"/>
        <testcase name="itHandlesBinaryData" file="/Users/de63386/Documents/Source/SecStore/tests/Unit/SodiumEncryptionTest.php" line="571" class="Tests\Unit\SodiumEncryptionTest" classname="Tests.Unit.SodiumEncryptionTest" assertions="1" time="0.000085"/>
        <testcase name="itProducesUrlSafeCiphertext" file="/Users/de63386/Documents/Source/SecStore/tests/Unit/SodiumEncryptionTest.php" line="585" class="Tests\Unit\SodiumEncryptionTest" classname="Tests.Unit.SodiumEncryptionTest" assertions="4" time="0.000091"/>
        <testcase name="itIncludesVersionInEnvelope" file="/Users/de63386/Documents/Source/SecStore/tests/Unit/SodiumEncryptionTest.php" line="605" class="Tests\Unit\SodiumEncryptionTest" classname="Tests.Unit.SodiumEncryptionTest" assertions="1" time="0.000087"/>
        <testcase name="itRejectsUnsupportedVersion" file="/Users/de63386/Documents/Source/SecStore/tests/Unit/SodiumEncryptionTest.php" line="627" class="Tests\Unit\SodiumEncryptionTest" classname="Tests.Unit.SodiumEncryptionTest" assertions="2" time="0.000096"/>
        <testcase name="itProvidesAuthenticatedEncryption" file="/Users/de63386/Documents/Source/SecStore/tests/Unit/SodiumEncryptionTest.php" line="660" class="Tests\Unit\SodiumEncryptionTest" classname="Tests.Unit.SodiumEncryptionTest" assertions="12" time="0.000132"/>
        <testcase name="itUsesDifferentNoncesForEachEncryption" file="/Users/de63386/Documents/Source/SecStore/tests/Unit/SodiumEncryptionTest.php" line="716" class="Tests\Unit\SodiumEncryptionTest" classname="Tests.Unit.SodiumEncryptionTest" assertions="1" time="0.000097"/>
        <testcase name="itMaintainsConfidentiality" file="/Users/de63386/Documents/Source/SecStore/tests/Unit/SodiumEncryptionTest.php" line="733" class="Tests\Unit\SodiumEncryptionTest" classname="Tests.Unit.SodiumEncryptionTest" assertions="2" time="0.000080"/>
      </testsuite>
      <testsuite name="Tests\Unit\TranslationUtilTest" file="/Users/de63386/Documents/Source/SecStore/tests/Unit/TranslationUtilTest.php" tests="33" assertions="75" errors="0" failures="0" skipped="0" time="0.008216">
        <testcase name="itInitializesWithDefaultLanguage" file="/Users/de63386/Documents/Source/SecStore/tests/Unit/TranslationUtilTest.php" line="82" class="Tests\Unit\TranslationUtilTest" classname="Tests.Unit.TranslationUtilTest" assertions="1" time="0.001690"/>
        <testcase name="itInitializesWithProvidedLanguage" file="/Users/de63386/Documents/Source/SecStore/tests/Unit/TranslationUtilTest.php" line="95" class="Tests\Unit\TranslationUtilTest" classname="Tests.Unit.TranslationUtilTest" assertions="1" time="0.000206"/>
        <testcase name="itInitializesWithLanguageFromCookie" file="/Users/de63386/Documents/Source/SecStore/tests/Unit/TranslationUtilTest.php" line="105" class="Tests\Unit\TranslationUtilTest" classname="Tests.Unit.TranslationUtilTest" assertions="1" time="0.000217"/>
        <testcase name="itPrioritizesParameterOverCookie" file="/Users/de63386/Documents/Source/SecStore/tests/Unit/TranslationUtilTest.php" line="118" class="Tests\Unit\TranslationUtilTest" classname="Tests.Unit.TranslationUtilTest" assertions="1" time="0.000181"/>
        <testcase name="itPrioritizesCookieOverBrowserLanguage" file="/Users/de63386/Documents/Source/SecStore/tests/Unit/TranslationUtilTest.php" line="131" class="Tests\Unit\TranslationUtilTest" classname="Tests.Unit.TranslationUtilTest" assertions="1" time="0.000178"/>
        <testcase name="itSetsLanguageSuccessfully" file="/Users/de63386/Documents/Source/SecStore/tests/Unit/TranslationUtilTest.php" line="149" class="Tests\Unit\TranslationUtilTest" classname="Tests.Unit.TranslationUtilTest" assertions="1" time="0.000174"/>
        <testcase name="itLoadsTranslationFileWhenSettingLanguage" file="/Users/de63386/Documents/Source/SecStore/tests/Unit/TranslationUtilTest.php" line="159" class="Tests\Unit\TranslationUtilTest" classname="Tests.Unit.TranslationUtilTest" assertions="3" time="0.000187"/>
        <testcase name="itDoesNotChangeLanguageForNonexistentFile" file="/Users/de63386/Documents/Source/SecStore/tests/Unit/TranslationUtilTest.php" line="172" class="Tests\Unit\TranslationUtilTest" classname="Tests.Unit.TranslationUtilTest" assertions="1" time="0.000176"/>
        <testcase name="itChangesLanguageAndLoadsNewTranslations" file="/Users/de63386/Documents/Source/SecStore/tests/Unit/TranslationUtilTest.php" line="185" class="Tests\Unit\TranslationUtilTest" classname="Tests.Unit.TranslationUtilTest" assertions="5" time="0.000309"/>
        <testcase name="itTranslatesExistingKey" file="/Users/de63386/Documents/Source/SecStore/tests/Unit/TranslationUtilTest.php" line="208" class="Tests\Unit\TranslationUtilTest" classname="Tests.Unit.TranslationUtilTest" assertions="2" time="0.000184"/>
        <testcase name="itReturnsKeyForMissingTranslation" file="/Users/de63386/Documents/Source/SecStore/tests/Unit/TranslationUtilTest.php" line="222" class="Tests\Unit\TranslationUtilTest" classname="Tests.Unit.TranslationUtilTest" assertions="1" time="0.000171"/>
        <testcase name="itTranslatesMultipleKeys" file="/Users/de63386/Documents/Source/SecStore/tests/Unit/TranslationUtilTest.php" line="235" class="Tests\Unit\TranslationUtilTest" classname="Tests.Unit.TranslationUtilTest" assertions="4" time="0.000181"/>
        <testcase name="itHandlesEmptyKey" file="/Users/de63386/Documents/Source/SecStore/tests/Unit/TranslationUtilTest.php" line="252" class="Tests\Unit\TranslationUtilTest" classname="Tests.Unit.TranslationUtilTest" assertions="1" time="0.000170"/>
        <testcase name="itDetectsEnglishFromBrowser" file="/Users/de63386/Documents/Source/SecStore/tests/Unit/TranslationUtilTest.php" line="269" class="Tests\Unit\TranslationUtilTest" classname="Tests.Unit.TranslationUtilTest" assertions="1" time="0.000171"/>
        <testcase name="itDetectsGermanFromBrowser" file="/Users/de63386/Documents/Source/SecStore/tests/Unit/TranslationUtilTest.php" line="282" class="Tests\Unit\TranslationUtilTest" classname="Tests.Unit.TranslationUtilTest" assertions="1" time="0.000178"/>
        <testcase name="itFallsBackToEnglishForUnsupportedLanguage" file="/Users/de63386/Documents/Source/SecStore/tests/Unit/TranslationUtilTest.php" line="295" class="Tests\Unit\TranslationUtilTest" classname="Tests.Unit.TranslationUtilTest" assertions="1" time="0.000183"/>
        <testcase name="itHandlesMissingAcceptLanguageHeader" file="/Users/de63386/Documents/Source/SecStore/tests/Unit/TranslationUtilTest.php" line="308" class="Tests\Unit\TranslationUtilTest" classname="Tests.Unit.TranslationUtilTest" assertions="1" time="0.000178"/>
        <testcase name="itHandlesMalformedAcceptLanguageHeader" file="/Users/de63386/Documents/Source/SecStore/tests/Unit/TranslationUtilTest.php" line="321" class="Tests\Unit\TranslationUtilTest" classname="Tests.Unit.TranslationUtilTest" assertions="1" time="0.000172"/>
        <testcase name="itOnlyAcceptsSupportedLanguages" file="/Users/de63386/Documents/Source/SecStore/tests/Unit/TranslationUtilTest.php" line="338" class="Tests\Unit\TranslationUtilTest" classname="Tests.Unit.TranslationUtilTest" assertions="2" time="0.000271"/>
        <testcase name="itIgnoresUnsupportedLanguageCodes" file="/Users/de63386/Documents/Source/SecStore/tests/Unit/TranslationUtilTest.php" line="354" class="Tests\Unit\TranslationUtilTest" classname="Tests.Unit.TranslationUtilTest" assertions="5" time="0.000176"/>
        <testcase name="itPreservesTranslationsAcrossMultipleCalls" file="/Users/de63386/Documents/Source/SecStore/tests/Unit/TranslationUtilTest.php" line="376" class="Tests\Unit\TranslationUtilTest" classname="Tests.Unit.TranslationUtilTest" assertions="2" time="0.000179"/>
        <testcase name="itHandlesTranslationWithSpecialCharacters" file="/Users/de63386/Documents/Source/SecStore/tests/Unit/TranslationUtilTest.php" line="392" class="Tests\Unit\TranslationUtilTest" classname="Tests.Unit.TranslationUtilTest" assertions="2" time="0.000190"/>
        <testcase name="itMaintainsStateAfterMultipleInitializations" file="/Users/de63386/Documents/Source/SecStore/tests/Unit/TranslationUtilTest.php" line="406" class="Tests\Unit\TranslationUtilTest" classname="Tests.Unit.TranslationUtilTest" assertions="2" time="0.000275"/>
        <testcase name="itReturnsConsistentLanguageCode" file="/Users/de63386/Documents/Source/SecStore/tests/Unit/TranslationUtilTest.php" line="421" class="Tests\Unit\TranslationUtilTest" classname="Tests.Unit.TranslationUtilTest" assertions="2" time="0.000174"/>
        <testcase name="itSwitchesLanguageSuccessfully" file="/Users/de63386/Documents/Source/SecStore/tests/Unit/TranslationUtilTest.php" line="440" class="Tests\Unit\TranslationUtilTest" classname="Tests.Unit.TranslationUtilTest" assertions="3" time="0.000275"/>
        <testcase name="itSwitchesLanguageMultipleTimes" file="/Users/de63386/Documents/Source/SecStore/tests/Unit/TranslationUtilTest.php" line="457" class="Tests\Unit\TranslationUtilTest" classname="Tests.Unit.TranslationUtilTest" assertions="3" time="0.000384"/>
        <testcase name="itClearsPreviousTranslationsOnLanguageSwitch" file="/Users/de63386/Documents/Source/SecStore/tests/Unit/TranslationUtilTest.php" line="471" class="Tests\Unit\TranslationUtilTest" classname="Tests.Unit.TranslationUtilTest" assertions="3" time="0.000282"/>
        <testcase name="itRespectsCookieLanguagePreference" file="/Users/de63386/Documents/Source/SecStore/tests/Unit/TranslationUtilTest.php" line="492" class="Tests\Unit\TranslationUtilTest" classname="Tests.Unit.TranslationUtilTest" assertions="1" time="0.000179"/>
        <testcase name="itIgnoresInvalidCookieLanguage" file="/Users/de63386/Documents/Source/SecStore/tests/Unit/TranslationUtilTest.php" line="506" class="Tests\Unit\TranslationUtilTest" classname="Tests.Unit.TranslationUtilTest" assertions="1" time="0.000079"/>
        <testcase name="itProvidesFullTranslationWorkflow" file="/Users/de63386/Documents/Source/SecStore/tests/Unit/TranslationUtilTest.php" line="524" class="Tests\Unit\TranslationUtilTest" classname="Tests.Unit.TranslationUtilTest" assertions="7" time="0.000285"/>
        <testcase name="itHandlesMissingTranslationGracefully" file="/Users/de63386/Documents/Source/SecStore/tests/Unit/TranslationUtilTest.php" line="550" class="Tests\Unit\TranslationUtilTest" classname="Tests.Unit.TranslationUtilTest" assertions="3" time="0.000178"/>
        <testcase name="itLoadsTranslationsIntoMemory" file="/Users/de63386/Documents/Source/SecStore/tests/Unit/TranslationUtilTest.php" line="567" class="Tests\Unit\TranslationUtilTest" classname="Tests.Unit.TranslationUtilTest" assertions="3" time="0.000189"/>
        <testcase name="itSupportsHierarchicalTranslationKeys" file="/Users/de63386/Documents/Source/SecStore/tests/Unit/TranslationUtilTest.php" line="580" class="Tests\Unit\TranslationUtilTest" classname="Tests.Unit.TranslationUtilTest" assertions="8" time="0.000192"/>
      </testsuite>
      <testsuite name="Tests\Unit\UserTest" file="/Users/de63386/Documents/Source/SecStore/tests/Unit/UserTest.php" tests="25" assertions="38" errors="0" failures="0" skipped="0" time="0.516893">
        <testcase name="itCreatesUserSuccessfully" file="/Users/de63386/Documents/Source/SecStore/tests/Unit/UserTest.php" line="95" class="Tests\Unit\UserTest" classname="Tests.Unit.UserTest" assertions="3" time="0.173744"/>
        <testcase name="itCreatesUserWithMultipleRoles" file="/Users/de63386/Documents/Source/SecStore/tests/Unit/UserTest.php" line="130" class="Tests\Unit\UserTest" classname="Tests.Unit.UserTest" assertions="2" time="0.169893"/>
        <testcase name="itReturnsNullWhenUserCreationFails" file="/Users/de63386/Documents/Source/SecStore/tests/Unit/UserTest.php" line="163" class="Tests\Unit\UserTest" classname="Tests.Unit.UserTest" assertions="1" time="0.000195"/>
        <testcase name="itCreatesUserWithLdapEnabled" file="/Users/de63386/Documents/Source/SecStore/tests/Unit/UserTest.php" line="195" class="Tests\Unit\UserTest" classname="Tests.Unit.UserTest" assertions="2" time="0.000160"/>
        <testcase name="itFindsUserById" file="/Users/de63386/Documents/Source/SecStore/tests/Unit/UserTest.php" line="233" class="Tests\Unit\UserTest" classname="Tests.Unit.UserTest" assertions="3" time="0.000135"/>
        <testcase name="itReturnsFalseWhenUserNotFoundById" file="/Users/de63386/Documents/Source/SecStore/tests/Unit/UserTest.php" line="253" class="Tests\Unit\UserTest" classname="Tests.Unit.UserTest" assertions="1" time="0.000129"/>
        <testsuite name="Tests\Unit\UserTest::itHandlesInvalidUserIds" tests="3" assertions="3" errors="0" failures="0" skipped="0" time="0.000415">
          <testcase name="itHandlesInvalidUserIds with data set &quot;zero&quot;" file="/Users/de63386/Documents/Source/SecStore/tests/Unit/UserTest.php" line="267" class="Tests\Unit\UserTest" classname="Tests.Unit.UserTest" assertions="1" time="0.000147"/>
          <testcase name="itHandlesInvalidUserIds with data set &quot;negative&quot;" file="/Users/de63386/Documents/Source/SecStore/tests/Unit/UserTest.php" line="267" class="Tests\Unit\UserTest" classname="Tests.Unit.UserTest" assertions="1" time="0.000143"/>
          <testcase name="itHandlesInvalidUserIds with data set &quot;non_existent&quot;" file="/Users/de63386/Documents/Source/SecStore/tests/Unit/UserTest.php" line="267" class="Tests\Unit\UserTest" classname="Tests.Unit.UserTest" assertions="1" time="0.000126"/>
        </testsuite>
        <testcase name="itSetsNewPasswordSuccessfully" file="/Users/de63386/Documents/Source/SecStore/tests/Unit/UserTest.php" line="293" class="Tests\Unit\UserTest" classname="Tests.Unit.UserTest" assertions="3" time="0.169990"/>
        <testcase name="itReturnsFalseWhenUserNotFoundForPasswordReset" file="/Users/de63386/Documents/Source/SecStore/tests/Unit/UserTest.php" line="315" class="Tests\Unit\UserTest" classname="Tests.Unit.UserTest" assertions="1" time="0.000167"/>
        <testcase name="itClearsResetTokenWhenSettingNewPassword" file="/Users/de63386/Documents/Source/SecStore/tests/Unit/UserTest.php" line="328" class="Tests\Unit\UserTest" classname="Tests.Unit.UserTest" assertions="1" time="0.000161"/>
        <testcase name="itDeletesUserSuccessfully" file="/Users/de63386/Documents/Source/SecStore/tests/Unit/UserTest.php" line="350" class="Tests\Unit\UserTest" classname="Tests.Unit.UserTest" assertions="1" time="0.000148"/>
        <testcase name="itReturnsFalseWhenDeletingNonExistentUser" file="/Users/de63386/Documents/Source/SecStore/tests/Unit/UserTest.php" line="367" class="Tests\Unit\UserTest" classname="Tests.Unit.UserTest" assertions="1" time="0.000140"/>
        <testcase name="itGetsActiveSessionId" file="/Users/de63386/Documents/Source/SecStore/tests/Unit/UserTest.php" line="384" class="Tests\Unit\UserTest" classname="Tests.Unit.UserTest" assertions="1" time="0.000138"/>
        <testcase name="itReturnsNullWhenUserHasNoActiveSession" file="/Users/de63386/Documents/Source/SecStore/tests/Unit/UserTest.php" line="401" class="Tests\Unit\UserTest" classname="Tests.Unit.UserTest" assertions="1" time="0.000129"/>
        <testcase name="itSetsActiveSessionId" file="/Users/de63386/Documents/Source/SecStore/tests/Unit/UserTest.php" line="414" class="Tests\Unit\UserTest" classname="Tests.Unit.UserTest" assertions="1" time="0.000155"/>
        <testcase name="itGetsLastKnownIp" file="/Users/de63386/Documents/Source/SecStore/tests/Unit/UserTest.php" line="442" class="Tests\Unit\UserTest" classname="Tests.Unit.UserTest" assertions="1" time="0.000141"/>
        <testcase name="itReturnsNullWhenUserHasNoLastKnownIp" file="/Users/de63386/Documents/Source/SecStore/tests/Unit/UserTest.php" line="459" class="Tests\Unit\UserTest" classname="Tests.Unit.UserTest" assertions="1" time="0.000139"/>
        <testcase name="itUpdatesLastKnownIp" file="/Users/de63386/Documents/Source/SecStore/tests/Unit/UserTest.php" line="472" class="Tests\Unit\UserTest" classname="Tests.Unit.UserTest" assertions="2" time="0.000152"/>
        <testcase name="itReturnsFalseWhenUpdatingIpForNonExistentUser" file="/Users/de63386/Documents/Source/SecStore/tests/Unit/UserTest.php" line="491" class="Tests\Unit\UserTest" classname="Tests.Unit.UserTest" assertions="1" time="0.000127"/>
        <testsuite name="Tests\Unit\UserTest::itHandlesDifferentIpFormats" tests="4" assertions="8" errors="0" failures="0" skipped="0" time="0.000634">
          <testcase name="itHandlesDifferentIpFormats with data set &quot;ipv4&quot;" file="/Users/de63386/Documents/Source/SecStore/tests/Unit/UserTest.php" line="505" class="Tests\Unit\UserTest" classname="Tests.Unit.UserTest" assertions="2" time="0.000159"/>
          <testcase name="itHandlesDifferentIpFormats with data set &quot;ipv6&quot;" file="/Users/de63386/Documents/Source/SecStore/tests/Unit/UserTest.php" line="505" class="Tests\Unit\UserTest" classname="Tests.Unit.UserTest" assertions="2" time="0.000164"/>
          <testcase name="itHandlesDifferentIpFormats with data set &quot;localhost_ipv4&quot;" file="/Users/de63386/Documents/Source/SecStore/tests/Unit/UserTest.php" line="505" class="Tests\Unit\UserTest" classname="Tests.Unit.UserTest" assertions="2" time="0.000162"/>
          <testcase name="itHandlesDifferentIpFormats with data set &quot;localhost_ipv6&quot;" file="/Users/de63386/Documents/Source/SecStore/tests/Unit/UserTest.php" line="505" class="Tests\Unit\UserTest" classname="Tests.Unit.UserTest" assertions="2" time="0.000149"/>
        </testsuite>
      </testsuite>
    </testsuite>
    <testsuite name="Integration" tests="12" assertions="27" errors="0" failures="0" skipped="1" time="0.001035">
      <testsuite name="Tests\Integration\AuthenticationTest" file="/Users/de63386/Documents/Source/SecStore/tests/Integration/AuthenticationTest.php" tests="12" assertions="27" errors="0" failures="0" skipped="1" time="0.001035">
        <testcase name="itValidatesLoginCredentials" file="/Users/de63386/Documents/Source/SecStore/tests/Integration/AuthenticationTest.php" line="18" class="Tests\Integration\AuthenticationTest" classname="Tests.Integration.AuthenticationTest" assertions="3" time="0.000108"/>
        <testcase name="itRejectsEmptyCredentials" file="/Users/de63386/Documents/Source/SecStore/tests/Integration/AuthenticationTest.php" line="33" class="Tests\Integration\AuthenticationTest" classname="Tests.Integration.AuthenticationTest" assertions="2" time="0.000091"/>
        <testcase name="itValidatesPasswordComplexity" file="/Users/de63386/Documents/Source/SecStore/tests/Integration/AuthenticationTest.php" line="43" class="Tests\Integration\AuthenticationTest" classname="Tests.Integration.AuthenticationTest" assertions="9" time="0.000117"/>
        <testcase name="itCreatesSessionOnSuccessfulLogin" file="/Users/de63386/Documents/Source/SecStore/tests/Integration/AuthenticationTest.php" line="60" class="Tests\Integration\AuthenticationTest" classname="Tests.Integration.AuthenticationTest" assertions="3" time="0.000089"/>
        <testcase name="itDestroysSessionOnLogout" file="/Users/de63386/Documents/Source/SecStore/tests/Integration/AuthenticationTest.php" line="87" class="Tests\Integration\AuthenticationTest" classname="Tests.Integration.AuthenticationTest" assertions="1" time="0.000065"/>
        <testcase name="itRegeneratesSessionIdOnLogin" file="/Users/de63386/Documents/Source/SecStore/tests/Integration/AuthenticationTest.php" line="101" class="Tests\Integration\AuthenticationTest" classname="Tests.Integration.AuthenticationTest" assertions="0" time="0.000103">
          <skipped/>
        </testcase>
        <testcase name="itTracksFailedLoginAttempts" file="/Users/de63386/Documents/Source/SecStore/tests/Integration/AuthenticationTest.php" line="109" class="Tests\Integration\AuthenticationTest" classname="Tests.Integration.AuthenticationTest" assertions="1" time="0.000073"/>
        <testcase name="itEnforcesAccountLockoutAfterMaxAttempts" file="/Users/de63386/Documents/Source/SecStore/tests/Integration/AuthenticationTest.php" line="127" class="Tests\Integration\AuthenticationTest" classname="Tests.Integration.AuthenticationTest" assertions="1" time="0.000077"/>
        <testcase name="itResetsFailedAttemptsOnSuccessfulLogin" file="/Users/de63386/Documents/Source/SecStore/tests/Integration/AuthenticationTest.php" line="145" class="Tests\Integration\AuthenticationTest" classname="Tests.Integration.AuthenticationTest" assertions="1" time="0.000080"/>
        <testcase name="itValidatesSessionTimeout" file="/Users/de63386/Documents/Source/SecStore/tests/Integration/AuthenticationTest.php" line="158" class="Tests\Integration\AuthenticationTest" classname="Tests.Integration.AuthenticationTest" assertions="1" time="0.000073"/>
        <testcase name="itHandles2FaFlow" file="/Users/de63386/Documents/Source/SecStore/tests/Integration/AuthenticationTest.php" line="169" class="Tests\Integration\AuthenticationTest" classname="Tests.Integration.AuthenticationTest" assertions="3" time="0.000088"/>
        <testcase name="itCompletes2FaVerification" file="/Users/de63386/Documents/Source/SecStore/tests/Integration/AuthenticationTest.php" line="186" class="Tests\Integration\AuthenticationTest" classname="Tests.Integration.AuthenticationTest" assertions="2" time="0.000072"/>
      </testsuite>
    </testsuite>
    <testsuite name="Feature" tests="6" assertions="21" errors="0" failures="0" skipped="0" time="0.000451">
      <testsuite name="Tests\Feature\LoginFlowTest" file="/Users/de63386/Documents/Source/SecStore/tests/Feature/LoginFlowTest.php" tests="6" assertions="21" errors="0" failures="0" skipped="0" time="0.000451">
        <testcase name="userCanCompleteFullLoginFlow" file="/Users/de63386/Documents/Source/SecStore/tests/Feature/LoginFlowTest.php" line="16" class="Tests\Feature\LoginFlowTest" classname="Tests.Feature.LoginFlowTest" assertions="6" time="0.000081"/>
        <testcase name="userWith2FaCompletesFullFlow" file="/Users/de63386/Documents/Source/SecStore/tests/Feature/LoginFlowTest.php" line="60" class="Tests\Feature\LoginFlowTest" classname="Tests.Feature.LoginFlowTest" assertions="5" time="0.000079"/>
        <testcase name="failedLoginTracksAttempts" file="/Users/de63386/Documents/Source/SecStore/tests/Feature/LoginFlowTest.php" line="101" class="Tests\Feature\LoginFlowTest" classname="Tests.Feature.LoginFlowTest" assertions="3" time="0.000073"/>
        <testcase name="accountLocksAfterMaxFailedAttempts" file="/Users/de63386/Documents/Source/SecStore/tests/Feature/LoginFlowTest.php" line="119" class="Tests\Feature\LoginFlowTest" classname="Tests.Feature.LoginFlowTest" assertions="1" time="0.000074"/>
        <testcase name="sessionExpiresAfterTimeout" file="/Users/de63386/Documents/Source/SecStore/tests/Feature/LoginFlowTest.php" line="136" class="Tests\Feature\LoginFlowTest" classname="Tests.Feature.LoginFlowTest" assertions="2" time="0.000070"/>
        <testcase name="logoutClearsAllSessionData" file="/Users/de63386/Documents/Source/SecStore/tests/Feature/LoginFlowTest.php" line="158" class="Tests\Feature\LoginFlowTest" classname="Tests.Feature.LoginFlowTest" assertions="4" time="0.000075"/>
      </testsuite>
    </testsuite>
  </testsuite>
</testsuites>
