<?xml version="1.0" encoding="UTF-8"?>
<testsuites>
  <testsuite name="/Users/de63386/Documents/Source/SecStore/phpunit.xml" tests="201" assertions="594" errors="0" failures="0" skipped="1" time="1.476983">
    <testsuite name="Unit" tests="183" assertions="546" errors="0" failures="0" skipped="0" time="1.475427">
      <testsuite name="Tests\Unit\LogUtilTest" file="/Users/de63386/Documents/Source/SecStore/tests/Unit/LogUtilTest.php" tests="36" assertions="128" errors="0" failures="0" skipped="0" time="1.020243">
        <testcase name="it_loads_configuration_lazily" file="/Users/de63386/Documents/Source/SecStore/tests/Unit/LogUtilTest.php" line="127" class="Tests\Unit\LogUtilTest" classname="Tests.Unit.LogUtilTest" assertions="4" time="0.001845"/>
        <testcase name="it_does_not_reload_configuration_if_already_loaded" file="/Users/de63386/Documents/Source/SecStore/tests/Unit/LogUtilTest.php" line="143" class="Tests\Unit\LogUtilTest" classname="Tests.Unit.LogUtilTest" assertions="1" time="0.000251"/>
        <testcase name="it_loads_logging_configuration_with_all_flags" file="/Users/de63386/Documents/Source/SecStore/tests/Unit/LogUtilTest.php" line="158" class="Tests\Unit\LogUtilTest" classname="Tests.Unit.LogUtilTest" assertions="12" time="0.000208"/>
        <testcase name="it_validates_all_log_types_exist" file="/Users/de63386/Documents/Source/SecStore/tests/Unit/LogUtilTest.php" line="185" class="Tests\Unit\LogUtilTest" classname="Tests.Unit.LogUtilTest" assertions="14" time="0.000445"/>
        <testcase name="it_creates_log_types_from_enum" file="/Users/de63386/Documents/Source/SecStore/tests/Unit/LogUtilTest.php" line="207" class="Tests\Unit\LogUtilTest" classname="Tests.Unit.LogUtilTest" assertions="7" time="0.000171"/>
        <testcase name="it_determines_if_sql_logging_is_enabled" file="/Users/de63386/Documents/Source/SecStore/tests/Unit/LogUtilTest.php" line="224" class="Tests\Unit\LogUtilTest" classname="Tests.Unit.LogUtilTest" assertions="2" time="0.000222"/>
        <testcase name="it_determines_if_request_logging_is_enabled" file="/Users/de63386/Documents/Source/SecStore/tests/Unit/LogUtilTest.php" line="236" class="Tests\Unit\LogUtilTest" classname="Tests.Unit.LogUtilTest" assertions="1" time="0.000171"/>
        <testcase name="it_always_logs_error_type_regardless_of_config" file="/Users/de63386/Documents/Source/SecStore/tests/Unit/LogUtilTest.php" line="246" class="Tests\Unit\LogUtilTest" classname="Tests.Unit.LogUtilTest" assertions="1" time="0.000163"/>
        <testcase name="it_validates_log_type_filtering_logic" file="/Users/de63386/Documents/Source/SecStore/tests/Unit/LogUtilTest.php" line="269" class="Tests\Unit\LogUtilTest" classname="Tests.Unit.LogUtilTest" assertions="6" time="0.000165"/>
        <testcase name="it_extracts_ip_from_remote_addr" file="/Users/de63386/Documents/Source/SecStore/tests/Unit/LogUtilTest.php" line="297" class="Tests\Unit\LogUtilTest" classname="Tests.Unit.LogUtilTest" assertions="1" time="0.000159"/>
        <testcase name="it_prefers_x_forwarded_for_if_available" file="/Users/de63386/Documents/Source/SecStore/tests/Unit/LogUtilTest.php" line="312" class="Tests\Unit\LogUtilTest" classname="Tests.Unit.LogUtilTest" assertions="1" time="0.000158"/>
        <testcase name="it_handles_multiple_ips_in_x_forwarded_for" file="/Users/de63386/Documents/Source/SecStore/tests/Unit/LogUtilTest.php" line="326" class="Tests\Unit\LogUtilTest" classname="Tests.Unit.LogUtilTest" assertions="1" time="0.000158"/>
        <testcase name="it_falls_back_to_unknown_if_no_ip_available" file="/Users/de63386/Documents/Source/SecStore/tests/Unit/LogUtilTest.php" line="339" class="Tests\Unit\LogUtilTest" classname="Tests.Unit.LogUtilTest" assertions="1" time="0.000157"/>
        <testcase name="it_validates_ipv4_addresses" file="/Users/de63386/Documents/Source/SecStore/tests/Unit/LogUtilTest.php" line="354" class="Tests\Unit\LogUtilTest" classname="Tests.Unit.LogUtilTest" assertions="5" time="0.000221"/>
        <testcase name="it_validates_ipv6_addresses" file="/Users/de63386/Documents/Source/SecStore/tests/Unit/LogUtilTest.php" line="375" class="Tests\Unit\LogUtilTest" classname="Tests.Unit.LogUtilTest" assertions="3" time="0.000163"/>
        <testcase name="it_formats_context_string_correctly" file="/Users/de63386/Documents/Source/SecStore/tests/Unit/LogUtilTest.php" line="395" class="Tests\Unit\LogUtilTest" classname="Tests.Unit.LogUtilTest" assertions="2" time="0.000234"/>
        <testcase name="it_handles_empty_method_in_context" file="/Users/de63386/Documents/Source/SecStore/tests/Unit/LogUtilTest.php" line="410" class="Tests\Unit\LogUtilTest" classname="Tests.Unit.LogUtilTest" assertions="1" time="0.000153"/>
        <testcase name="it_handles_nested_file_paths_in_context" file="/Users/de63386/Documents/Source/SecStore/tests/Unit/LogUtilTest.php" line="424" class="Tests\Unit\LogUtilTest" classname="Tests.Unit.LogUtilTest" assertions="2" time="0.000216"/>
        <testcase name="it_creates_log_directory_if_not_exists" file="/Users/de63386/Documents/Source/SecStore/tests/Unit/LogUtilTest.php" line="443" class="Tests\Unit\LogUtilTest" classname="Tests.Unit.LogUtilTest" assertions="2" time="0.000290"/>
        <testcase name="it_uses_correct_file_permissions_for_log_directory" file="/Users/de63386/Documents/Source/SecStore/tests/Unit/LogUtilTest.php" line="462" class="Tests\Unit\LogUtilTest" classname="Tests.Unit.LogUtilTest" assertions="1" time="0.000232"/>
        <testcase name="it_formats_log_message_with_timestamp" file="/Users/de63386/Documents/Source/SecStore/tests/Unit/LogUtilTest.php" line="479" class="Tests\Unit\LogUtilTest" classname="Tests.Unit.LogUtilTest" assertions="3" time="0.000207"/>
        <testcase name="it_appends_to_log_file" file="/Users/de63386/Documents/Source/SecStore/tests/Unit/LogUtilTest.php" line="495" class="Tests\Unit\LogUtilTest" classname="Tests.Unit.LogUtilTest" assertions="2" time="0.000342"/>
        <testcase name="it_uses_file_locking_when_writing" file="/Users/de63386/Documents/Source/SecStore/tests/Unit/LogUtilTest.php" line="516" class="Tests\Unit\LogUtilTest" classname="Tests.Unit.LogUtilTest" assertions="2" time="0.000314"/>
        <testcase name="it_validates_log_message_is_string" file="/Users/de63386/Documents/Source/SecStore/tests/Unit/LogUtilTest.php" line="538" class="Tests\Unit\LogUtilTest" classname="Tests.Unit.LogUtilTest" assertions="3" time="0.000158"/>
        <testcase name="it_handles_empty_log_messages" file="/Users/de63386/Documents/Source/SecStore/tests/Unit/LogUtilTest.php" line="554" class="Tests\Unit\LogUtilTest" classname="Tests.Unit.LogUtilTest" assertions="2" time="0.000212"/>
        <testcase name="it_handles_multiline_log_messages" file="/Users/de63386/Documents/Source/SecStore/tests/Unit/LogUtilTest.php" line="565" class="Tests\Unit\LogUtilTest" classname="Tests.Unit.LogUtilTest" assertions="3" time="0.000230"/>
        <testcase name="it_handles_unicode_in_log_messages" file="/Users/de63386/Documents/Source/SecStore/tests/Unit/LogUtilTest.php" line="578" class="Tests\Unit\LogUtilTest" classname="Tests.Unit.LogUtilTest" assertions="8" time="0.000211"/>
        <testcase name="it_defaults_to_anonymous_user_when_no_session" file="/Users/de63386/Documents/Source/SecStore/tests/Unit/LogUtilTest.php" line="600" class="Tests\Unit\LogUtilTest" classname="Tests.Unit.LogUtilTest" assertions="1" time="0.000155"/>
        <testcase name="it_extracts_username_from_session" file="/Users/de63386/Documents/Source/SecStore/tests/Unit/LogUtilTest.php" line="613" class="Tests\Unit\LogUtilTest" classname="Tests.Unit.LogUtilTest" assertions="1" time="0.000156"/>
        <testcase name="it_formats_datetime_correctly" file="/Users/de63386/Documents/Source/SecStore/tests/Unit/LogUtilTest.php" line="630" class="Tests\Unit\LogUtilTest" classname="Tests.Unit.LogUtilTest" assertions="1" time="0.000286"/>
        <testcase name="it_uses_consistent_datetime_format" file="/Users/de63386/Documents/Source/SecStore/tests/Unit/LogUtilTest.php" line="643" class="Tests\Unit\LogUtilTest" classname="Tests.Unit.LogUtilTest" assertions="2" time="1.003739"/>
        <testcase name="it_validates_pagination_parameters" file="/Users/de63386/Documents/Source/SecStore/tests/Unit/LogUtilTest.php" line="669" class="Tests\Unit\LogUtilTest" classname="Tests.Unit.LogUtilTest" assertions="4" time="0.005383"/>
        <testcase name="it_calculates_offset_correctly" file="/Users/de63386/Documents/Source/SecStore/tests/Unit/LogUtilTest.php" line="682" class="Tests\Unit\LogUtilTest" classname="Tests.Unit.LogUtilTest" assertions="4" time="0.001439"/>
        <testcase name="it_handles_very_long_log_messages" file="/Users/de63386/Documents/Source/SecStore/tests/Unit/LogUtilTest.php" line="704" class="Tests\Unit\LogUtilTest" classname="Tests.Unit.LogUtilTest" assertions="2" time="0.000713"/>
        <testcase name="it_handles_special_characters_in_context" file="/Users/de63386/Documents/Source/SecStore/tests/Unit/LogUtilTest.php" line="715" class="Tests\Unit\LogUtilTest" classname="Tests.Unit.LogUtilTest" assertions="8" time="0.000474"/>
        <testcase name="it_validates_log_type_enum_values_are_strings" file="/Users/de63386/Documents/Source/SecStore/tests/Unit/LogUtilTest.php" line="733" class="Tests\Unit\LogUtilTest" classname="Tests.Unit.LogUtilTest" assertions="14" time="0.000442"/>
      </testsuite>
      <testsuite name="Tests\Unit\MailUtilTest" file="/Users/de63386/Documents/Source/SecStore/tests/Unit/MailUtilTest.php" tests="28" assertions="130" errors="0" failures="0" skipped="0" time="0.004924">
        <testcase name="it_loads_configuration_lazily" file="/Users/de63386/Documents/Source/SecStore/tests/Unit/MailUtilTest.php" line="102" class="Tests\Unit\MailUtilTest" classname="Tests.Unit.MailUtilTest" assertions="3" time="0.000518"/>
        <testcase name="it_does_not_reload_configuration_if_already_loaded" file="/Users/de63386/Documents/Source/SecStore/tests/Unit/MailUtilTest.php" line="117" class="Tests\Unit\MailUtilTest" classname="Tests.Unit.MailUtilTest" assertions="1" time="0.000166"/>
        <testcase name="it_loads_mail_configuration_with_required_keys" file="/Users/de63386/Documents/Source/SecStore/tests/Unit/MailUtilTest.php" line="132" class="Tests\Unit\MailUtilTest" classname="Tests.Unit.MailUtilTest" assertions="8" time="0.000157"/>
        <testcase name="it_validates_smtp_configuration_structure" file="/Users/de63386/Documents/Source/SecStore/tests/Unit/MailUtilTest.php" line="152" class="Tests\Unit\MailUtilTest" classname="Tests.Unit.MailUtilTest" assertions="5" time="0.000409"/>
        <testcase name="it_has_valid_smtp_port_numbers" file="/Users/de63386/Documents/Source/SecStore/tests/Unit/MailUtilTest.php" line="166" class="Tests\Unit\MailUtilTest" classname="Tests.Unit.MailUtilTest" assertions="1" time="0.000140"/>
        <testcase name="it_has_valid_encryption_type" file="/Users/de63386/Documents/Source/SecStore/tests/Unit/MailUtilTest.php" line="177" class="Tests\Unit\MailUtilTest" classname="Tests.Unit.MailUtilTest" assertions="1" time="0.000138"/>
        <testcase name="it_has_valid_email_format_for_from_address" file="/Users/de63386/Documents/Source/SecStore/tests/Unit/MailUtilTest.php" line="187" class="Tests\Unit\MailUtilTest" classname="Tests.Unit.MailUtilTest" assertions="1" time="0.000196"/>
        <testcase name="it_validates_recipient_email_format" file="/Users/de63386/Documents/Source/SecStore/tests/Unit/MailUtilTest.php" line="204" class="Tests\Unit\MailUtilTest" classname="Tests.Unit.MailUtilTest" assertions="7" time="0.000148"/>
        <testcase name="it_validates_subject_is_not_empty" file="/Users/de63386/Documents/Source/SecStore/tests/Unit/MailUtilTest.php" line="240" class="Tests\Unit\MailUtilTest" classname="Tests.Unit.MailUtilTest" assertions="6" time="0.000148"/>
        <testcase name="it_validates_template_names" file="/Users/de63386/Documents/Source/SecStore/tests/Unit/MailUtilTest.php" line="261" class="Tests\Unit\MailUtilTest" classname="Tests.Unit.MailUtilTest" assertions="4" time="0.000174"/>
        <testcase name="it_validates_template_data_is_array" file="/Users/de63386/Documents/Source/SecStore/tests/Unit/MailUtilTest.php" line="282" class="Tests\Unit\MailUtilTest" classname="Tests.Unit.MailUtilTest" assertions="3" time="0.000161"/>
        <testcase name="it_respects_enable_welcome_mail_flag" file="/Users/de63386/Documents/Source/SecStore/tests/Unit/MailUtilTest.php" line="302" class="Tests\Unit\MailUtilTest" classname="Tests.Unit.MailUtilTest" assertions="2" time="0.000147"/>
        <testcase name="it_validates_welcome_mail_logic" file="/Users/de63386/Documents/Source/SecStore/tests/Unit/MailUtilTest.php" line="316" class="Tests\Unit\MailUtilTest" classname="Tests.Unit.MailUtilTest" assertions="2" time="0.000141"/>
        <testcase name="it_sends_non_welcome_emails_regardless_of_flag" file="/Users/de63386/Documents/Source/SecStore/tests/Unit/MailUtilTest.php" line="335" class="Tests\Unit\MailUtilTest" classname="Tests.Unit.MailUtilTest" assertions="3" time="0.000141"/>
        <testcase name="it_handles_invalid_smtp_credentials_gracefully" file="/Users/de63386/Documents/Source/SecStore/tests/Unit/MailUtilTest.php" line="353" class="Tests\Unit\MailUtilTest" classname="Tests.Unit.MailUtilTest" assertions="3" time="0.000138"/>
        <testcase name="it_handles_missing_mail_configuration" file="/Users/de63386/Documents/Source/SecStore/tests/Unit/MailUtilTest.php" line="367" class="Tests\Unit\MailUtilTest" classname="Tests.Unit.MailUtilTest" assertions="1" time="0.000139"/>
        <testcase name="it_handles_invalid_port_number" file="/Users/de63386/Documents/Source/SecStore/tests/Unit/MailUtilTest.php" line="377" class="Tests\Unit\MailUtilTest" classname="Tests.Unit.MailUtilTest" assertions="4" time="0.000143"/>
        <testcase name="it_uses_reasonable_smtp_timeout" file="/Users/de63386/Documents/Source/SecStore/tests/Unit/MailUtilTest.php" line="396" class="Tests\Unit\MailUtilTest" classname="Tests.Unit.MailUtilTest" assertions="4" time="0.000192"/>
        <testcase name="it_handles_special_characters_in_subject" file="/Users/de63386/Documents/Source/SecStore/tests/Unit/MailUtilTest.php" line="411" class="Tests\Unit\MailUtilTest" classname="Tests.Unit.MailUtilTest" assertions="8" time="0.000150"/>
        <testcase name="it_handles_unicode_in_subject" file="/Users/de63386/Documents/Source/SecStore/tests/Unit/MailUtilTest.php" line="429" class="Tests\Unit\MailUtilTest" classname="Tests.Unit.MailUtilTest" assertions="12" time="0.000156"/>
        <testcase name="it_handles_empty_from_name_gracefully" file="/Users/de63386/Documents/Source/SecStore/tests/Unit/MailUtilTest.php" line="452" class="Tests\Unit\MailUtilTest" classname="Tests.Unit.MailUtilTest" assertions="2" time="0.000149"/>
        <testcase name="it_validates_smtp_host_format" file="/Users/de63386/Documents/Source/SecStore/tests/Unit/MailUtilTest.php" line="464" class="Tests\Unit\MailUtilTest" classname="Tests.Unit.MailUtilTest" assertions="15" time="0.000171"/>
        <testcase name="it_handles_different_encryption_methods" file="/Users/de63386/Documents/Source/SecStore/tests/Unit/MailUtilTest.php" line="484" class="Tests\Unit\MailUtilTest" classname="Tests.Unit.MailUtilTest" assertions="6" time="0.000158"/>
        <testcase name="it_constructs_valid_template_path" file="/Users/de63386/Documents/Source/SecStore/tests/Unit/MailUtilTest.php" line="505" class="Tests\Unit\MailUtilTest" classname="Tests.Unit.MailUtilTest" assertions="3" time="0.000149"/>
        <testcase name="it_validates_template_file_extension" file="/Users/de63386/Documents/Source/SecStore/tests/Unit/MailUtilTest.php" line="518" class="Tests\Unit\MailUtilTest" classname="Tests.Unit.MailUtilTest" assertions="3" time="0.000140"/>
        <testcase name="it_has_complete_mail_configuration_for_sending" file="/Users/de63386/Documents/Source/SecStore/tests/Unit/MailUtilTest.php" line="538" class="Tests\Unit\MailUtilTest" classname="Tests.Unit.MailUtilTest" assertions="14" time="0.000157"/>
        <testcase name="it_validates_complete_email_send_parameters" file="/Users/de63386/Documents/Source/SecStore/tests/Unit/MailUtilTest.php" line="561" class="Tests\Unit\MailUtilTest" classname="Tests.Unit.MailUtilTest" assertions="5" time="0.000162"/>
        <testcase name="it_constructs_valid_log_messages" file="/Users/de63386/Documents/Source/SecStore/tests/Unit/MailUtilTest.php" line="587" class="Tests\Unit\MailUtilTest" classname="Tests.Unit.MailUtilTest" assertions="3" time="0.000137"/>
      </testsuite>
      <testsuite name="Tests\Unit\RateLimiterTest" file="/Users/de63386/Documents/Source/SecStore/tests/Unit/RateLimiterTest.php" tests="15" assertions="53" errors="0" failures="0" skipped="0" time="0.002448">
        <testcase name="it_initializes_with_default_limits" file="/Users/de63386/Documents/Source/SecStore/tests/Unit/RateLimiterTest.php" line="53" class="Tests\Unit\RateLimiterTest" classname="Tests.Unit.RateLimiterTest" assertions="2" time="0.000524"/>
        <testcase name="it_accepts_custom_limits" file="/Users/de63386/Documents/Source/SecStore/tests/Unit/RateLimiterTest.php" line="63" class="Tests\Unit\RateLimiterTest" classname="Tests.Unit.RateLimiterTest" assertions="2" time="0.000146"/>
        <testcase name="it_allows_requests_within_limit" file="/Users/de63386/Documents/Source/SecStore/tests/Unit/RateLimiterTest.php" line="78" class="Tests\Unit\RateLimiterTest" classname="Tests.Unit.RateLimiterTest" assertions="5" time="0.000152"/>
        <testcase name="it_tracks_request_count_correctly" file="/Users/de63386/Documents/Source/SecStore/tests/Unit/RateLimiterTest.php" line="94" class="Tests\Unit\RateLimiterTest" classname="Tests.Unit.RateLimiterTest" assertions="2" time="0.000145"/>
        <testcase name="it_returns_correct_status_information" file="/Users/de63386/Documents/Source/SecStore/tests/Unit/RateLimiterTest.php" line="114" class="Tests\Unit\RateLimiterTest" classname="Tests.Unit.RateLimiterTest" assertions="11" time="0.000131"/>
        <testcase name="it_uses_global_limit_as_fallback" file="/Users/de63386/Documents/Source/SecStore/tests/Unit/RateLimiterTest.php" line="147" class="Tests\Unit\RateLimiterTest" classname="Tests.Unit.RateLimiterTest" assertions="1" time="0.000119"/>
        <testcase name="it_has_correct_default_limits" file="/Users/de63386/Documents/Source/SecStore/tests/Unit/RateLimiterTest.php" line="159" class="Tests\Unit\RateLimiterTest" classname="Tests.Unit.RateLimiterTest" assertions="6" time="0.000127"/>
        <testcase name="it_stores_requests_in_session" file="/Users/de63386/Documents/Source/SecStore/tests/Unit/RateLimiterTest.php" line="178" class="Tests\Unit\RateLimiterTest" classname="Tests.Unit.RateLimiterTest" assertions="5" time="0.000137"/>
        <testcase name="it_maintains_separate_limits_for_different_types" file="/Users/de63386/Documents/Source/SecStore/tests/Unit/RateLimiterTest.php" line="206" class="Tests\Unit\RateLimiterTest" classname="Tests.Unit.RateLimiterTest" assertions="3" time="0.000134"/>
        <testcase name="it_handles_zero_requests_correctly" file="/Users/de63386/Documents/Source/SecStore/tests/Unit/RateLimiterTest.php" line="230" class="Tests\Unit\RateLimiterTest" classname="Tests.Unit.RateLimiterTest" assertions="2" time="0.000130"/>
        <testcase name="it_calculates_remaining_requests_correctly" file="/Users/de63386/Documents/Source/SecStore/tests/Unit/RateLimiterTest.php" line="245" class="Tests\Unit\RateLimiterTest" classname="Tests.Unit.RateLimiterTest" assertions="4" time="0.000184"/>
        <testcase name="it_generates_consistent_identifier_for_same_client" file="/Users/de63386/Documents/Source/SecStore/tests/Unit/RateLimiterTest.php" line="280" class="Tests\Unit\RateLimiterTest" classname="Tests.Unit.RateLimiterTest" assertions="1" time="0.000131"/>
        <testcase name="it_handles_missing_user_agent_gracefully" file="/Users/de63386/Documents/Source/SecStore/tests/Unit/RateLimiterTest.php" line="299" class="Tests\Unit\RateLimiterTest" classname="Tests.Unit.RateLimiterTest" assertions="1" time="0.000121"/>
        <testcase name="it_provides_window_reset_timestamp" file="/Users/de63386/Documents/Source/SecStore/tests/Unit/RateLimiterTest.php" line="310" class="Tests\Unit\RateLimiterTest" classname="Tests.Unit.RateLimiterTest" assertions="5" time="0.000130"/>
        <testcase name="it_handles_concurrent_limit_types" file="/Users/de63386/Documents/Source/SecStore/tests/Unit/RateLimiterTest.php" line="329" class="Tests\Unit\RateLimiterTest" classname="Tests.Unit.RateLimiterTest" assertions="3" time="0.000137"/>
      </testsuite>
      <testsuite name="Tests\Unit\SecurityMetricsTest" file="/Users/de63386/Documents/Source/SecStore/tests/Unit/SecurityMetricsTest.php" tests="23" assertions="55" errors="0" failures="0" skipped="0" time="0.003032">
        <testcase name="it_calculates_perfect_security_score" file="/Users/de63386/Documents/Source/SecStore/tests/Unit/SecurityMetricsTest.php" line="63" class="Tests\Unit\SecurityMetricsTest" classname="Tests.Unit.SecurityMetricsTest" assertions="1" time="0.000514"/>
        <testcase name="it_reduces_score_for_moderate_failed_logins" file="/Users/de63386/Documents/Source/SecStore/tests/Unit/SecurityMetricsTest.php" line="81" class="Tests\Unit\SecurityMetricsTest" classname="Tests.Unit.SecurityMetricsTest" assertions="1" time="0.000124"/>
        <testcase name="it_reduces_score_for_high_failed_logins" file="/Users/de63386/Documents/Source/SecStore/tests/Unit/SecurityMetricsTest.php" line="99" class="Tests\Unit\SecurityMetricsTest" classname="Tests.Unit.SecurityMetricsTest" assertions="1" time="0.000119"/>
        <testcase name="it_reduces_score_for_csrf_violations" file="/Users/de63386/Documents/Source/SecStore/tests/Unit/SecurityMetricsTest.php" line="117" class="Tests\Unit\SecurityMetricsTest" classname="Tests.Unit.SecurityMetricsTest" assertions="1" time="0.000115"/>
        <testcase name="it_caps_csrf_violation_penalty_at_30" file="/Users/de63386/Documents/Source/SecStore/tests/Unit/SecurityMetricsTest.php" line="135" class="Tests\Unit\SecurityMetricsTest" classname="Tests.Unit.SecurityMetricsTest" assertions="1" time="0.000115"/>
        <testcase name="it_reduces_score_for_high_severity_alerts" file="/Users/de63386/Documents/Source/SecStore/tests/Unit/SecurityMetricsTest.php" line="153" class="Tests\Unit\SecurityMetricsTest" classname="Tests.Unit.SecurityMetricsTest" assertions="1" time="0.000117"/>
        <testcase name="it_reduces_score_for_medium_severity_alerts" file="/Users/de63386/Documents/Source/SecStore/tests/Unit/SecurityMetricsTest.php" line="174" class="Tests\Unit\SecurityMetricsTest" classname="Tests.Unit.SecurityMetricsTest" assertions="1" time="0.000113"/>
        <testcase name="it_combines_multiple_penalties" file="/Users/de63386/Documents/Source/SecStore/tests/Unit/SecurityMetricsTest.php" line="195" class="Tests\Unit\SecurityMetricsTest" classname="Tests.Unit.SecurityMetricsTest" assertions="1" time="0.000113"/>
        <testcase name="it_never_returns_negative_security_score" file="/Users/de63386/Documents/Source/SecStore/tests/Unit/SecurityMetricsTest.php" line="216" class="Tests\Unit\SecurityMetricsTest" classname="Tests.Unit.SecurityMetricsTest" assertions="3" time="0.000117"/>
        <testcase name="it_detects_no_alerts_for_normal_activity" file="/Users/de63386/Documents/Source/SecStore/tests/Unit/SecurityMetricsTest.php" line="244" class="Tests\Unit\SecurityMetricsTest" classname="Tests.Unit.SecurityMetricsTest" assertions="1" time="0.000111"/>
        <testcase name="it_detects_excessive_failed_logins_alert" file="/Users/de63386/Documents/Source/SecStore/tests/Unit/SecurityMetricsTest.php" line="264" class="Tests\Unit\SecurityMetricsTest" classname="Tests.Unit.SecurityMetricsTest" assertions="3" time="0.000113"/>
        <testcase name="it_detects_csrf_violations_alert" file="/Users/de63386/Documents/Source/SecStore/tests/Unit/SecurityMetricsTest.php" line="283" class="Tests\Unit\SecurityMetricsTest" classname="Tests.Unit.SecurityMetricsTest" assertions="3" time="0.000110"/>
        <testcase name="it_detects_suspicious_activity_alert" file="/Users/de63386/Documents/Source/SecStore/tests/Unit/SecurityMetricsTest.php" line="302" class="Tests\Unit\SecurityMetricsTest" classname="Tests.Unit.SecurityMetricsTest" assertions="3" time="0.000111"/>
        <testcase name="it_detects_multiple_alerts_simultaneously" file="/Users/de63386/Documents/Source/SecStore/tests/Unit/SecurityMetricsTest.php" line="324" class="Tests\Unit\SecurityMetricsTest" classname="Tests.Unit.SecurityMetricsTest" assertions="4" time="0.000117"/>
        <testcase name="it_includes_recommendations_in_alerts" file="/Users/de63386/Documents/Source/SecStore/tests/Unit/SecurityMetricsTest.php" line="347" class="Tests\Unit\SecurityMetricsTest" classname="Tests.Unit.SecurityMetricsTest" assertions="2" time="0.000118"/>
        <testcase name="it_identifies_suspicious_ips_from_failed_logins" file="/Users/de63386/Documents/Source/SecStore/tests/Unit/SecurityMetricsTest.php" line="369" class="Tests\Unit\SecurityMetricsTest" classname="Tests.Unit.SecurityMetricsTest" assertions="3" time="0.000121"/>
        <testcase name="it_identifies_multiple_suspicious_ips" file="/Users/de63386/Documents/Source/SecStore/tests/Unit/SecurityMetricsTest.php" line="397" class="Tests\Unit\SecurityMetricsTest" classname="Tests.Unit.SecurityMetricsTest" assertions="4" time="0.000123"/>
        <testcase name="it_handles_no_suspicious_activity" file="/Users/de63386/Documents/Source/SecStore/tests/Unit/SecurityMetricsTest.php" line="428" class="Tests\Unit\SecurityMetricsTest" classname="Tests.Unit.SecurityMetricsTest" assertions="2" time="0.000113"/>
        <testcase name="it_returns_valid_summary_structure" file="/Users/de63386/Documents/Source/SecStore/tests/Unit/SecurityMetricsTest.php" line="450" class="Tests\Unit\SecurityMetricsTest" classname="Tests.Unit.SecurityMetricsTest" assertions="7" time="0.000117"/>
        <testcase name="it_returns_valid_alert_structure" file="/Users/de63386/Documents/Source/SecStore/tests/Unit/SecurityMetricsTest.php" line="473" class="Tests\Unit\SecurityMetricsTest" classname="Tests.Unit.SecurityMetricsTest" assertions="6" time="0.000110"/>
        <testcase name="it_handles_zero_login_attempts" file="/Users/de63386/Documents/Source/SecStore/tests/Unit/SecurityMetricsTest.php" line="504" class="Tests\Unit\SecurityMetricsTest" classname="Tests.Unit.SecurityMetricsTest" assertions="1" time="0.000103"/>
        <testcase name="it_handles_null_suspicious_activity" file="/Users/de63386/Documents/Source/SecStore/tests/Unit/SecurityMetricsTest.php" line="522" class="Tests\Unit\SecurityMetricsTest" classname="Tests.Unit.SecurityMetricsTest" assertions="1" time="0.000109"/>
        <testcase name="it_handles_boundary_value_for_failed_logins" file="/Users/de63386/Documents/Source/SecStore/tests/Unit/SecurityMetricsTest.php" line="539" class="Tests\Unit\SecurityMetricsTest" classname="Tests.Unit.SecurityMetricsTest" assertions="4" time="0.000106"/>
      </testsuite>
      <testsuite name="Tests\Unit\SessionUtilTest" file="/Users/de63386/Documents/Source/SecStore/tests/Unit/SessionUtilTest.php" tests="9" assertions="14" errors="0" failures="0" skipped="0" time="0.001304">
        <testcase name="it_can_set_and_get_session_value" file="/Users/de63386/Documents/Source/SecStore/tests/Unit/SessionUtilTest.php" line="41" class="Tests\Unit\SessionUtilTest" classname="Tests.Unit.SessionUtilTest" assertions="1" time="0.000409"/>
        <testcase name="it_returns_null_for_nonexistent_key" file="/Users/de63386/Documents/Source/SecStore/tests/Unit/SessionUtilTest.php" line="49" class="Tests\Unit\SessionUtilTest" classname="Tests.Unit.SessionUtilTest" assertions="1" time="0.000120"/>
        <testcase name="it_can_remove_session_value" file="/Users/de63386/Documents/Source/SecStore/tests/Unit/SessionUtilTest.php" line="55" class="Tests\Unit\SessionUtilTest" classname="Tests.Unit.SessionUtilTest" assertions="1" time="0.000109"/>
        <testcase name="it_can_check_if_key_exists" file="/Users/de63386/Documents/Source/SecStore/tests/Unit/SessionUtilTest.php" line="64" class="Tests\Unit\SessionUtilTest" classname="Tests.Unit.SessionUtilTest" assertions="2" time="0.000104"/>
        <testcase name="it_can_destroy_session" file="/Users/de63386/Documents/Source/SecStore/tests/Unit/SessionUtilTest.php" line="73" class="Tests\Unit\SessionUtilTest" classname="Tests.Unit.SessionUtilTest" assertions="1" time="0.000105"/>
        <testcase name="it_generates_unique_csrf_tokens" file="/Users/de63386/Documents/Source/SecStore/tests/Unit/SessionUtilTest.php" line="82" class="Tests\Unit\SessionUtilTest" classname="Tests.Unit.SessionUtilTest" assertions="2" time="0.000144"/>
        <testcase name="it_validates_csrf_tokens_correctly" file="/Users/de63386/Documents/Source/SecStore/tests/Unit/SessionUtilTest.php" line="98" class="Tests\Unit\SessionUtilTest" classname="Tests.Unit.SessionUtilTest" assertions="2" time="0.000106"/>
        <testcase name="it_stores_user_in_session" file="/Users/de63386/Documents/Source/SecStore/tests/Unit/SessionUtilTest.php" line="110" class="Tests\Unit\SessionUtilTest" classname="Tests.Unit.SessionUtilTest" assertions="2" time="0.000102"/>
        <testcase name="it_handles_session_timeout_calculation" file="/Users/de63386/Documents/Source/SecStore/tests/Unit/SessionUtilTest.php" line="126" class="Tests\Unit\SessionUtilTest" classname="Tests.Unit.SessionUtilTest" assertions="2" time="0.000105"/>
      </testsuite>
      <testsuite name="Tests\Unit\SodiumEncryptionTest" file="/Users/de63386/Documents/Source/SecStore/tests/Unit/SodiumEncryptionTest.php" tests="39" assertions="91" errors="0" failures="0" skipped="0" time="0.434954">
        <testcase name="it_generates_key_with_correct_length" file="/Users/de63386/Documents/Source/SecStore/tests/Unit/SodiumEncryptionTest.php" line="62" class="Tests\Unit\SodiumEncryptionTest" classname="Tests.Unit.SodiumEncryptionTest" assertions="2" time="0.000304"/>
        <testcase name="it_generates_unique_keys" file="/Users/de63386/Documents/Source/SecStore/tests/Unit/SodiumEncryptionTest.php" line="73" class="Tests\Unit\SodiumEncryptionTest" classname="Tests.Unit.SodiumEncryptionTest" assertions="3" time="0.000140"/>
        <testcase name="it_generates_cryptographically_random_keys" file="/Users/de63386/Documents/Source/SecStore/tests/Unit/SodiumEncryptionTest.php" line="87" class="Tests\Unit\SodiumEncryptionTest" classname="Tests.Unit.SodiumEncryptionTest" assertions="1" time="0.000121"/>
        <testcase name="it_encodes_key_to_base64url" file="/Users/de63386/Documents/Source/SecStore/tests/Unit/SodiumEncryptionTest.php" line="105" class="Tests\Unit\SodiumEncryptionTest" classname="Tests.Unit.SodiumEncryptionTest" assertions="5" time="0.000121"/>
        <testcase name="it_decodes_key_from_base64url" file="/Users/de63386/Documents/Source/SecStore/tests/Unit/SodiumEncryptionTest.php" line="119" class="Tests\Unit\SodiumEncryptionTest" classname="Tests.Unit.SodiumEncryptionTest" assertions="2" time="0.000112"/>
        <testcase name="it_performs_encode_decode_roundtrip" file="/Users/de63386/Documents/Source/SecStore/tests/Unit/SodiumEncryptionTest.php" line="133" class="Tests\Unit\SodiumEncryptionTest" classname="Tests.Unit.SodiumEncryptionTest" assertions="1" time="0.000107"/>
        <testcase name="it_throws_exception_for_invalid_encoded_key_format" file="/Users/de63386/Documents/Source/SecStore/tests/Unit/SodiumEncryptionTest.php" line="144" class="Tests\Unit\SodiumEncryptionTest" classname="Tests.Unit.SodiumEncryptionTest" assertions="2" time="0.000346"/>
        <testcase name="it_throws_exception_for_invalid_decoded_key_length" file="/Users/de63386/Documents/Source/SecStore/tests/Unit/SodiumEncryptionTest.php" line="158" class="Tests\Unit\SodiumEncryptionTest" classname="Tests.Unit.SodiumEncryptionTest" assertions="2" time="0.000115"/>
        <testcase name="it_encrypts_plaintext_successfully" file="/Users/de63386/Documents/Source/SecStore/tests/Unit/SodiumEncryptionTest.php" line="177" class="Tests\Unit\SodiumEncryptionTest" classname="Tests.Unit.SodiumEncryptionTest" assertions="3" time="0.000142"/>
        <testcase name="it_decrypts_ciphertext_successfully" file="/Users/de63386/Documents/Source/SecStore/tests/Unit/SodiumEncryptionTest.php" line="192" class="Tests\Unit\SodiumEncryptionTest" classname="Tests.Unit.SodiumEncryptionTest" assertions="1" time="0.000119"/>
        <testcase name="it_performs_encrypt_decrypt_roundtrip" file="/Users/de63386/Documents/Source/SecStore/tests/Unit/SodiumEncryptionTest.php" line="206" class="Tests\Unit\SodiumEncryptionTest" classname="Tests.Unit.SodiumEncryptionTest" assertions="5" time="0.000145"/>
        <testcase name="it_produces_different_ciphertexts_for_same_plaintext" file="/Users/de63386/Documents/Source/SecStore/tests/Unit/SodiumEncryptionTest.php" line="228" class="Tests\Unit\SodiumEncryptionTest" classname="Tests.Unit.SodiumEncryptionTest" assertions="6" time="0.000146"/>
        <testcase name="it_throws_exception_for_invalid_key_length_on_encrypt" file="/Users/de63386/Documents/Source/SecStore/tests/Unit/SodiumEncryptionTest.php" line="250" class="Tests\Unit\SodiumEncryptionTest" classname="Tests.Unit.SodiumEncryptionTest" assertions="2" time="0.000114"/>
        <testcase name="it_throws_exception_for_invalid_key_length_on_decrypt" file="/Users/de63386/Documents/Source/SecStore/tests/Unit/SodiumEncryptionTest.php" line="265" class="Tests\Unit\SodiumEncryptionTest" classname="Tests.Unit.SodiumEncryptionTest" assertions="2" time="0.000110"/>
        <testcase name="it_throws_exception_for_invalid_ciphertext_encoding" file="/Users/de63386/Documents/Source/SecStore/tests/Unit/SodiumEncryptionTest.php" line="280" class="Tests\Unit\SodiumEncryptionTest" classname="Tests.Unit.SodiumEncryptionTest" assertions="2" time="0.000114"/>
        <testcase name="it_throws_exception_for_too_short_ciphertext" file="/Users/de63386/Documents/Source/SecStore/tests/Unit/SodiumEncryptionTest.php" line="294" class="Tests\Unit\SodiumEncryptionTest" classname="Tests.Unit.SodiumEncryptionTest" assertions="2" time="0.000106"/>
        <testcase name="it_throws_exception_for_wrong_decryption_key" file="/Users/de63386/Documents/Source/SecStore/tests/Unit/SodiumEncryptionTest.php" line="308" class="Tests\Unit\SodiumEncryptionTest" classname="Tests.Unit.SodiumEncryptionTest" assertions="2" time="0.000116"/>
        <testcase name="it_throws_exception_for_tampered_ciphertext" file="/Users/de63386/Documents/Source/SecStore/tests/Unit/SodiumEncryptionTest.php" line="324" class="Tests\Unit\SodiumEncryptionTest" classname="Tests.Unit.SodiumEncryptionTest" assertions="2" time="0.000112"/>
        <testcase name="it_encrypts_and_decrypts_with_associated_data" file="/Users/de63386/Documents/Source/SecStore/tests/Unit/SodiumEncryptionTest.php" line="346" class="Tests\Unit\SodiumEncryptionTest" classname="Tests.Unit.SodiumEncryptionTest" assertions="1" time="0.000112"/>
        <testcase name="it_fails_decryption_with_wrong_associated_data" file="/Users/de63386/Documents/Source/SecStore/tests/Unit/SodiumEncryptionTest.php" line="361" class="Tests\Unit\SodiumEncryptionTest" classname="Tests.Unit.SodiumEncryptionTest" assertions="2" time="0.000114"/>
        <testcase name="it_fails_decryption_with_missing_associated_data" file="/Users/de63386/Documents/Source/SecStore/tests/Unit/SodiumEncryptionTest.php" line="379" class="Tests\Unit\SodiumEncryptionTest" classname="Tests.Unit.SodiumEncryptionTest" assertions="2" time="0.000104"/>
        <testcase name="it_encrypts_without_associated_data_by_default" file="/Users/de63386/Documents/Source/SecStore/tests/Unit/SodiumEncryptionTest.php" line="396" class="Tests\Unit\SodiumEncryptionTest" classname="Tests.Unit.SodiumEncryptionTest" assertions="1" time="0.000099"/>
        <testcase name="it_derives_key_from_passphrase_without_salt" file="/Users/de63386/Documents/Source/SecStore/tests/Unit/SodiumEncryptionTest.php" line="414" class="Tests\Unit\SodiumEncryptionTest" classname="Tests.Unit.SodiumEncryptionTest" assertions="6" time="0.059111"/>
        <testcase name="it_derives_key_from_passphrase_with_salt" file="/Users/de63386/Documents/Source/SecStore/tests/Unit/SodiumEncryptionTest.php" line="431" class="Tests\Unit\SodiumEncryptionTest" classname="Tests.Unit.SodiumEncryptionTest" assertions="2" time="0.047132"/>
        <testcase name="it_derives_same_key_for_same_passphrase_and_salt" file="/Users/de63386/Documents/Source/SecStore/tests/Unit/SodiumEncryptionTest.php" line="446" class="Tests\Unit\SodiumEncryptionTest" classname="Tests.Unit.SodiumEncryptionTest" assertions="1" time="0.092389"/>
        <testcase name="it_derives_different_keys_for_different_passphrases" file="/Users/de63386/Documents/Source/SecStore/tests/Unit/SodiumEncryptionTest.php" line="461" class="Tests\Unit\SodiumEncryptionTest" classname="Tests.Unit.SodiumEncryptionTest" assertions="1" time="0.092160"/>
        <testcase name="it_derives_different_keys_for_different_salts" file="/Users/de63386/Documents/Source/SecStore/tests/Unit/SodiumEncryptionTest.php" line="477" class="Tests\Unit\SodiumEncryptionTest" classname="Tests.Unit.SodiumEncryptionTest" assertions="1" time="0.091837"/>
        <testcase name="it_throws_exception_for_too_short_salt" file="/Users/de63386/Documents/Source/SecStore/tests/Unit/SodiumEncryptionTest.php" line="493" class="Tests\Unit\SodiumEncryptionTest" classname="Tests.Unit.SodiumEncryptionTest" assertions="2" time="0.000126"/>
        <testcase name="it_uses_derived_key_for_encryption" file="/Users/de63386/Documents/Source/SecStore/tests/Unit/SodiumEncryptionTest.php" line="508" class="Tests\Unit\SodiumEncryptionTest" classname="Tests.Unit.SodiumEncryptionTest" assertions="1" time="0.047321"/>
        <testcase name="it_handles_empty_plaintext" file="/Users/de63386/Documents/Source/SecStore/tests/Unit/SodiumEncryptionTest.php" line="529" class="Tests\Unit\SodiumEncryptionTest" classname="Tests.Unit.SodiumEncryptionTest" assertions="1" time="0.000103"/>
        <testcase name="it_handles_large_plaintext" file="/Users/de63386/Documents/Source/SecStore/tests/Unit/SodiumEncryptionTest.php" line="543" class="Tests\Unit\SodiumEncryptionTest" classname="Tests.Unit.SodiumEncryptionTest" assertions="1" time="0.001092"/>
        <testcase name="it_handles_unicode_characters" file="/Users/de63386/Documents/Source/SecStore/tests/Unit/SodiumEncryptionTest.php" line="557" class="Tests\Unit\SodiumEncryptionTest" classname="Tests.Unit.SodiumEncryptionTest" assertions="1" time="0.000081"/>
        <testcase name="it_handles_binary_data" file="/Users/de63386/Documents/Source/SecStore/tests/Unit/SodiumEncryptionTest.php" line="571" class="Tests\Unit\SodiumEncryptionTest" classname="Tests.Unit.SodiumEncryptionTest" assertions="1" time="0.000081"/>
        <testcase name="it_produces_url_safe_ciphertext" file="/Users/de63386/Documents/Source/SecStore/tests/Unit/SodiumEncryptionTest.php" line="585" class="Tests\Unit\SodiumEncryptionTest" classname="Tests.Unit.SodiumEncryptionTest" assertions="4" time="0.000078"/>
        <testcase name="it_includes_version_in_envelope" file="/Users/de63386/Documents/Source/SecStore/tests/Unit/SodiumEncryptionTest.php" line="605" class="Tests\Unit\SodiumEncryptionTest" classname="Tests.Unit.SodiumEncryptionTest" assertions="1" time="0.000071"/>
        <testcase name="it_rejects_unsupported_version" file="/Users/de63386/Documents/Source/SecStore/tests/Unit/SodiumEncryptionTest.php" line="627" class="Tests\Unit\SodiumEncryptionTest" classname="Tests.Unit.SodiumEncryptionTest" assertions="2" time="0.000078"/>
        <testcase name="it_provides_authenticated_encryption" file="/Users/de63386/Documents/Source/SecStore/tests/Unit/SodiumEncryptionTest.php" line="660" class="Tests\Unit\SodiumEncryptionTest" classname="Tests.Unit.SodiumEncryptionTest" assertions="12" time="0.000131"/>
        <testcase name="it_uses_different_nonces_for_each_encryption" file="/Users/de63386/Documents/Source/SecStore/tests/Unit/SodiumEncryptionTest.php" line="716" class="Tests\Unit\SodiumEncryptionTest" classname="Tests.Unit.SodiumEncryptionTest" assertions="1" time="0.000076"/>
        <testcase name="it_maintains_confidentiality" file="/Users/de63386/Documents/Source/SecStore/tests/Unit/SodiumEncryptionTest.php" line="733" class="Tests\Unit\SodiumEncryptionTest" classname="Tests.Unit.SodiumEncryptionTest" assertions="2" time="0.000067"/>
      </testsuite>
      <testsuite name="Tests\Unit\TranslationUtilTest" file="/Users/de63386/Documents/Source/SecStore/tests/Unit/TranslationUtilTest.php" tests="33" assertions="75" errors="0" failures="0" skipped="0" time="0.008523">
        <testcase name="it_initializes_with_default_language" file="/Users/de63386/Documents/Source/SecStore/tests/Unit/TranslationUtilTest.php" line="82" class="Tests\Unit\TranslationUtilTest" classname="Tests.Unit.TranslationUtilTest" assertions="1" time="0.001879"/>
        <testcase name="it_initializes_with_provided_language" file="/Users/de63386/Documents/Source/SecStore/tests/Unit/TranslationUtilTest.php" line="95" class="Tests\Unit\TranslationUtilTest" classname="Tests.Unit.TranslationUtilTest" assertions="1" time="0.000209"/>
        <testcase name="it_initializes_with_language_from_cookie" file="/Users/de63386/Documents/Source/SecStore/tests/Unit/TranslationUtilTest.php" line="105" class="Tests\Unit\TranslationUtilTest" classname="Tests.Unit.TranslationUtilTest" assertions="1" time="0.000181"/>
        <testcase name="it_prioritizes_parameter_over_cookie" file="/Users/de63386/Documents/Source/SecStore/tests/Unit/TranslationUtilTest.php" line="118" class="Tests\Unit\TranslationUtilTest" classname="Tests.Unit.TranslationUtilTest" assertions="1" time="0.000170"/>
        <testcase name="it_prioritizes_cookie_over_browser_language" file="/Users/de63386/Documents/Source/SecStore/tests/Unit/TranslationUtilTest.php" line="131" class="Tests\Unit\TranslationUtilTest" classname="Tests.Unit.TranslationUtilTest" assertions="1" time="0.000171"/>
        <testcase name="it_sets_language_successfully" file="/Users/de63386/Documents/Source/SecStore/tests/Unit/TranslationUtilTest.php" line="149" class="Tests\Unit\TranslationUtilTest" classname="Tests.Unit.TranslationUtilTest" assertions="1" time="0.000171"/>
        <testcase name="it_loads_translation_file_when_setting_language" file="/Users/de63386/Documents/Source/SecStore/tests/Unit/TranslationUtilTest.php" line="159" class="Tests\Unit\TranslationUtilTest" classname="Tests.Unit.TranslationUtilTest" assertions="3" time="0.000184"/>
        <testcase name="it_does_not_change_language_for_nonexistent_file" file="/Users/de63386/Documents/Source/SecStore/tests/Unit/TranslationUtilTest.php" line="172" class="Tests\Unit\TranslationUtilTest" classname="Tests.Unit.TranslationUtilTest" assertions="1" time="0.000185"/>
        <testcase name="it_changes_language_and_loads_new_translations" file="/Users/de63386/Documents/Source/SecStore/tests/Unit/TranslationUtilTest.php" line="185" class="Tests\Unit\TranslationUtilTest" classname="Tests.Unit.TranslationUtilTest" assertions="5" time="0.000318"/>
        <testcase name="it_translates_existing_key" file="/Users/de63386/Documents/Source/SecStore/tests/Unit/TranslationUtilTest.php" line="208" class="Tests\Unit\TranslationUtilTest" classname="Tests.Unit.TranslationUtilTest" assertions="2" time="0.000176"/>
        <testcase name="it_returns_key_for_missing_translation" file="/Users/de63386/Documents/Source/SecStore/tests/Unit/TranslationUtilTest.php" line="222" class="Tests\Unit\TranslationUtilTest" classname="Tests.Unit.TranslationUtilTest" assertions="1" time="0.000181"/>
        <testcase name="it_translates_multiple_keys" file="/Users/de63386/Documents/Source/SecStore/tests/Unit/TranslationUtilTest.php" line="235" class="Tests\Unit\TranslationUtilTest" classname="Tests.Unit.TranslationUtilTest" assertions="4" time="0.000199"/>
        <testcase name="it_handles_empty_key" file="/Users/de63386/Documents/Source/SecStore/tests/Unit/TranslationUtilTest.php" line="252" class="Tests\Unit\TranslationUtilTest" classname="Tests.Unit.TranslationUtilTest" assertions="1" time="0.000183"/>
        <testcase name="it_detects_english_from_browser" file="/Users/de63386/Documents/Source/SecStore/tests/Unit/TranslationUtilTest.php" line="269" class="Tests\Unit\TranslationUtilTest" classname="Tests.Unit.TranslationUtilTest" assertions="1" time="0.000174"/>
        <testcase name="it_detects_german_from_browser" file="/Users/de63386/Documents/Source/SecStore/tests/Unit/TranslationUtilTest.php" line="282" class="Tests\Unit\TranslationUtilTest" classname="Tests.Unit.TranslationUtilTest" assertions="1" time="0.000179"/>
        <testcase name="it_falls_back_to_english_for_unsupported_language" file="/Users/de63386/Documents/Source/SecStore/tests/Unit/TranslationUtilTest.php" line="295" class="Tests\Unit\TranslationUtilTest" classname="Tests.Unit.TranslationUtilTest" assertions="1" time="0.000180"/>
        <testcase name="it_handles_missing_accept_language_header" file="/Users/de63386/Documents/Source/SecStore/tests/Unit/TranslationUtilTest.php" line="308" class="Tests\Unit\TranslationUtilTest" classname="Tests.Unit.TranslationUtilTest" assertions="1" time="0.000171"/>
        <testcase name="it_handles_malformed_accept_language_header" file="/Users/de63386/Documents/Source/SecStore/tests/Unit/TranslationUtilTest.php" line="321" class="Tests\Unit\TranslationUtilTest" classname="Tests.Unit.TranslationUtilTest" assertions="1" time="0.000168"/>
        <testcase name="it_only_accepts_supported_languages" file="/Users/de63386/Documents/Source/SecStore/tests/Unit/TranslationUtilTest.php" line="338" class="Tests\Unit\TranslationUtilTest" classname="Tests.Unit.TranslationUtilTest" assertions="2" time="0.000279"/>
        <testcase name="it_ignores_unsupported_language_codes" file="/Users/de63386/Documents/Source/SecStore/tests/Unit/TranslationUtilTest.php" line="354" class="Tests\Unit\TranslationUtilTest" classname="Tests.Unit.TranslationUtilTest" assertions="5" time="0.000185"/>
        <testcase name="it_preserves_translations_across_multiple_calls" file="/Users/de63386/Documents/Source/SecStore/tests/Unit/TranslationUtilTest.php" line="376" class="Tests\Unit\TranslationUtilTest" classname="Tests.Unit.TranslationUtilTest" assertions="2" time="0.000185"/>
        <testcase name="it_handles_translation_with_special_characters" file="/Users/de63386/Documents/Source/SecStore/tests/Unit/TranslationUtilTest.php" line="392" class="Tests\Unit\TranslationUtilTest" classname="Tests.Unit.TranslationUtilTest" assertions="2" time="0.000167"/>
        <testcase name="it_maintains_state_after_multiple_initializations" file="/Users/de63386/Documents/Source/SecStore/tests/Unit/TranslationUtilTest.php" line="406" class="Tests\Unit\TranslationUtilTest" classname="Tests.Unit.TranslationUtilTest" assertions="2" time="0.000266"/>
        <testcase name="it_returns_consistent_language_code" file="/Users/de63386/Documents/Source/SecStore/tests/Unit/TranslationUtilTest.php" line="421" class="Tests\Unit\TranslationUtilTest" classname="Tests.Unit.TranslationUtilTest" assertions="2" time="0.000168"/>
        <testcase name="it_switches_language_successfully" file="/Users/de63386/Documents/Source/SecStore/tests/Unit/TranslationUtilTest.php" line="440" class="Tests\Unit\TranslationUtilTest" classname="Tests.Unit.TranslationUtilTest" assertions="3" time="0.000286"/>
        <testcase name="it_switches_language_multiple_times" file="/Users/de63386/Documents/Source/SecStore/tests/Unit/TranslationUtilTest.php" line="457" class="Tests\Unit\TranslationUtilTest" classname="Tests.Unit.TranslationUtilTest" assertions="3" time="0.000407"/>
        <testcase name="it_clears_previous_translations_on_language_switch" file="/Users/de63386/Documents/Source/SecStore/tests/Unit/TranslationUtilTest.php" line="471" class="Tests\Unit\TranslationUtilTest" classname="Tests.Unit.TranslationUtilTest" assertions="3" time="0.000281"/>
        <testcase name="it_respects_cookie_language_preference" file="/Users/de63386/Documents/Source/SecStore/tests/Unit/TranslationUtilTest.php" line="492" class="Tests\Unit\TranslationUtilTest" classname="Tests.Unit.TranslationUtilTest" assertions="1" time="0.000172"/>
        <testcase name="it_ignores_invalid_cookie_language" file="/Users/de63386/Documents/Source/SecStore/tests/Unit/TranslationUtilTest.php" line="506" class="Tests\Unit\TranslationUtilTest" classname="Tests.Unit.TranslationUtilTest" assertions="1" time="0.000069"/>
        <testcase name="it_provides_full_translation_workflow" file="/Users/de63386/Documents/Source/SecStore/tests/Unit/TranslationUtilTest.php" line="524" class="Tests\Unit\TranslationUtilTest" classname="Tests.Unit.TranslationUtilTest" assertions="7" time="0.000286"/>
        <testcase name="it_handles_missing_translation_gracefully" file="/Users/de63386/Documents/Source/SecStore/tests/Unit/TranslationUtilTest.php" line="550" class="Tests\Unit\TranslationUtilTest" classname="Tests.Unit.TranslationUtilTest" assertions="3" time="0.000178"/>
        <testcase name="it_loads_translations_into_memory" file="/Users/de63386/Documents/Source/SecStore/tests/Unit/TranslationUtilTest.php" line="567" class="Tests\Unit\TranslationUtilTest" classname="Tests.Unit.TranslationUtilTest" assertions="3" time="0.000198"/>
        <testcase name="it_supports_hierarchical_translation_keys" file="/Users/de63386/Documents/Source/SecStore/tests/Unit/TranslationUtilTest.php" line="580" class="Tests\Unit\TranslationUtilTest" classname="Tests.Unit.TranslationUtilTest" assertions="8" time="0.000315"/>
      </testsuite>
    </testsuite>
    <testsuite name="Integration" tests="12" assertions="27" errors="0" failures="0" skipped="1" time="0.001086">
      <testsuite name="Tests\Integration\AuthenticationTest" file="/Users/de63386/Documents/Source/SecStore/tests/Integration/AuthenticationTest.php" tests="12" assertions="27" errors="0" failures="0" skipped="1" time="0.001086">
        <testcase name="it_validates_login_credentials" file="/Users/de63386/Documents/Source/SecStore/tests/Integration/AuthenticationTest.php" line="18" class="Tests\Integration\AuthenticationTest" classname="Tests.Integration.AuthenticationTest" assertions="3" time="0.000101"/>
        <testcase name="it_rejects_empty_credentials" file="/Users/de63386/Documents/Source/SecStore/tests/Integration/AuthenticationTest.php" line="33" class="Tests\Integration\AuthenticationTest" classname="Tests.Integration.AuthenticationTest" assertions="2" time="0.000079"/>
        <testcase name="it_validates_password_complexity" file="/Users/de63386/Documents/Source/SecStore/tests/Integration/AuthenticationTest.php" line="43" class="Tests\Integration\AuthenticationTest" classname="Tests.Integration.AuthenticationTest" assertions="9" time="0.000107"/>
        <testcase name="it_creates_session_on_successful_login" file="/Users/de63386/Documents/Source/SecStore/tests/Integration/AuthenticationTest.php" line="60" class="Tests\Integration\AuthenticationTest" classname="Tests.Integration.AuthenticationTest" assertions="3" time="0.000076"/>
        <testcase name="it_destroys_session_on_logout" file="/Users/de63386/Documents/Source/SecStore/tests/Integration/AuthenticationTest.php" line="87" class="Tests\Integration\AuthenticationTest" classname="Tests.Integration.AuthenticationTest" assertions="1" time="0.000076"/>
        <testcase name="it_regenerates_session_id_on_login" file="/Users/de63386/Documents/Source/SecStore/tests/Integration/AuthenticationTest.php" line="101" class="Tests\Integration\AuthenticationTest" classname="Tests.Integration.AuthenticationTest" assertions="0" time="0.000210">
          <skipped/>
        </testcase>
        <testcase name="it_tracks_failed_login_attempts" file="/Users/de63386/Documents/Source/SecStore/tests/Integration/AuthenticationTest.php" line="109" class="Tests\Integration\AuthenticationTest" classname="Tests.Integration.AuthenticationTest" assertions="1" time="0.000074"/>
        <testcase name="it_enforces_account_lockout_after_max_attempts" file="/Users/de63386/Documents/Source/SecStore/tests/Integration/AuthenticationTest.php" line="127" class="Tests\Integration\AuthenticationTest" classname="Tests.Integration.AuthenticationTest" assertions="1" time="0.000079"/>
        <testcase name="it_resets_failed_attempts_on_successful_login" file="/Users/de63386/Documents/Source/SecStore/tests/Integration/AuthenticationTest.php" line="145" class="Tests\Integration\AuthenticationTest" classname="Tests.Integration.AuthenticationTest" assertions="1" time="0.000070"/>
        <testcase name="it_validates_session_timeout" file="/Users/de63386/Documents/Source/SecStore/tests/Integration/AuthenticationTest.php" line="158" class="Tests\Integration\AuthenticationTest" classname="Tests.Integration.AuthenticationTest" assertions="1" time="0.000074"/>
        <testcase name="it_handles_2fa_flow" file="/Users/de63386/Documents/Source/SecStore/tests/Integration/AuthenticationTest.php" line="169" class="Tests\Integration\AuthenticationTest" classname="Tests.Integration.AuthenticationTest" assertions="3" time="0.000075"/>
        <testcase name="it_completes_2fa_verification" file="/Users/de63386/Documents/Source/SecStore/tests/Integration/AuthenticationTest.php" line="186" class="Tests\Integration\AuthenticationTest" classname="Tests.Integration.AuthenticationTest" assertions="2" time="0.000065"/>
      </testsuite>
    </testsuite>
    <testsuite name="Feature" tests="6" assertions="21" errors="0" failures="0" skipped="0" time="0.000470">
      <testsuite name="Tests\Feature\LoginFlowTest" file="/Users/de63386/Documents/Source/SecStore/tests/Feature/LoginFlowTest.php" tests="6" assertions="21" errors="0" failures="0" skipped="0" time="0.000470">
        <testcase name="user_can_complete_full_login_flow" file="/Users/de63386/Documents/Source/SecStore/tests/Feature/LoginFlowTest.php" line="16" class="Tests\Feature\LoginFlowTest" classname="Tests.Feature.LoginFlowTest" assertions="6" time="0.000069"/>
        <testcase name="user_with_2fa_completes_full_flow" file="/Users/de63386/Documents/Source/SecStore/tests/Feature/LoginFlowTest.php" line="60" class="Tests\Feature\LoginFlowTest" classname="Tests.Feature.LoginFlowTest" assertions="5" time="0.000077"/>
        <testcase name="failed_login_tracks_attempts" file="/Users/de63386/Documents/Source/SecStore/tests/Feature/LoginFlowTest.php" line="101" class="Tests\Feature\LoginFlowTest" classname="Tests.Feature.LoginFlowTest" assertions="3" time="0.000082"/>
        <testcase name="account_locks_after_max_failed_attempts" file="/Users/de63386/Documents/Source/SecStore/tests/Feature/LoginFlowTest.php" line="119" class="Tests\Feature\LoginFlowTest" classname="Tests.Feature.LoginFlowTest" assertions="1" time="0.000080"/>
        <testcase name="session_expires_after_timeout" file="/Users/de63386/Documents/Source/SecStore/tests/Feature/LoginFlowTest.php" line="136" class="Tests\Feature\LoginFlowTest" classname="Tests.Feature.LoginFlowTest" assertions="2" time="0.000082"/>
        <testcase name="logout_clears_all_session_data" file="/Users/de63386/Documents/Source/SecStore/tests/Feature/LoginFlowTest.php" line="158" class="Tests\Feature\LoginFlowTest" classname="Tests.Feature.LoginFlowTest" assertions="4" time="0.000081"/>
      </testsuite>
    </testsuite>
  </testsuite>
</testsuites>
