<?xml version="1.0" encoding="UTF-8"?>
<testsuites>
  <testsuite name="/Users/de63386/Documents/Source/SecStore/phpunit.xml" tests="114" assertions="273" errors="0" failures="0" skipped="1" time="0.430286">
    <testsuite name="Unit" tests="96" assertions="225" errors="0" failures="0" skipped="0" time="0.428931">
      <testsuite name="Tests\Unit\RateLimiterTest" file="/Users/de63386/Documents/Source/SecStore/tests/Unit/RateLimiterTest.php" tests="15" assertions="53" errors="0" failures="0" skipped="0" time="0.002394">
        <testcase name="it_initializes_with_default_limits" file="/Users/de63386/Documents/Source/SecStore/tests/Unit/RateLimiterTest.php" line="53" class="Tests\Unit\RateLimiterTest" classname="Tests.Unit.RateLimiterTest" assertions="2" time="0.001036"/>
        <testcase name="it_accepts_custom_limits" file="/Users/de63386/Documents/Source/SecStore/tests/Unit/RateLimiterTest.php" line="63" class="Tests\Unit\RateLimiterTest" classname="Tests.Unit.RateLimiterTest" assertions="2" time="0.000125"/>
        <testcase name="it_allows_requests_within_limit" file="/Users/de63386/Documents/Source/SecStore/tests/Unit/RateLimiterTest.php" line="78" class="Tests\Unit\RateLimiterTest" classname="Tests.Unit.RateLimiterTest" assertions="5" time="0.000110"/>
        <testcase name="it_tracks_request_count_correctly" file="/Users/de63386/Documents/Source/SecStore/tests/Unit/RateLimiterTest.php" line="94" class="Tests\Unit\RateLimiterTest" classname="Tests.Unit.RateLimiterTest" assertions="2" time="0.000071"/>
        <testcase name="it_returns_correct_status_information" file="/Users/de63386/Documents/Source/SecStore/tests/Unit/RateLimiterTest.php" line="114" class="Tests\Unit\RateLimiterTest" classname="Tests.Unit.RateLimiterTest" assertions="11" time="0.000080"/>
        <testcase name="it_uses_global_limit_as_fallback" file="/Users/de63386/Documents/Source/SecStore/tests/Unit/RateLimiterTest.php" line="147" class="Tests\Unit\RateLimiterTest" classname="Tests.Unit.RateLimiterTest" assertions="1" time="0.000063"/>
        <testcase name="it_has_correct_default_limits" file="/Users/de63386/Documents/Source/SecStore/tests/Unit/RateLimiterTest.php" line="159" class="Tests\Unit\RateLimiterTest" classname="Tests.Unit.RateLimiterTest" assertions="6" time="0.000068"/>
        <testcase name="it_stores_requests_in_session" file="/Users/de63386/Documents/Source/SecStore/tests/Unit/RateLimiterTest.php" line="178" class="Tests\Unit\RateLimiterTest" classname="Tests.Unit.RateLimiterTest" assertions="5" time="0.000133"/>
        <testcase name="it_maintains_separate_limits_for_different_types" file="/Users/de63386/Documents/Source/SecStore/tests/Unit/RateLimiterTest.php" line="206" class="Tests\Unit\RateLimiterTest" classname="Tests.Unit.RateLimiterTest" assertions="3" time="0.000084"/>
        <testcase name="it_handles_zero_requests_correctly" file="/Users/de63386/Documents/Source/SecStore/tests/Unit/RateLimiterTest.php" line="230" class="Tests\Unit\RateLimiterTest" classname="Tests.Unit.RateLimiterTest" assertions="2" time="0.000071"/>
        <testcase name="it_calculates_remaining_requests_correctly" file="/Users/de63386/Documents/Source/SecStore/tests/Unit/RateLimiterTest.php" line="245" class="Tests\Unit\RateLimiterTest" classname="Tests.Unit.RateLimiterTest" assertions="4" time="0.000102"/>
        <testcase name="it_generates_consistent_identifier_for_same_client" file="/Users/de63386/Documents/Source/SecStore/tests/Unit/RateLimiterTest.php" line="280" class="Tests\Unit\RateLimiterTest" classname="Tests.Unit.RateLimiterTest" assertions="1" time="0.000073"/>
        <testcase name="it_handles_missing_user_agent_gracefully" file="/Users/de63386/Documents/Source/SecStore/tests/Unit/RateLimiterTest.php" line="299" class="Tests\Unit\RateLimiterTest" classname="Tests.Unit.RateLimiterTest" assertions="1" time="0.000074"/>
        <testcase name="it_provides_window_reset_timestamp" file="/Users/de63386/Documents/Source/SecStore/tests/Unit/RateLimiterTest.php" line="310" class="Tests\Unit\RateLimiterTest" classname="Tests.Unit.RateLimiterTest" assertions="5" time="0.000223"/>
        <testcase name="it_handles_concurrent_limit_types" file="/Users/de63386/Documents/Source/SecStore/tests/Unit/RateLimiterTest.php" line="329" class="Tests\Unit\RateLimiterTest" classname="Tests.Unit.RateLimiterTest" assertions="3" time="0.000080"/>
      </testsuite>
      <testsuite name="Tests\Unit\SessionUtilTest" file="/Users/de63386/Documents/Source/SecStore/tests/Unit/SessionUtilTest.php" tests="9" assertions="14" errors="0" failures="0" skipped="0" time="0.001104">
        <testcase name="it_can_set_and_get_session_value" file="/Users/de63386/Documents/Source/SecStore/tests/Unit/SessionUtilTest.php" line="41" class="Tests\Unit\SessionUtilTest" classname="Tests.Unit.SessionUtilTest" assertions="1" time="0.000222"/>
        <testcase name="it_returns_null_for_nonexistent_key" file="/Users/de63386/Documents/Source/SecStore/tests/Unit/SessionUtilTest.php" line="49" class="Tests\Unit\SessionUtilTest" classname="Tests.Unit.SessionUtilTest" assertions="1" time="0.000092"/>
        <testcase name="it_can_remove_session_value" file="/Users/de63386/Documents/Source/SecStore/tests/Unit/SessionUtilTest.php" line="55" class="Tests\Unit\SessionUtilTest" classname="Tests.Unit.SessionUtilTest" assertions="1" time="0.000060"/>
        <testcase name="it_can_check_if_key_exists" file="/Users/de63386/Documents/Source/SecStore/tests/Unit/SessionUtilTest.php" line="64" class="Tests\Unit\SessionUtilTest" classname="Tests.Unit.SessionUtilTest" assertions="2" time="0.000091"/>
        <testcase name="it_can_destroy_session" file="/Users/de63386/Documents/Source/SecStore/tests/Unit/SessionUtilTest.php" line="73" class="Tests\Unit\SessionUtilTest" classname="Tests.Unit.SessionUtilTest" assertions="1" time="0.000096"/>
        <testcase name="it_generates_unique_csrf_tokens" file="/Users/de63386/Documents/Source/SecStore/tests/Unit/SessionUtilTest.php" line="82" class="Tests\Unit\SessionUtilTest" classname="Tests.Unit.SessionUtilTest" assertions="2" time="0.000343"/>
        <testcase name="it_validates_csrf_tokens_correctly" file="/Users/de63386/Documents/Source/SecStore/tests/Unit/SessionUtilTest.php" line="98" class="Tests\Unit\SessionUtilTest" classname="Tests.Unit.SessionUtilTest" assertions="2" time="0.000069"/>
        <testcase name="it_stores_user_in_session" file="/Users/de63386/Documents/Source/SecStore/tests/Unit/SessionUtilTest.php" line="110" class="Tests\Unit\SessionUtilTest" classname="Tests.Unit.SessionUtilTest" assertions="2" time="0.000068"/>
        <testcase name="it_handles_session_timeout_calculation" file="/Users/de63386/Documents/Source/SecStore/tests/Unit/SessionUtilTest.php" line="126" class="Tests\Unit\SessionUtilTest" classname="Tests.Unit.SessionUtilTest" assertions="2" time="0.000063"/>
      </testsuite>
      <testsuite name="Tests\Unit\SodiumEncryptionTest" file="/Users/de63386/Documents/Source/SecStore/tests/Unit/SodiumEncryptionTest.php" tests="39" assertions="83" errors="0" failures="0" skipped="0" time="0.417368">
        <testcase name="it_generates_key_with_correct_length" file="/Users/de63386/Documents/Source/SecStore/tests/Unit/SodiumEncryptionTest.php" line="62" class="Tests\Unit\SodiumEncryptionTest" classname="Tests.Unit.SodiumEncryptionTest" assertions="2" time="0.000154"/>
        <testcase name="it_generates_unique_keys" file="/Users/de63386/Documents/Source/SecStore/tests/Unit/SodiumEncryptionTest.php" line="73" class="Tests\Unit\SodiumEncryptionTest" classname="Tests.Unit.SodiumEncryptionTest" assertions="3" time="0.000087"/>
        <testcase name="it_generates_cryptographically_random_keys" file="/Users/de63386/Documents/Source/SecStore/tests/Unit/SodiumEncryptionTest.php" line="87" class="Tests\Unit\SodiumEncryptionTest" classname="Tests.Unit.SodiumEncryptionTest" assertions="1" time="0.000067"/>
        <testcase name="it_encodes_key_to_base64url" file="/Users/de63386/Documents/Source/SecStore/tests/Unit/SodiumEncryptionTest.php" line="105" class="Tests\Unit\SodiumEncryptionTest" classname="Tests.Unit.SodiumEncryptionTest" assertions="5" time="0.000183"/>
        <testcase name="it_decodes_key_from_base64url" file="/Users/de63386/Documents/Source/SecStore/tests/Unit/SodiumEncryptionTest.php" line="119" class="Tests\Unit\SodiumEncryptionTest" classname="Tests.Unit.SodiumEncryptionTest" assertions="2" time="0.000073"/>
        <testcase name="it_performs_encode_decode_roundtrip" file="/Users/de63386/Documents/Source/SecStore/tests/Unit/SodiumEncryptionTest.php" line="133" class="Tests\Unit\SodiumEncryptionTest" classname="Tests.Unit.SodiumEncryptionTest" assertions="1" time="0.000072"/>
        <testcase name="it_throws_exception_for_invalid_encoded_key_format" file="/Users/de63386/Documents/Source/SecStore/tests/Unit/SodiumEncryptionTest.php" line="144" class="Tests\Unit\SodiumEncryptionTest" classname="Tests.Unit.SodiumEncryptionTest" assertions="2" time="0.000186"/>
        <testcase name="it_throws_exception_for_invalid_decoded_key_length" file="/Users/de63386/Documents/Source/SecStore/tests/Unit/SodiumEncryptionTest.php" line="158" class="Tests\Unit\SodiumEncryptionTest" classname="Tests.Unit.SodiumEncryptionTest" assertions="2" time="0.000066"/>
        <testcase name="it_encrypts_plaintext_successfully" file="/Users/de63386/Documents/Source/SecStore/tests/Unit/SodiumEncryptionTest.php" line="177" class="Tests\Unit\SodiumEncryptionTest" classname="Tests.Unit.SodiumEncryptionTest" assertions="3" time="0.000092"/>
        <testcase name="it_decrypts_ciphertext_successfully" file="/Users/de63386/Documents/Source/SecStore/tests/Unit/SodiumEncryptionTest.php" line="192" class="Tests\Unit\SodiumEncryptionTest" classname="Tests.Unit.SodiumEncryptionTest" assertions="1" time="0.000071"/>
        <testcase name="it_performs_encrypt_decrypt_roundtrip" file="/Users/de63386/Documents/Source/SecStore/tests/Unit/SodiumEncryptionTest.php" line="206" class="Tests\Unit\SodiumEncryptionTest" classname="Tests.Unit.SodiumEncryptionTest" assertions="5" time="0.000100"/>
        <testcase name="it_produces_different_ciphertexts_for_same_plaintext" file="/Users/de63386/Documents/Source/SecStore/tests/Unit/SodiumEncryptionTest.php" line="228" class="Tests\Unit\SodiumEncryptionTest" classname="Tests.Unit.SodiumEncryptionTest" assertions="6" time="0.000086"/>
        <testcase name="it_throws_exception_for_invalid_key_length_on_encrypt" file="/Users/de63386/Documents/Source/SecStore/tests/Unit/SodiumEncryptionTest.php" line="250" class="Tests\Unit\SodiumEncryptionTest" classname="Tests.Unit.SodiumEncryptionTest" assertions="2" time="0.000072"/>
        <testcase name="it_throws_exception_for_invalid_key_length_on_decrypt" file="/Users/de63386/Documents/Source/SecStore/tests/Unit/SodiumEncryptionTest.php" line="265" class="Tests\Unit\SodiumEncryptionTest" classname="Tests.Unit.SodiumEncryptionTest" assertions="2" time="0.000069"/>
        <testcase name="it_throws_exception_for_invalid_ciphertext_encoding" file="/Users/de63386/Documents/Source/SecStore/tests/Unit/SodiumEncryptionTest.php" line="280" class="Tests\Unit\SodiumEncryptionTest" classname="Tests.Unit.SodiumEncryptionTest" assertions="2" time="0.000070"/>
        <testcase name="it_throws_exception_for_too_short_ciphertext" file="/Users/de63386/Documents/Source/SecStore/tests/Unit/SodiumEncryptionTest.php" line="294" class="Tests\Unit\SodiumEncryptionTest" classname="Tests.Unit.SodiumEncryptionTest" assertions="2" time="0.000071"/>
        <testcase name="it_throws_exception_for_wrong_decryption_key" file="/Users/de63386/Documents/Source/SecStore/tests/Unit/SodiumEncryptionTest.php" line="308" class="Tests\Unit\SodiumEncryptionTest" classname="Tests.Unit.SodiumEncryptionTest" assertions="2" time="0.000079"/>
        <testcase name="it_throws_exception_for_tampered_ciphertext" file="/Users/de63386/Documents/Source/SecStore/tests/Unit/SodiumEncryptionTest.php" line="324" class="Tests\Unit\SodiumEncryptionTest" classname="Tests.Unit.SodiumEncryptionTest" assertions="2" time="0.000069"/>
        <testcase name="it_encrypts_and_decrypts_with_associated_data" file="/Users/de63386/Documents/Source/SecStore/tests/Unit/SodiumEncryptionTest.php" line="346" class="Tests\Unit\SodiumEncryptionTest" classname="Tests.Unit.SodiumEncryptionTest" assertions="1" time="0.000065"/>
        <testcase name="it_fails_decryption_with_wrong_associated_data" file="/Users/de63386/Documents/Source/SecStore/tests/Unit/SodiumEncryptionTest.php" line="361" class="Tests\Unit\SodiumEncryptionTest" classname="Tests.Unit.SodiumEncryptionTest" assertions="2" time="0.000072"/>
        <testcase name="it_fails_decryption_with_missing_associated_data" file="/Users/de63386/Documents/Source/SecStore/tests/Unit/SodiumEncryptionTest.php" line="379" class="Tests\Unit\SodiumEncryptionTest" classname="Tests.Unit.SodiumEncryptionTest" assertions="2" time="0.000070"/>
        <testcase name="it_encrypts_without_associated_data_by_default" file="/Users/de63386/Documents/Source/SecStore/tests/Unit/SodiumEncryptionTest.php" line="396" class="Tests\Unit\SodiumEncryptionTest" classname="Tests.Unit.SodiumEncryptionTest" assertions="1" time="0.000066"/>
        <testcase name="it_derives_key_from_passphrase_without_salt" file="/Users/de63386/Documents/Source/SecStore/tests/Unit/SodiumEncryptionTest.php" line="414" class="Tests\Unit\SodiumEncryptionTest" classname="Tests.Unit.SodiumEncryptionTest" assertions="6" time="0.045617"/>
        <testcase name="it_derives_key_from_passphrase_with_salt" file="/Users/de63386/Documents/Source/SecStore/tests/Unit/SodiumEncryptionTest.php" line="431" class="Tests\Unit\SodiumEncryptionTest" classname="Tests.Unit.SodiumEncryptionTest" assertions="2" time="0.045513"/>
        <testcase name="it_derives_same_key_for_same_passphrase_and_salt" file="/Users/de63386/Documents/Source/SecStore/tests/Unit/SodiumEncryptionTest.php" line="446" class="Tests\Unit\SodiumEncryptionTest" classname="Tests.Unit.SodiumEncryptionTest" assertions="1" time="0.090592"/>
        <testcase name="it_derives_different_keys_for_different_passphrases" file="/Users/de63386/Documents/Source/SecStore/tests/Unit/SodiumEncryptionTest.php" line="461" class="Tests\Unit\SodiumEncryptionTest" classname="Tests.Unit.SodiumEncryptionTest" assertions="1" time="0.091358"/>
        <testcase name="it_derives_different_keys_for_different_salts" file="/Users/de63386/Documents/Source/SecStore/tests/Unit/SodiumEncryptionTest.php" line="477" class="Tests\Unit\SodiumEncryptionTest" classname="Tests.Unit.SodiumEncryptionTest" assertions="1" time="0.094788"/>
        <testcase name="it_throws_exception_for_too_short_salt" file="/Users/de63386/Documents/Source/SecStore/tests/Unit/SodiumEncryptionTest.php" line="493" class="Tests\Unit\SodiumEncryptionTest" classname="Tests.Unit.SodiumEncryptionTest" assertions="2" time="0.000118"/>
        <testcase name="it_uses_derived_key_for_encryption" file="/Users/de63386/Documents/Source/SecStore/tests/Unit/SodiumEncryptionTest.php" line="508" class="Tests\Unit\SodiumEncryptionTest" classname="Tests.Unit.SodiumEncryptionTest" assertions="1" time="0.045639"/>
        <testcase name="it_handles_empty_plaintext" file="/Users/de63386/Documents/Source/SecStore/tests/Unit/SodiumEncryptionTest.php" line="529" class="Tests\Unit\SodiumEncryptionTest" classname="Tests.Unit.SodiumEncryptionTest" assertions="1" time="0.000095"/>
        <testcase name="it_handles_large_plaintext" file="/Users/de63386/Documents/Source/SecStore/tests/Unit/SodiumEncryptionTest.php" line="543" class="Tests\Unit\SodiumEncryptionTest" classname="Tests.Unit.SodiumEncryptionTest" assertions="1" time="0.001105"/>
        <testcase name="it_handles_unicode_characters" file="/Users/de63386/Documents/Source/SecStore/tests/Unit/SodiumEncryptionTest.php" line="557" class="Tests\Unit\SodiumEncryptionTest" classname="Tests.Unit.SodiumEncryptionTest" assertions="1" time="0.000066"/>
        <testcase name="it_handles_binary_data" file="/Users/de63386/Documents/Source/SecStore/tests/Unit/SodiumEncryptionTest.php" line="571" class="Tests\Unit\SodiumEncryptionTest" classname="Tests.Unit.SodiumEncryptionTest" assertions="1" time="0.000074"/>
        <testcase name="it_produces_url_safe_ciphertext" file="/Users/de63386/Documents/Source/SecStore/tests/Unit/SodiumEncryptionTest.php" line="585" class="Tests\Unit\SodiumEncryptionTest" classname="Tests.Unit.SodiumEncryptionTest" assertions="4" time="0.000076"/>
        <testcase name="it_includes_version_in_envelope" file="/Users/de63386/Documents/Source/SecStore/tests/Unit/SodiumEncryptionTest.php" line="605" class="Tests\Unit\SodiumEncryptionTest" classname="Tests.Unit.SodiumEncryptionTest" assertions="1" time="0.000069"/>
        <testcase name="it_rejects_unsupported_version" file="/Users/de63386/Documents/Source/SecStore/tests/Unit/SodiumEncryptionTest.php" line="627" class="Tests\Unit\SodiumEncryptionTest" classname="Tests.Unit.SodiumEncryptionTest" assertions="2" time="0.000078"/>
        <testcase name="it_provides_authenticated_encryption" file="/Users/de63386/Documents/Source/SecStore/tests/Unit/SodiumEncryptionTest.php" line="660" class="Tests\Unit\SodiumEncryptionTest" classname="Tests.Unit.SodiumEncryptionTest" assertions="4" time="0.000085"/>
        <testcase name="it_uses_different_nonces_for_each_encryption" file="/Users/de63386/Documents/Source/SecStore/tests/Unit/SodiumEncryptionTest.php" line="684" class="Tests\Unit\SodiumEncryptionTest" classname="Tests.Unit.SodiumEncryptionTest" assertions="1" time="0.000086"/>
        <testcase name="it_maintains_confidentiality" file="/Users/de63386/Documents/Source/SecStore/tests/Unit/SodiumEncryptionTest.php" line="701" class="Tests\Unit\SodiumEncryptionTest" classname="Tests.Unit.SodiumEncryptionTest" assertions="2" time="0.000071"/>
      </testsuite>
      <testsuite name="Tests\Unit\TranslationUtilTest" file="/Users/de63386/Documents/Source/SecStore/tests/Unit/TranslationUtilTest.php" tests="33" assertions="75" errors="0" failures="0" skipped="0" time="0.008065">
        <testcase name="it_initializes_with_default_language" file="/Users/de63386/Documents/Source/SecStore/tests/Unit/TranslationUtilTest.php" line="82" class="Tests\Unit\TranslationUtilTest" classname="Tests.Unit.TranslationUtilTest" assertions="1" time="0.001785"/>
        <testcase name="it_initializes_with_provided_language" file="/Users/de63386/Documents/Source/SecStore/tests/Unit/TranslationUtilTest.php" line="95" class="Tests\Unit\TranslationUtilTest" classname="Tests.Unit.TranslationUtilTest" assertions="1" time="0.000201"/>
        <testcase name="it_initializes_with_language_from_cookie" file="/Users/de63386/Documents/Source/SecStore/tests/Unit/TranslationUtilTest.php" line="105" class="Tests\Unit\TranslationUtilTest" classname="Tests.Unit.TranslationUtilTest" assertions="1" time="0.000179"/>
        <testcase name="it_prioritizes_parameter_over_cookie" file="/Users/de63386/Documents/Source/SecStore/tests/Unit/TranslationUtilTest.php" line="118" class="Tests\Unit\TranslationUtilTest" classname="Tests.Unit.TranslationUtilTest" assertions="1" time="0.000170"/>
        <testcase name="it_prioritizes_cookie_over_browser_language" file="/Users/de63386/Documents/Source/SecStore/tests/Unit/TranslationUtilTest.php" line="131" class="Tests\Unit\TranslationUtilTest" classname="Tests.Unit.TranslationUtilTest" assertions="1" time="0.000182"/>
        <testcase name="it_sets_language_successfully" file="/Users/de63386/Documents/Source/SecStore/tests/Unit/TranslationUtilTest.php" line="149" class="Tests\Unit\TranslationUtilTest" classname="Tests.Unit.TranslationUtilTest" assertions="1" time="0.000174"/>
        <testcase name="it_loads_translation_file_when_setting_language" file="/Users/de63386/Documents/Source/SecStore/tests/Unit/TranslationUtilTest.php" line="159" class="Tests\Unit\TranslationUtilTest" classname="Tests.Unit.TranslationUtilTest" assertions="3" time="0.000185"/>
        <testcase name="it_does_not_change_language_for_nonexistent_file" file="/Users/de63386/Documents/Source/SecStore/tests/Unit/TranslationUtilTest.php" line="172" class="Tests\Unit\TranslationUtilTest" classname="Tests.Unit.TranslationUtilTest" assertions="1" time="0.000171"/>
        <testcase name="it_changes_language_and_loads_new_translations" file="/Users/de63386/Documents/Source/SecStore/tests/Unit/TranslationUtilTest.php" line="185" class="Tests\Unit\TranslationUtilTest" classname="Tests.Unit.TranslationUtilTest" assertions="5" time="0.000287"/>
        <testcase name="it_translates_existing_key" file="/Users/de63386/Documents/Source/SecStore/tests/Unit/TranslationUtilTest.php" line="208" class="Tests\Unit\TranslationUtilTest" classname="Tests.Unit.TranslationUtilTest" assertions="2" time="0.000176"/>
        <testcase name="it_returns_key_for_missing_translation" file="/Users/de63386/Documents/Source/SecStore/tests/Unit/TranslationUtilTest.php" line="222" class="Tests\Unit\TranslationUtilTest" classname="Tests.Unit.TranslationUtilTest" assertions="1" time="0.000173"/>
        <testcase name="it_translates_multiple_keys" file="/Users/de63386/Documents/Source/SecStore/tests/Unit/TranslationUtilTest.php" line="235" class="Tests\Unit\TranslationUtilTest" classname="Tests.Unit.TranslationUtilTest" assertions="4" time="0.000182"/>
        <testcase name="it_handles_empty_key" file="/Users/de63386/Documents/Source/SecStore/tests/Unit/TranslationUtilTest.php" line="252" class="Tests\Unit\TranslationUtilTest" classname="Tests.Unit.TranslationUtilTest" assertions="1" time="0.000169"/>
        <testcase name="it_detects_english_from_browser" file="/Users/de63386/Documents/Source/SecStore/tests/Unit/TranslationUtilTest.php" line="269" class="Tests\Unit\TranslationUtilTest" classname="Tests.Unit.TranslationUtilTest" assertions="1" time="0.000167"/>
        <testcase name="it_detects_german_from_browser" file="/Users/de63386/Documents/Source/SecStore/tests/Unit/TranslationUtilTest.php" line="282" class="Tests\Unit\TranslationUtilTest" classname="Tests.Unit.TranslationUtilTest" assertions="1" time="0.000170"/>
        <testcase name="it_falls_back_to_english_for_unsupported_language" file="/Users/de63386/Documents/Source/SecStore/tests/Unit/TranslationUtilTest.php" line="295" class="Tests\Unit\TranslationUtilTest" classname="Tests.Unit.TranslationUtilTest" assertions="1" time="0.000168"/>
        <testcase name="it_handles_missing_accept_language_header" file="/Users/de63386/Documents/Source/SecStore/tests/Unit/TranslationUtilTest.php" line="308" class="Tests\Unit\TranslationUtilTest" classname="Tests.Unit.TranslationUtilTest" assertions="1" time="0.000170"/>
        <testcase name="it_handles_malformed_accept_language_header" file="/Users/de63386/Documents/Source/SecStore/tests/Unit/TranslationUtilTest.php" line="321" class="Tests\Unit\TranslationUtilTest" classname="Tests.Unit.TranslationUtilTest" assertions="1" time="0.000173"/>
        <testcase name="it_only_accepts_supported_languages" file="/Users/de63386/Documents/Source/SecStore/tests/Unit/TranslationUtilTest.php" line="338" class="Tests\Unit\TranslationUtilTest" classname="Tests.Unit.TranslationUtilTest" assertions="2" time="0.000268"/>
        <testcase name="it_ignores_unsupported_language_codes" file="/Users/de63386/Documents/Source/SecStore/tests/Unit/TranslationUtilTest.php" line="354" class="Tests\Unit\TranslationUtilTest" classname="Tests.Unit.TranslationUtilTest" assertions="5" time="0.000170"/>
        <testcase name="it_preserves_translations_across_multiple_calls" file="/Users/de63386/Documents/Source/SecStore/tests/Unit/TranslationUtilTest.php" line="376" class="Tests\Unit\TranslationUtilTest" classname="Tests.Unit.TranslationUtilTest" assertions="2" time="0.000166"/>
        <testcase name="it_handles_translation_with_special_characters" file="/Users/de63386/Documents/Source/SecStore/tests/Unit/TranslationUtilTest.php" line="392" class="Tests\Unit\TranslationUtilTest" classname="Tests.Unit.TranslationUtilTest" assertions="2" time="0.000169"/>
        <testcase name="it_maintains_state_after_multiple_initializations" file="/Users/de63386/Documents/Source/SecStore/tests/Unit/TranslationUtilTest.php" line="406" class="Tests\Unit\TranslationUtilTest" classname="Tests.Unit.TranslationUtilTest" assertions="2" time="0.000266"/>
        <testcase name="it_returns_consistent_language_code" file="/Users/de63386/Documents/Source/SecStore/tests/Unit/TranslationUtilTest.php" line="421" class="Tests\Unit\TranslationUtilTest" classname="Tests.Unit.TranslationUtilTest" assertions="2" time="0.000173"/>
        <testcase name="it_switches_language_successfully" file="/Users/de63386/Documents/Source/SecStore/tests/Unit/TranslationUtilTest.php" line="440" class="Tests\Unit\TranslationUtilTest" classname="Tests.Unit.TranslationUtilTest" assertions="3" time="0.000272"/>
        <testcase name="it_switches_language_multiple_times" file="/Users/de63386/Documents/Source/SecStore/tests/Unit/TranslationUtilTest.php" line="457" class="Tests\Unit\TranslationUtilTest" classname="Tests.Unit.TranslationUtilTest" assertions="3" time="0.000365"/>
        <testcase name="it_clears_previous_translations_on_language_switch" file="/Users/de63386/Documents/Source/SecStore/tests/Unit/TranslationUtilTest.php" line="471" class="Tests\Unit\TranslationUtilTest" classname="Tests.Unit.TranslationUtilTest" assertions="3" time="0.000276"/>
        <testcase name="it_respects_cookie_language_preference" file="/Users/de63386/Documents/Source/SecStore/tests/Unit/TranslationUtilTest.php" line="492" class="Tests\Unit\TranslationUtilTest" classname="Tests.Unit.TranslationUtilTest" assertions="1" time="0.000176"/>
        <testcase name="it_ignores_invalid_cookie_language" file="/Users/de63386/Documents/Source/SecStore/tests/Unit/TranslationUtilTest.php" line="506" class="Tests\Unit\TranslationUtilTest" classname="Tests.Unit.TranslationUtilTest" assertions="1" time="0.000063"/>
        <testcase name="it_provides_full_translation_workflow" file="/Users/de63386/Documents/Source/SecStore/tests/Unit/TranslationUtilTest.php" line="524" class="Tests\Unit\TranslationUtilTest" classname="Tests.Unit.TranslationUtilTest" assertions="7" time="0.000290"/>
        <testcase name="it_handles_missing_translation_gracefully" file="/Users/de63386/Documents/Source/SecStore/tests/Unit/TranslationUtilTest.php" line="550" class="Tests\Unit\TranslationUtilTest" classname="Tests.Unit.TranslationUtilTest" assertions="3" time="0.000172"/>
        <testcase name="it_loads_translations_into_memory" file="/Users/de63386/Documents/Source/SecStore/tests/Unit/TranslationUtilTest.php" line="567" class="Tests\Unit\TranslationUtilTest" classname="Tests.Unit.TranslationUtilTest" assertions="3" time="0.000172"/>
        <testcase name="it_supports_hierarchical_translation_keys" file="/Users/de63386/Documents/Source/SecStore/tests/Unit/TranslationUtilTest.php" line="580" class="Tests\Unit\TranslationUtilTest" classname="Tests.Unit.TranslationUtilTest" assertions="8" time="0.000185"/>
      </testsuite>
    </testsuite>
    <testsuite name="Integration" tests="12" assertions="27" errors="0" failures="0" skipped="1" time="0.000958">
      <testsuite name="Tests\Integration\AuthenticationTest" file="/Users/de63386/Documents/Source/SecStore/tests/Integration/AuthenticationTest.php" tests="12" assertions="27" errors="0" failures="0" skipped="1" time="0.000958">
        <testcase name="it_validates_login_credentials" file="/Users/de63386/Documents/Source/SecStore/tests/Integration/AuthenticationTest.php" line="18" class="Tests\Integration\AuthenticationTest" classname="Tests.Integration.AuthenticationTest" assertions="3" time="0.000085"/>
        <testcase name="it_rejects_empty_credentials" file="/Users/de63386/Documents/Source/SecStore/tests/Integration/AuthenticationTest.php" line="33" class="Tests\Integration\AuthenticationTest" classname="Tests.Integration.AuthenticationTest" assertions="2" time="0.000063"/>
        <testcase name="it_validates_password_complexity" file="/Users/de63386/Documents/Source/SecStore/tests/Integration/AuthenticationTest.php" line="43" class="Tests\Integration\AuthenticationTest" classname="Tests.Integration.AuthenticationTest" assertions="9" time="0.000111"/>
        <testcase name="it_creates_session_on_successful_login" file="/Users/de63386/Documents/Source/SecStore/tests/Integration/AuthenticationTest.php" line="60" class="Tests\Integration\AuthenticationTest" classname="Tests.Integration.AuthenticationTest" assertions="3" time="0.000076"/>
        <testcase name="it_destroys_session_on_logout" file="/Users/de63386/Documents/Source/SecStore/tests/Integration/AuthenticationTest.php" line="87" class="Tests\Integration\AuthenticationTest" classname="Tests.Integration.AuthenticationTest" assertions="1" time="0.000064"/>
        <testcase name="it_regenerates_session_id_on_login" file="/Users/de63386/Documents/Source/SecStore/tests/Integration/AuthenticationTest.php" line="101" class="Tests\Integration\AuthenticationTest" classname="Tests.Integration.AuthenticationTest" assertions="0" time="0.000166">
          <skipped/>
        </testcase>
        <testcase name="it_tracks_failed_login_attempts" file="/Users/de63386/Documents/Source/SecStore/tests/Integration/AuthenticationTest.php" line="109" class="Tests\Integration\AuthenticationTest" classname="Tests.Integration.AuthenticationTest" assertions="1" time="0.000062"/>
        <testcase name="it_enforces_account_lockout_after_max_attempts" file="/Users/de63386/Documents/Source/SecStore/tests/Integration/AuthenticationTest.php" line="127" class="Tests\Integration\AuthenticationTest" classname="Tests.Integration.AuthenticationTest" assertions="1" time="0.000068"/>
        <testcase name="it_resets_failed_attempts_on_successful_login" file="/Users/de63386/Documents/Source/SecStore/tests/Integration/AuthenticationTest.php" line="145" class="Tests\Integration\AuthenticationTest" classname="Tests.Integration.AuthenticationTest" assertions="1" time="0.000062"/>
        <testcase name="it_validates_session_timeout" file="/Users/de63386/Documents/Source/SecStore/tests/Integration/AuthenticationTest.php" line="158" class="Tests\Integration\AuthenticationTest" classname="Tests.Integration.AuthenticationTest" assertions="1" time="0.000058"/>
        <testcase name="it_handles_2fa_flow" file="/Users/de63386/Documents/Source/SecStore/tests/Integration/AuthenticationTest.php" line="169" class="Tests\Integration\AuthenticationTest" classname="Tests.Integration.AuthenticationTest" assertions="3" time="0.000073"/>
        <testcase name="it_completes_2fa_verification" file="/Users/de63386/Documents/Source/SecStore/tests/Integration/AuthenticationTest.php" line="186" class="Tests\Integration\AuthenticationTest" classname="Tests.Integration.AuthenticationTest" assertions="2" time="0.000068"/>
      </testsuite>
    </testsuite>
    <testsuite name="Feature" tests="6" assertions="21" errors="0" failures="0" skipped="0" time="0.000397">
      <testsuite name="Tests\Feature\LoginFlowTest" file="/Users/de63386/Documents/Source/SecStore/tests/Feature/LoginFlowTest.php" tests="6" assertions="21" errors="0" failures="0" skipped="0" time="0.000397">
        <testcase name="user_can_complete_full_login_flow" file="/Users/de63386/Documents/Source/SecStore/tests/Feature/LoginFlowTest.php" line="16" class="Tests\Feature\LoginFlowTest" classname="Tests.Feature.LoginFlowTest" assertions="6" time="0.000073"/>
        <testcase name="user_with_2fa_completes_full_flow" file="/Users/de63386/Documents/Source/SecStore/tests/Feature/LoginFlowTest.php" line="60" class="Tests\Feature\LoginFlowTest" classname="Tests.Feature.LoginFlowTest" assertions="5" time="0.000069"/>
        <testcase name="failed_login_tracks_attempts" file="/Users/de63386/Documents/Source/SecStore/tests/Feature/LoginFlowTest.php" line="101" class="Tests\Feature\LoginFlowTest" classname="Tests.Feature.LoginFlowTest" assertions="3" time="0.000066"/>
        <testcase name="account_locks_after_max_failed_attempts" file="/Users/de63386/Documents/Source/SecStore/tests/Feature/LoginFlowTest.php" line="119" class="Tests\Feature\LoginFlowTest" classname="Tests.Feature.LoginFlowTest" assertions="1" time="0.000063"/>
        <testcase name="session_expires_after_timeout" file="/Users/de63386/Documents/Source/SecStore/tests/Feature/LoginFlowTest.php" line="136" class="Tests\Feature\LoginFlowTest" classname="Tests.Feature.LoginFlowTest" assertions="2" time="0.000062"/>
        <testcase name="logout_clears_all_session_data" file="/Users/de63386/Documents/Source/SecStore/tests/Feature/LoginFlowTest.php" line="158" class="Tests\Feature\LoginFlowTest" classname="Tests.Feature.LoginFlowTest" assertions="4" time="0.000063"/>
      </testsuite>
    </testsuite>
  </testsuite>
</testsuites>
