<?xml version="1.0" encoding="UTF-8"?>
<testsuites>
  <testsuite name="/Users/de63386/Documents/Source/SecStore/phpunit.xml" tests="42" assertions="115" errors="0" failures="0" skipped="1" time="0.008043">
    <testsuite name="Unit" tests="24" assertions="67" errors="0" failures="0" skipped="0" time="0.006474">
      <testsuite name="Tests\Unit\RateLimiterTest" file="/Users/de63386/Documents/Source/SecStore/tests/Unit/RateLimiterTest.php" tests="15" assertions="53" errors="0" failures="0" skipped="0" time="0.002655">
        <testcase name="it_initializes_with_default_limits" file="/Users/de63386/Documents/Source/SecStore/tests/Unit/RateLimiterTest.php" line="53" class="Tests\Unit\RateLimiterTest" classname="Tests.Unit.RateLimiterTest" assertions="2" time="0.001279"/>
        <testcase name="it_accepts_custom_limits" file="/Users/de63386/Documents/Source/SecStore/tests/Unit/RateLimiterTest.php" line="63" class="Tests\Unit\RateLimiterTest" classname="Tests.Unit.RateLimiterTest" assertions="2" time="0.000139"/>
        <testcase name="it_allows_requests_within_limit" file="/Users/de63386/Documents/Source/SecStore/tests/Unit/RateLimiterTest.php" line="78" class="Tests\Unit\RateLimiterTest" classname="Tests.Unit.RateLimiterTest" assertions="5" time="0.000114"/>
        <testcase name="it_tracks_request_count_correctly" file="/Users/de63386/Documents/Source/SecStore/tests/Unit/RateLimiterTest.php" line="94" class="Tests\Unit\RateLimiterTest" classname="Tests.Unit.RateLimiterTest" assertions="2" time="0.000075"/>
        <testcase name="it_returns_correct_status_information" file="/Users/de63386/Documents/Source/SecStore/tests/Unit/RateLimiterTest.php" line="114" class="Tests\Unit\RateLimiterTest" classname="Tests.Unit.RateLimiterTest" assertions="11" time="0.000073"/>
        <testcase name="it_uses_global_limit_as_fallback" file="/Users/de63386/Documents/Source/SecStore/tests/Unit/RateLimiterTest.php" line="147" class="Tests\Unit\RateLimiterTest" classname="Tests.Unit.RateLimiterTest" assertions="1" time="0.000065"/>
        <testcase name="it_has_correct_default_limits" file="/Users/de63386/Documents/Source/SecStore/tests/Unit/RateLimiterTest.php" line="159" class="Tests\Unit\RateLimiterTest" classname="Tests.Unit.RateLimiterTest" assertions="6" time="0.000070"/>
        <testcase name="it_stores_requests_in_session" file="/Users/de63386/Documents/Source/SecStore/tests/Unit/RateLimiterTest.php" line="178" class="Tests\Unit\RateLimiterTest" classname="Tests.Unit.RateLimiterTest" assertions="5" time="0.000129"/>
        <testcase name="it_maintains_separate_limits_for_different_types" file="/Users/de63386/Documents/Source/SecStore/tests/Unit/RateLimiterTest.php" line="206" class="Tests\Unit\RateLimiterTest" classname="Tests.Unit.RateLimiterTest" assertions="3" time="0.000078"/>
        <testcase name="it_handles_zero_requests_correctly" file="/Users/de63386/Documents/Source/SecStore/tests/Unit/RateLimiterTest.php" line="230" class="Tests\Unit\RateLimiterTest" classname="Tests.Unit.RateLimiterTest" assertions="2" time="0.000071"/>
        <testcase name="it_calculates_remaining_requests_correctly" file="/Users/de63386/Documents/Source/SecStore/tests/Unit/RateLimiterTest.php" line="245" class="Tests\Unit\RateLimiterTest" classname="Tests.Unit.RateLimiterTest" assertions="4" time="0.000098"/>
        <testcase name="it_generates_consistent_identifier_for_same_client" file="/Users/de63386/Documents/Source/SecStore/tests/Unit/RateLimiterTest.php" line="280" class="Tests\Unit\RateLimiterTest" classname="Tests.Unit.RateLimiterTest" assertions="1" time="0.000074"/>
        <testcase name="it_handles_missing_user_agent_gracefully" file="/Users/de63386/Documents/Source/SecStore/tests/Unit/RateLimiterTest.php" line="299" class="Tests\Unit\RateLimiterTest" classname="Tests.Unit.RateLimiterTest" assertions="1" time="0.000069"/>
        <testcase name="it_provides_window_reset_timestamp" file="/Users/de63386/Documents/Source/SecStore/tests/Unit/RateLimiterTest.php" line="310" class="Tests\Unit\RateLimiterTest" classname="Tests.Unit.RateLimiterTest" assertions="5" time="0.000247"/>
        <testcase name="it_handles_concurrent_limit_types" file="/Users/de63386/Documents/Source/SecStore/tests/Unit/RateLimiterTest.php" line="329" class="Tests\Unit\RateLimiterTest" classname="Tests.Unit.RateLimiterTest" assertions="3" time="0.000074"/>
      </testsuite>
      <testsuite name="Tests\Unit\SessionUtilTest" file="/Users/de63386/Documents/Source/SecStore/tests/Unit/SessionUtilTest.php" tests="9" assertions="14" errors="0" failures="0" skipped="0" time="0.003819">
        <testcase name="it_can_set_and_get_session_value" file="/Users/de63386/Documents/Source/SecStore/tests/Unit/SessionUtilTest.php" line="41" class="Tests\Unit\SessionUtilTest" classname="Tests.Unit.SessionUtilTest" assertions="1" time="0.000396"/>
        <testcase name="it_returns_null_for_nonexistent_key" file="/Users/de63386/Documents/Source/SecStore/tests/Unit/SessionUtilTest.php" line="49" class="Tests\Unit\SessionUtilTest" classname="Tests.Unit.SessionUtilTest" assertions="1" time="0.000120"/>
        <testcase name="it_can_remove_session_value" file="/Users/de63386/Documents/Source/SecStore/tests/Unit/SessionUtilTest.php" line="55" class="Tests\Unit\SessionUtilTest" classname="Tests.Unit.SessionUtilTest" assertions="1" time="0.000097"/>
        <testcase name="it_can_check_if_key_exists" file="/Users/de63386/Documents/Source/SecStore/tests/Unit/SessionUtilTest.php" line="64" class="Tests\Unit\SessionUtilTest" classname="Tests.Unit.SessionUtilTest" assertions="2" time="0.000114"/>
        <testcase name="it_can_destroy_session" file="/Users/de63386/Documents/Source/SecStore/tests/Unit/SessionUtilTest.php" line="73" class="Tests\Unit\SessionUtilTest" classname="Tests.Unit.SessionUtilTest" assertions="1" time="0.000119"/>
        <testcase name="it_generates_unique_csrf_tokens" file="/Users/de63386/Documents/Source/SecStore/tests/Unit/SessionUtilTest.php" line="82" class="Tests\Unit\SessionUtilTest" classname="Tests.Unit.SessionUtilTest" assertions="2" time="0.002687"/>
        <testcase name="it_validates_csrf_tokens_correctly" file="/Users/de63386/Documents/Source/SecStore/tests/Unit/SessionUtilTest.php" line="102" class="Tests\Unit\SessionUtilTest" classname="Tests.Unit.SessionUtilTest" assertions="2" time="0.000149"/>
        <testcase name="it_stores_user_in_session" file="/Users/de63386/Documents/Source/SecStore/tests/Unit/SessionUtilTest.php" line="120" class="Tests\Unit\SessionUtilTest" classname="Tests.Unit.SessionUtilTest" assertions="2" time="0.000070"/>
        <testcase name="it_handles_session_timeout_calculation" file="/Users/de63386/Documents/Source/SecStore/tests/Unit/SessionUtilTest.php" line="136" class="Tests\Unit\SessionUtilTest" classname="Tests.Unit.SessionUtilTest" assertions="2" time="0.000067"/>
      </testsuite>
    </testsuite>
    <testsuite name="Integration" tests="12" assertions="27" errors="0" failures="0" skipped="1" time="0.001102">
      <testsuite name="Tests\Integration\AuthenticationTest" file="/Users/de63386/Documents/Source/SecStore/tests/Integration/AuthenticationTest.php" tests="12" assertions="27" errors="0" failures="0" skipped="1" time="0.001102">
        <testcase name="it_validates_login_credentials" file="/Users/de63386/Documents/Source/SecStore/tests/Integration/AuthenticationTest.php" line="18" class="Tests\Integration\AuthenticationTest" classname="Tests.Integration.AuthenticationTest" assertions="3" time="0.000170"/>
        <testcase name="it_rejects_empty_credentials" file="/Users/de63386/Documents/Source/SecStore/tests/Integration/AuthenticationTest.php" line="33" class="Tests\Integration\AuthenticationTest" classname="Tests.Integration.AuthenticationTest" assertions="2" time="0.000069"/>
        <testcase name="it_validates_password_complexity" file="/Users/de63386/Documents/Source/SecStore/tests/Integration/AuthenticationTest.php" line="43" class="Tests\Integration\AuthenticationTest" classname="Tests.Integration.AuthenticationTest" assertions="9" time="0.000121"/>
        <testcase name="it_creates_session_on_successful_login" file="/Users/de63386/Documents/Source/SecStore/tests/Integration/AuthenticationTest.php" line="60" class="Tests\Integration\AuthenticationTest" classname="Tests.Integration.AuthenticationTest" assertions="3" time="0.000071"/>
        <testcase name="it_destroys_session_on_logout" file="/Users/de63386/Documents/Source/SecStore/tests/Integration/AuthenticationTest.php" line="87" class="Tests\Integration\AuthenticationTest" classname="Tests.Integration.AuthenticationTest" assertions="1" time="0.000064"/>
        <testcase name="it_regenerates_session_id_on_login" file="/Users/de63386/Documents/Source/SecStore/tests/Integration/AuthenticationTest.php" line="101" class="Tests\Integration\AuthenticationTest" classname="Tests.Integration.AuthenticationTest" assertions="0" time="0.000211">
          <skipped/>
        </testcase>
        <testcase name="it_tracks_failed_login_attempts" file="/Users/de63386/Documents/Source/SecStore/tests/Integration/AuthenticationTest.php" line="123" class="Tests\Integration\AuthenticationTest" classname="Tests.Integration.AuthenticationTest" assertions="1" time="0.000065"/>
        <testcase name="it_enforces_account_lockout_after_max_attempts" file="/Users/de63386/Documents/Source/SecStore/tests/Integration/AuthenticationTest.php" line="141" class="Tests\Integration\AuthenticationTest" classname="Tests.Integration.AuthenticationTest" assertions="1" time="0.000065"/>
        <testcase name="it_resets_failed_attempts_on_successful_login" file="/Users/de63386/Documents/Source/SecStore/tests/Integration/AuthenticationTest.php" line="159" class="Tests\Integration\AuthenticationTest" classname="Tests.Integration.AuthenticationTest" assertions="1" time="0.000065"/>
        <testcase name="it_validates_session_timeout" file="/Users/de63386/Documents/Source/SecStore/tests/Integration/AuthenticationTest.php" line="172" class="Tests\Integration\AuthenticationTest" classname="Tests.Integration.AuthenticationTest" assertions="1" time="0.000064"/>
        <testcase name="it_handles_2fa_flow" file="/Users/de63386/Documents/Source/SecStore/tests/Integration/AuthenticationTest.php" line="183" class="Tests\Integration\AuthenticationTest" classname="Tests.Integration.AuthenticationTest" assertions="3" time="0.000069"/>
        <testcase name="it_completes_2fa_verification" file="/Users/de63386/Documents/Source/SecStore/tests/Integration/AuthenticationTest.php" line="200" class="Tests\Integration\AuthenticationTest" classname="Tests.Integration.AuthenticationTest" assertions="2" time="0.000066"/>
      </testsuite>
    </testsuite>
    <testsuite name="Feature" tests="6" assertions="21" errors="0" failures="0" skipped="0" time="0.000467">
      <testsuite name="Tests\Feature\LoginFlowTest" file="/Users/de63386/Documents/Source/SecStore/tests/Feature/LoginFlowTest.php" tests="6" assertions="21" errors="0" failures="0" skipped="0" time="0.000467">
        <testcase name="user_can_complete_full_login_flow" file="/Users/de63386/Documents/Source/SecStore/tests/Feature/LoginFlowTest.php" line="16" class="Tests\Feature\LoginFlowTest" classname="Tests.Feature.LoginFlowTest" assertions="6" time="0.000112"/>
        <testcase name="user_with_2fa_completes_full_flow" file="/Users/de63386/Documents/Source/SecStore/tests/Feature/LoginFlowTest.php" line="60" class="Tests\Feature\LoginFlowTest" classname="Tests.Feature.LoginFlowTest" assertions="5" time="0.000082"/>
        <testcase name="failed_login_tracks_attempts" file="/Users/de63386/Documents/Source/SecStore/tests/Feature/LoginFlowTest.php" line="101" class="Tests\Feature\LoginFlowTest" classname="Tests.Feature.LoginFlowTest" assertions="3" time="0.000072"/>
        <testcase name="account_locks_after_max_failed_attempts" file="/Users/de63386/Documents/Source/SecStore/tests/Feature/LoginFlowTest.php" line="119" class="Tests\Feature\LoginFlowTest" classname="Tests.Feature.LoginFlowTest" assertions="1" time="0.000069"/>
        <testcase name="session_expires_after_timeout" file="/Users/de63386/Documents/Source/SecStore/tests/Feature/LoginFlowTest.php" line="136" class="Tests\Feature\LoginFlowTest" classname="Tests.Feature.LoginFlowTest" assertions="2" time="0.000066"/>
        <testcase name="logout_clears_all_session_data" file="/Users/de63386/Documents/Source/SecStore/tests/Feature/LoginFlowTest.php" line="158" class="Tests\Feature\LoginFlowTest" classname="Tests.Feature.LoginFlowTest" assertions="4" time="0.000068"/>
      </testsuite>
    </testsuite>
  </testsuite>
</testsuites>
