<?xml version="1.0" encoding="UTF-8"?>
<testsuites>
  <testsuite name="/Users/de63386/Documents/Source/SecStore/phpunit.xml" tests="75" assertions="190" errors="0" failures="0" skipped="1" time="0.013648">
    <testsuite name="Unit" tests="57" assertions="142" errors="0" failures="0" skipped="0" time="0.012156">
      <testsuite name="Tests\Unit\RateLimiterTest" file="/Users/de63386/Documents/Source/SecStore/tests/Unit/RateLimiterTest.php" tests="15" assertions="53" errors="0" failures="0" skipped="0" time="0.002648">
        <testcase name="it_initializes_with_default_limits" file="/Users/de63386/Documents/Source/SecStore/tests/Unit/RateLimiterTest.php" line="53" class="Tests\Unit\RateLimiterTest" classname="Tests.Unit.RateLimiterTest" assertions="2" time="0.001249"/>
        <testcase name="it_accepts_custom_limits" file="/Users/de63386/Documents/Source/SecStore/tests/Unit/RateLimiterTest.php" line="63" class="Tests\Unit\RateLimiterTest" classname="Tests.Unit.RateLimiterTest" assertions="2" time="0.000147"/>
        <testcase name="it_allows_requests_within_limit" file="/Users/de63386/Documents/Source/SecStore/tests/Unit/RateLimiterTest.php" line="78" class="Tests\Unit\RateLimiterTest" classname="Tests.Unit.RateLimiterTest" assertions="5" time="0.000117"/>
        <testcase name="it_tracks_request_count_correctly" file="/Users/de63386/Documents/Source/SecStore/tests/Unit/RateLimiterTest.php" line="94" class="Tests\Unit\RateLimiterTest" classname="Tests.Unit.RateLimiterTest" assertions="2" time="0.000073"/>
        <testcase name="it_returns_correct_status_information" file="/Users/de63386/Documents/Source/SecStore/tests/Unit/RateLimiterTest.php" line="114" class="Tests\Unit\RateLimiterTest" classname="Tests.Unit.RateLimiterTest" assertions="11" time="0.000075"/>
        <testcase name="it_uses_global_limit_as_fallback" file="/Users/de63386/Documents/Source/SecStore/tests/Unit/RateLimiterTest.php" line="147" class="Tests\Unit\RateLimiterTest" classname="Tests.Unit.RateLimiterTest" assertions="1" time="0.000081"/>
        <testcase name="it_has_correct_default_limits" file="/Users/de63386/Documents/Source/SecStore/tests/Unit/RateLimiterTest.php" line="159" class="Tests\Unit\RateLimiterTest" classname="Tests.Unit.RateLimiterTest" assertions="6" time="0.000073"/>
        <testcase name="it_stores_requests_in_session" file="/Users/de63386/Documents/Source/SecStore/tests/Unit/RateLimiterTest.php" line="178" class="Tests\Unit\RateLimiterTest" classname="Tests.Unit.RateLimiterTest" assertions="5" time="0.000125"/>
        <testcase name="it_maintains_separate_limits_for_different_types" file="/Users/de63386/Documents/Source/SecStore/tests/Unit/RateLimiterTest.php" line="206" class="Tests\Unit\RateLimiterTest" classname="Tests.Unit.RateLimiterTest" assertions="3" time="0.000072"/>
        <testcase name="it_handles_zero_requests_correctly" file="/Users/de63386/Documents/Source/SecStore/tests/Unit/RateLimiterTest.php" line="230" class="Tests\Unit\RateLimiterTest" classname="Tests.Unit.RateLimiterTest" assertions="2" time="0.000074"/>
        <testcase name="it_calculates_remaining_requests_correctly" file="/Users/de63386/Documents/Source/SecStore/tests/Unit/RateLimiterTest.php" line="245" class="Tests\Unit\RateLimiterTest" classname="Tests.Unit.RateLimiterTest" assertions="4" time="0.000099"/>
        <testcase name="it_generates_consistent_identifier_for_same_client" file="/Users/de63386/Documents/Source/SecStore/tests/Unit/RateLimiterTest.php" line="280" class="Tests\Unit\RateLimiterTest" classname="Tests.Unit.RateLimiterTest" assertions="1" time="0.000072"/>
        <testcase name="it_handles_missing_user_agent_gracefully" file="/Users/de63386/Documents/Source/SecStore/tests/Unit/RateLimiterTest.php" line="299" class="Tests\Unit\RateLimiterTest" classname="Tests.Unit.RateLimiterTest" assertions="1" time="0.000067"/>
        <testcase name="it_provides_window_reset_timestamp" file="/Users/de63386/Documents/Source/SecStore/tests/Unit/RateLimiterTest.php" line="310" class="Tests\Unit\RateLimiterTest" classname="Tests.Unit.RateLimiterTest" assertions="5" time="0.000236"/>
        <testcase name="it_handles_concurrent_limit_types" file="/Users/de63386/Documents/Source/SecStore/tests/Unit/RateLimiterTest.php" line="329" class="Tests\Unit\RateLimiterTest" classname="Tests.Unit.RateLimiterTest" assertions="3" time="0.000086"/>
      </testsuite>
      <testsuite name="Tests\Unit\SessionUtilTest" file="/Users/de63386/Documents/Source/SecStore/tests/Unit/SessionUtilTest.php" tests="9" assertions="14" errors="0" failures="0" skipped="0" time="0.001205">
        <testcase name="it_can_set_and_get_session_value" file="/Users/de63386/Documents/Source/SecStore/tests/Unit/SessionUtilTest.php" line="41" class="Tests\Unit\SessionUtilTest" classname="Tests.Unit.SessionUtilTest" assertions="1" time="0.000256"/>
        <testcase name="it_returns_null_for_nonexistent_key" file="/Users/de63386/Documents/Source/SecStore/tests/Unit/SessionUtilTest.php" line="49" class="Tests\Unit\SessionUtilTest" classname="Tests.Unit.SessionUtilTest" assertions="1" time="0.000102"/>
        <testcase name="it_can_remove_session_value" file="/Users/de63386/Documents/Source/SecStore/tests/Unit/SessionUtilTest.php" line="55" class="Tests\Unit\SessionUtilTest" classname="Tests.Unit.SessionUtilTest" assertions="1" time="0.000070"/>
        <testcase name="it_can_check_if_key_exists" file="/Users/de63386/Documents/Source/SecStore/tests/Unit/SessionUtilTest.php" line="64" class="Tests\Unit\SessionUtilTest" classname="Tests.Unit.SessionUtilTest" assertions="2" time="0.000087"/>
        <testcase name="it_can_destroy_session" file="/Users/de63386/Documents/Source/SecStore/tests/Unit/SessionUtilTest.php" line="73" class="Tests\Unit\SessionUtilTest" classname="Tests.Unit.SessionUtilTest" assertions="1" time="0.000095"/>
        <testcase name="it_generates_unique_csrf_tokens" file="/Users/de63386/Documents/Source/SecStore/tests/Unit/SessionUtilTest.php" line="82" class="Tests\Unit\SessionUtilTest" classname="Tests.Unit.SessionUtilTest" assertions="2" time="0.000391"/>
        <testcase name="it_validates_csrf_tokens_correctly" file="/Users/de63386/Documents/Source/SecStore/tests/Unit/SessionUtilTest.php" line="98" class="Tests\Unit\SessionUtilTest" classname="Tests.Unit.SessionUtilTest" assertions="2" time="0.000072"/>
        <testcase name="it_stores_user_in_session" file="/Users/de63386/Documents/Source/SecStore/tests/Unit/SessionUtilTest.php" line="110" class="Tests\Unit\SessionUtilTest" classname="Tests.Unit.SessionUtilTest" assertions="2" time="0.000064"/>
        <testcase name="it_handles_session_timeout_calculation" file="/Users/de63386/Documents/Source/SecStore/tests/Unit/SessionUtilTest.php" line="126" class="Tests\Unit\SessionUtilTest" classname="Tests.Unit.SessionUtilTest" assertions="2" time="0.000068"/>
      </testsuite>
      <testsuite name="Tests\Unit\TranslationUtilTest" file="/Users/de63386/Documents/Source/SecStore/tests/Unit/TranslationUtilTest.php" tests="33" assertions="75" errors="0" failures="0" skipped="0" time="0.008303">
        <testcase name="it_initializes_with_default_language" file="/Users/de63386/Documents/Source/SecStore/tests/Unit/TranslationUtilTest.php" line="82" class="Tests\Unit\TranslationUtilTest" classname="Tests.Unit.TranslationUtilTest" assertions="1" time="0.001758"/>
        <testcase name="it_initializes_with_provided_language" file="/Users/de63386/Documents/Source/SecStore/tests/Unit/TranslationUtilTest.php" line="95" class="Tests\Unit\TranslationUtilTest" classname="Tests.Unit.TranslationUtilTest" assertions="1" time="0.000209"/>
        <testcase name="it_initializes_with_language_from_cookie" file="/Users/de63386/Documents/Source/SecStore/tests/Unit/TranslationUtilTest.php" line="105" class="Tests\Unit\TranslationUtilTest" classname="Tests.Unit.TranslationUtilTest" assertions="1" time="0.000186"/>
        <testcase name="it_prioritizes_parameter_over_cookie" file="/Users/de63386/Documents/Source/SecStore/tests/Unit/TranslationUtilTest.php" line="118" class="Tests\Unit\TranslationUtilTest" classname="Tests.Unit.TranslationUtilTest" assertions="1" time="0.000180"/>
        <testcase name="it_prioritizes_cookie_over_browser_language" file="/Users/de63386/Documents/Source/SecStore/tests/Unit/TranslationUtilTest.php" line="131" class="Tests\Unit\TranslationUtilTest" classname="Tests.Unit.TranslationUtilTest" assertions="1" time="0.000199"/>
        <testcase name="it_sets_language_successfully" file="/Users/de63386/Documents/Source/SecStore/tests/Unit/TranslationUtilTest.php" line="149" class="Tests\Unit\TranslationUtilTest" classname="Tests.Unit.TranslationUtilTest" assertions="1" time="0.000188"/>
        <testcase name="it_loads_translation_file_when_setting_language" file="/Users/de63386/Documents/Source/SecStore/tests/Unit/TranslationUtilTest.php" line="159" class="Tests\Unit\TranslationUtilTest" classname="Tests.Unit.TranslationUtilTest" assertions="3" time="0.000197"/>
        <testcase name="it_does_not_change_language_for_nonexistent_file" file="/Users/de63386/Documents/Source/SecStore/tests/Unit/TranslationUtilTest.php" line="172" class="Tests\Unit\TranslationUtilTest" classname="Tests.Unit.TranslationUtilTest" assertions="1" time="0.000185"/>
        <testcase name="it_changes_language_and_loads_new_translations" file="/Users/de63386/Documents/Source/SecStore/tests/Unit/TranslationUtilTest.php" line="185" class="Tests\Unit\TranslationUtilTest" classname="Tests.Unit.TranslationUtilTest" assertions="5" time="0.000311"/>
        <testcase name="it_translates_existing_key" file="/Users/de63386/Documents/Source/SecStore/tests/Unit/TranslationUtilTest.php" line="208" class="Tests\Unit\TranslationUtilTest" classname="Tests.Unit.TranslationUtilTest" assertions="2" time="0.000273"/>
        <testcase name="it_returns_key_for_missing_translation" file="/Users/de63386/Documents/Source/SecStore/tests/Unit/TranslationUtilTest.php" line="222" class="Tests\Unit\TranslationUtilTest" classname="Tests.Unit.TranslationUtilTest" assertions="1" time="0.000232"/>
        <testcase name="it_translates_multiple_keys" file="/Users/de63386/Documents/Source/SecStore/tests/Unit/TranslationUtilTest.php" line="235" class="Tests\Unit\TranslationUtilTest" classname="Tests.Unit.TranslationUtilTest" assertions="4" time="0.000221"/>
        <testcase name="it_handles_empty_key" file="/Users/de63386/Documents/Source/SecStore/tests/Unit/TranslationUtilTest.php" line="252" class="Tests\Unit\TranslationUtilTest" classname="Tests.Unit.TranslationUtilTest" assertions="1" time="0.000201"/>
        <testcase name="it_detects_english_from_browser" file="/Users/de63386/Documents/Source/SecStore/tests/Unit/TranslationUtilTest.php" line="269" class="Tests\Unit\TranslationUtilTest" classname="Tests.Unit.TranslationUtilTest" assertions="1" time="0.000186"/>
        <testcase name="it_detects_german_from_browser" file="/Users/de63386/Documents/Source/SecStore/tests/Unit/TranslationUtilTest.php" line="282" class="Tests\Unit\TranslationUtilTest" classname="Tests.Unit.TranslationUtilTest" assertions="1" time="0.000161"/>
        <testcase name="it_falls_back_to_english_for_unsupported_language" file="/Users/de63386/Documents/Source/SecStore/tests/Unit/TranslationUtilTest.php" line="295" class="Tests\Unit\TranslationUtilTest" classname="Tests.Unit.TranslationUtilTest" assertions="1" time="0.000162"/>
        <testcase name="it_handles_missing_accept_language_header" file="/Users/de63386/Documents/Source/SecStore/tests/Unit/TranslationUtilTest.php" line="308" class="Tests\Unit\TranslationUtilTest" classname="Tests.Unit.TranslationUtilTest" assertions="1" time="0.000170"/>
        <testcase name="it_handles_malformed_accept_language_header" file="/Users/de63386/Documents/Source/SecStore/tests/Unit/TranslationUtilTest.php" line="321" class="Tests\Unit\TranslationUtilTest" classname="Tests.Unit.TranslationUtilTest" assertions="1" time="0.000169"/>
        <testcase name="it_only_accepts_supported_languages" file="/Users/de63386/Documents/Source/SecStore/tests/Unit/TranslationUtilTest.php" line="338" class="Tests\Unit\TranslationUtilTest" classname="Tests.Unit.TranslationUtilTest" assertions="2" time="0.000268"/>
        <testcase name="it_ignores_unsupported_language_codes" file="/Users/de63386/Documents/Source/SecStore/tests/Unit/TranslationUtilTest.php" line="354" class="Tests\Unit\TranslationUtilTest" classname="Tests.Unit.TranslationUtilTest" assertions="5" time="0.000157"/>
        <testcase name="it_preserves_translations_across_multiple_calls" file="/Users/de63386/Documents/Source/SecStore/tests/Unit/TranslationUtilTest.php" line="376" class="Tests\Unit\TranslationUtilTest" classname="Tests.Unit.TranslationUtilTest" assertions="2" time="0.000171"/>
        <testcase name="it_handles_translation_with_special_characters" file="/Users/de63386/Documents/Source/SecStore/tests/Unit/TranslationUtilTest.php" line="392" class="Tests\Unit\TranslationUtilTest" classname="Tests.Unit.TranslationUtilTest" assertions="2" time="0.000158"/>
        <testcase name="it_maintains_state_after_multiple_initializations" file="/Users/de63386/Documents/Source/SecStore/tests/Unit/TranslationUtilTest.php" line="406" class="Tests\Unit\TranslationUtilTest" classname="Tests.Unit.TranslationUtilTest" assertions="2" time="0.000270"/>
        <testcase name="it_returns_consistent_language_code" file="/Users/de63386/Documents/Source/SecStore/tests/Unit/TranslationUtilTest.php" line="421" class="Tests\Unit\TranslationUtilTest" classname="Tests.Unit.TranslationUtilTest" assertions="2" time="0.000162"/>
        <testcase name="it_switches_language_successfully" file="/Users/de63386/Documents/Source/SecStore/tests/Unit/TranslationUtilTest.php" line="440" class="Tests\Unit\TranslationUtilTest" classname="Tests.Unit.TranslationUtilTest" assertions="3" time="0.000286"/>
        <testcase name="it_switches_language_multiple_times" file="/Users/de63386/Documents/Source/SecStore/tests/Unit/TranslationUtilTest.php" line="457" class="Tests\Unit\TranslationUtilTest" classname="Tests.Unit.TranslationUtilTest" assertions="3" time="0.000360"/>
        <testcase name="it_clears_previous_translations_on_language_switch" file="/Users/de63386/Documents/Source/SecStore/tests/Unit/TranslationUtilTest.php" line="471" class="Tests\Unit\TranslationUtilTest" classname="Tests.Unit.TranslationUtilTest" assertions="3" time="0.000261"/>
        <testcase name="it_respects_cookie_language_preference" file="/Users/de63386/Documents/Source/SecStore/tests/Unit/TranslationUtilTest.php" line="492" class="Tests\Unit\TranslationUtilTest" classname="Tests.Unit.TranslationUtilTest" assertions="1" time="0.000160"/>
        <testcase name="it_ignores_invalid_cookie_language" file="/Users/de63386/Documents/Source/SecStore/tests/Unit/TranslationUtilTest.php" line="506" class="Tests\Unit\TranslationUtilTest" classname="Tests.Unit.TranslationUtilTest" assertions="1" time="0.000060"/>
        <testcase name="it_provides_full_translation_workflow" file="/Users/de63386/Documents/Source/SecStore/tests/Unit/TranslationUtilTest.php" line="524" class="Tests\Unit\TranslationUtilTest" classname="Tests.Unit.TranslationUtilTest" assertions="7" time="0.000277"/>
        <testcase name="it_handles_missing_translation_gracefully" file="/Users/de63386/Documents/Source/SecStore/tests/Unit/TranslationUtilTest.php" line="550" class="Tests\Unit\TranslationUtilTest" classname="Tests.Unit.TranslationUtilTest" assertions="3" time="0.000194"/>
        <testcase name="it_loads_translations_into_memory" file="/Users/de63386/Documents/Source/SecStore/tests/Unit/TranslationUtilTest.php" line="567" class="Tests\Unit\TranslationUtilTest" classname="Tests.Unit.TranslationUtilTest" assertions="3" time="0.000164"/>
        <testcase name="it_supports_hierarchical_translation_keys" file="/Users/de63386/Documents/Source/SecStore/tests/Unit/TranslationUtilTest.php" line="580" class="Tests\Unit\TranslationUtilTest" classname="Tests.Unit.TranslationUtilTest" assertions="8" time="0.000166"/>
      </testsuite>
    </testsuite>
    <testsuite name="Integration" tests="12" assertions="27" errors="0" failures="0" skipped="1" time="0.001062">
      <testsuite name="Tests\Integration\AuthenticationTest" file="/Users/de63386/Documents/Source/SecStore/tests/Integration/AuthenticationTest.php" tests="12" assertions="27" errors="0" failures="0" skipped="1" time="0.001062">
        <testcase name="it_validates_login_credentials" file="/Users/de63386/Documents/Source/SecStore/tests/Integration/AuthenticationTest.php" line="18" class="Tests\Integration\AuthenticationTest" classname="Tests.Integration.AuthenticationTest" assertions="3" time="0.000082"/>
        <testcase name="it_rejects_empty_credentials" file="/Users/de63386/Documents/Source/SecStore/tests/Integration/AuthenticationTest.php" line="33" class="Tests\Integration\AuthenticationTest" classname="Tests.Integration.AuthenticationTest" assertions="2" time="0.000065"/>
        <testcase name="it_validates_password_complexity" file="/Users/de63386/Documents/Source/SecStore/tests/Integration/AuthenticationTest.php" line="43" class="Tests\Integration\AuthenticationTest" classname="Tests.Integration.AuthenticationTest" assertions="9" time="0.000162"/>
        <testcase name="it_creates_session_on_successful_login" file="/Users/de63386/Documents/Source/SecStore/tests/Integration/AuthenticationTest.php" line="60" class="Tests\Integration\AuthenticationTest" classname="Tests.Integration.AuthenticationTest" assertions="3" time="0.000065"/>
        <testcase name="it_destroys_session_on_logout" file="/Users/de63386/Documents/Source/SecStore/tests/Integration/AuthenticationTest.php" line="87" class="Tests\Integration\AuthenticationTest" classname="Tests.Integration.AuthenticationTest" assertions="1" time="0.000059"/>
        <testcase name="it_regenerates_session_id_on_login" file="/Users/de63386/Documents/Source/SecStore/tests/Integration/AuthenticationTest.php" line="101" class="Tests\Integration\AuthenticationTest" classname="Tests.Integration.AuthenticationTest" assertions="0" time="0.000227">
          <skipped/>
        </testcase>
        <testcase name="it_tracks_failed_login_attempts" file="/Users/de63386/Documents/Source/SecStore/tests/Integration/AuthenticationTest.php" line="109" class="Tests\Integration\AuthenticationTest" classname="Tests.Integration.AuthenticationTest" assertions="1" time="0.000072"/>
        <testcase name="it_enforces_account_lockout_after_max_attempts" file="/Users/de63386/Documents/Source/SecStore/tests/Integration/AuthenticationTest.php" line="127" class="Tests\Integration\AuthenticationTest" classname="Tests.Integration.AuthenticationTest" assertions="1" time="0.000063"/>
        <testcase name="it_resets_failed_attempts_on_successful_login" file="/Users/de63386/Documents/Source/SecStore/tests/Integration/AuthenticationTest.php" line="145" class="Tests\Integration\AuthenticationTest" classname="Tests.Integration.AuthenticationTest" assertions="1" time="0.000075"/>
        <testcase name="it_validates_session_timeout" file="/Users/de63386/Documents/Source/SecStore/tests/Integration/AuthenticationTest.php" line="158" class="Tests\Integration\AuthenticationTest" classname="Tests.Integration.AuthenticationTest" assertions="1" time="0.000072"/>
        <testcase name="it_handles_2fa_flow" file="/Users/de63386/Documents/Source/SecStore/tests/Integration/AuthenticationTest.php" line="169" class="Tests\Integration\AuthenticationTest" classname="Tests.Integration.AuthenticationTest" assertions="3" time="0.000063"/>
        <testcase name="it_completes_2fa_verification" file="/Users/de63386/Documents/Source/SecStore/tests/Integration/AuthenticationTest.php" line="186" class="Tests\Integration\AuthenticationTest" classname="Tests.Integration.AuthenticationTest" assertions="2" time="0.000057"/>
      </testsuite>
    </testsuite>
    <testsuite name="Feature" tests="6" assertions="21" errors="0" failures="0" skipped="0" time="0.000429">
      <testsuite name="Tests\Feature\LoginFlowTest" file="/Users/de63386/Documents/Source/SecStore/tests/Feature/LoginFlowTest.php" tests="6" assertions="21" errors="0" failures="0" skipped="0" time="0.000429">
        <testcase name="user_can_complete_full_login_flow" file="/Users/de63386/Documents/Source/SecStore/tests/Feature/LoginFlowTest.php" line="16" class="Tests\Feature\LoginFlowTest" classname="Tests.Feature.LoginFlowTest" assertions="6" time="0.000081"/>
        <testcase name="user_with_2fa_completes_full_flow" file="/Users/de63386/Documents/Source/SecStore/tests/Feature/LoginFlowTest.php" line="60" class="Tests\Feature\LoginFlowTest" classname="Tests.Feature.LoginFlowTest" assertions="5" time="0.000096"/>
        <testcase name="failed_login_tracks_attempts" file="/Users/de63386/Documents/Source/SecStore/tests/Feature/LoginFlowTest.php" line="101" class="Tests\Feature\LoginFlowTest" classname="Tests.Feature.LoginFlowTest" assertions="3" time="0.000078"/>
        <testcase name="account_locks_after_max_failed_attempts" file="/Users/de63386/Documents/Source/SecStore/tests/Feature/LoginFlowTest.php" line="119" class="Tests\Feature\LoginFlowTest" classname="Tests.Feature.LoginFlowTest" assertions="1" time="0.000057"/>
        <testcase name="session_expires_after_timeout" file="/Users/de63386/Documents/Source/SecStore/tests/Feature/LoginFlowTest.php" line="136" class="Tests\Feature\LoginFlowTest" classname="Tests.Feature.LoginFlowTest" assertions="2" time="0.000060"/>
        <testcase name="logout_clears_all_session_data" file="/Users/de63386/Documents/Source/SecStore/tests/Feature/LoginFlowTest.php" line="158" class="Tests\Feature\LoginFlowTest" classname="Tests.Feature.LoginFlowTest" assertions="4" time="0.000058"/>
      </testsuite>
    </testsuite>
  </testsuite>
</testsuites>
